{"target": 0.26666666666666666, "params": {"n_clusters": 14.502132028215444, "sim_thresh": 0.5160973480326474, "step_size": 10.005718740867245, "window_size": 59.30323444213917}, "datetime": {"datetime": "2020-04-28 18:28:16", "elapsed": 0.0, "delta": 0.0}}
{"target": 0.26666666666666666, "params": {"n_clusters": 12.046319135904726, "sim_thresh": 0.34855828026380886, "step_size": 45.46845170849992, "window_size": 119.41579166890813}, "datetime": {"datetime": "2020-04-28 18:28:18", "elapsed": 2.373655, "delta": 2.373655}}
{"target": 0.0, "params": {"n_clusters": 12.0719020860893, "sim_thresh": 0.47466965387534155, "step_size": 59.85126946516418, "window_size": 20.531232414512715}, "datetime": {"datetime": "2020-04-28 18:28:21", "elapsed": 4.749306, "delta": 2.375651}}
{"target": 0.3333333333333333, "params": {"n_clusters": 14.167625818865279, "sim_thresh": 0.5343648845489362, "step_size": 47.36181232026185, "window_size": 119.78541907943188}, "datetime": {"datetime": "2020-04-28 18:28:23", "elapsed": 6.939449, "delta": 2.190143}}
{"target": 0.0, "params": {"n_clusters": 18.0, "sim_thresh": 0.6, "step_size": 10.0, "window_size": 150.0}, "datetime": {"datetime": "2020-04-28 18:28:25", "elapsed": 9.564431, "delta": 2.624982}}
{"target": 0.4666666666666667, "params": {"n_clusters": 18.0, "sim_thresh": 0.6, "step_size": 60.0, "window_size": 150.0}, "datetime": {"datetime": "2020-04-28 18:28:28", "elapsed": 12.216342, "delta": 2.651911}}
{"target": 0.0, "params": {"n_clusters": 18.0, "sim_thresh": 0.6, "step_size": 60.0, "window_size": 76.69022776739587}, "datetime": {"datetime": "2020-04-28 18:28:31", "elapsed": 15.074702, "delta": 2.85836}}
