{"target": 0.0, "params": {"alpha": 1e-05, "chunksize": 100.0, "eta": 0.005, "minimum_probability": 0.0, "n_clusters": 10.0, "passes": 6.0, "sim_thresh": 0.4, "step_size": 20.0, "window_size": 60.0}, "datetime": {"datetime": "2020-04-29 15:55:35", "elapsed": 0.0, "delta": 0.0}}
{"target": 0.0, "params": {"alpha": 0.0005833950173021285, "chunksize": 88.81297973768632, "eta": 0.004999485313321948, "minimum_probability": 0.0, "n_clusters": 12.880535344902679, "passes": 5.184677189537595, "sim_thresh": 0.35587806341330125, "step_size": 27.278036352152387, "window_size": 71.5797716499871}, "datetime": {"datetime": "2020-04-29 15:55:38", "elapsed": 2.616007, "delta": 2.616007}}
{"target": 0.0, "params": {"alpha": 0.001, "chunksize": 64.51667336018954, "eta": 0.005, "minimum_probability": 0.0, "n_clusters": 14.71354797816628, "passes": 5.730495350004891, "sim_thresh": 0.36465944078680895, "step_size": 59.98172144682436, "window_size": 149.79356085302265}, "datetime": {"datetime": "2020-04-29 15:55:41", "elapsed": 5.066454, "delta": 2.450447}}
{"target": 0.0, "params": {"alpha": 0.001, "chunksize": 61.3279945785127, "eta": 0.005, "minimum_probability": 0.0, "n_clusters": 17.441982026075323, "passes": 6.50717403687433, "sim_thresh": 0.4523766814297582, "step_size": 54.93837162915617, "window_size": 21.14242646108467}, "datetime": {"datetime": "2020-04-29 15:55:43", "elapsed": 7.833057, "delta": 2.766603}}
{"target": 0.0, "params": {"alpha": 0.001, "chunksize": 99.33242956189423, "eta": 0.005, "minimum_probability": 0.0, "n_clusters": 16.111630437137464, "passes": 5.326596073989968, "sim_thresh": 0.5834180791431542, "step_size": 10.291860311923825, "window_size": 149.9117935450657}, "datetime": {"datetime": "2020-04-29 15:55:46", "elapsed": 10.346363, "delta": 2.513306}}
{"target": 0.0, "params": {"alpha": 0.001, "chunksize": 60.1266866648991, "eta": 0.005, "minimum_probability": 0.0, "n_clusters": 14.286125052017788, "passes": 6.366684776419579, "sim_thresh": 0.586838981629761, "step_size": 13.268561597956438, "window_size": 20.64496945818758}, "datetime": {"datetime": "2020-04-29 15:55:48", "elapsed": 12.657185, "delta": 2.310822}}
{"target": 0.0, "params": {"alpha": 0.00046172208273064636, "chunksize": 76.7677805761318, "eta": 0.0019165122482145821, "minimum_probability": 0.0, "n_clusters": 17.268704618345673, "passes": 5.054775186395853, "sim_thresh": 0.5011402530535206, "step_size": 30.865240118356347, "window_size": 92.62967769794771}, "datetime": {"datetime": "2020-04-29 15:55:51", "elapsed": 15.6352, "delta": 2.978015}}
{"target": 0.0, "params": {"alpha": 0.001, "chunksize": 99.14217897725906, "eta": 0.005, "minimum_probability": 0.0, "n_clusters": 17.24329411582847, "passes": 6.683421557936076, "sim_thresh": 0.5599729118821446, "step_size": 59.778138491126896, "window_size": 24.855392737521864}, "datetime": {"datetime": "2020-04-29 15:55:54", "elapsed": 18.729927, "delta": 3.094727}}
{"target": 0.0, "params": {"alpha": 0.001, "chunksize": 60.61067384478524, "eta": 0.005, "minimum_probability": 0.0, "n_clusters": 13.510936250082121, "passes": 6.929987889549414, "sim_thresh": 0.3001240123354771, "step_size": 59.67735530938259, "window_size": 144.6711432391851}, "datetime": {"datetime": "2020-04-29 15:55:58", "elapsed": 22.068004, "delta": 3.338077}}
{"target": 0.0, "params": {"alpha": 0.001, "chunksize": 62.05329307760192, "eta": 0.005, "minimum_probability": 0.0, "n_clusters": 14.504065487926898, "passes": 6.397294741030622, "sim_thresh": 0.5077092160342042, "step_size": 11.976237116283608, "window_size": 149.77868136709296}, "datetime": {"datetime": "2020-04-29 15:56:04", "elapsed": 28.367165, "delta": 6.299161}}
{"target": 0.0, "params": {"alpha": 0.001, "chunksize": 99.88072071066824, "eta": 0.005, "minimum_probability": 0.0, "n_clusters": 12.603221139876334, "passes": 6.229514308845897, "sim_thresh": 0.5915106617289149, "step_size": 59.478270780821084, "window_size": 146.93204603765128}, "datetime": {"datetime": "2020-04-29 15:56:09", "elapsed": 33.221185, "delta": 4.85402}}
{"target": 0.0, "params": {"alpha": 0.0008597534483433615, "chunksize": 67.92405956339515, "eta": 0.0013966494409600847, "minimum_probability": 0.0, "n_clusters": 13.880545068955456, "passes": 6.384645231338628, "sim_thresh": 0.5629167456888114, "step_size": 54.730333175192364, "window_size": 31.055747478071126}, "datetime": {"datetime": "2020-04-29 15:56:13", "elapsed": 37.937611, "delta": 4.716426}}
{"target": 0.0, "params": {"alpha": 0.001, "chunksize": 99.81282277655052, "eta": 0.005, "minimum_probability": 0.0, "n_clusters": 12.711337498721978, "passes": 5.177851646550624, "sim_thresh": 0.40957071090403724, "step_size": 11.603061192530125, "window_size": 21.961854881626568}, "datetime": {"datetime": "2020-04-29 15:56:17", "elapsed": 41.416302, "delta": 3.478691}}
{"target": 0.0, "params": {"alpha": 0.001, "chunksize": 60.51330389840348, "eta": 0.005, "minimum_probability": 0.0, "n_clusters": 15.064432190970008, "passes": 5.368602629554454, "sim_thresh": 0.4260016516009396, "step_size": 10.002845955292146, "window_size": 147.02107331183868}, "datetime": {"datetime": "2020-04-29 15:56:21", "elapsed": 45.499381, "delta": 4.083079}}
{"target": 0.0, "params": {"alpha": 0.001, "chunksize": 99.23974463025836, "eta": 0.005, "minimum_probability": 0.0, "n_clusters": 13.219239130498725, "passes": 5.529942159078141, "sim_thresh": 0.5140363523443212, "step_size": 58.81071799118856, "window_size": 148.3134282334911}, "datetime": {"datetime": "2020-04-29 15:56:25", "elapsed": 49.339099, "delta": 3.839718}}
{"target": 0.0, "params": {"alpha": 0.001, "chunksize": 60.03573485817699, "eta": 0.005, "minimum_probability": 0.0, "n_clusters": 14.529162512348574, "passes": 5.694538290850811, "sim_thresh": 0.5750959180896299, "step_size": 10.353307899672666, "window_size": 21.875456200874723}, "datetime": {"datetime": "2020-04-29 15:56:31", "elapsed": 55.524563, "delta": 6.185464}}
{"target": 0.0, "params": {"alpha": 0.0009609842715503506, "chunksize": 66.79321678258276, "eta": 0.0010483587345676403, "minimum_probability": 0.0, "n_clusters": 14.526645750030312, "passes": 6.915779060301004, "sim_thresh": 0.4599495854919051, "step_size": 44.593855697523665, "window_size": 61.01703203078819}, "datetime": {"datetime": "2020-04-29 15:56:34", "elapsed": 58.01291, "delta": 2.488347}}
{"target": 0.0, "params": {"alpha": 0.001, "chunksize": 99.0639994534886, "eta": 0.005, "minimum_probability": 0.0, "n_clusters": 17.715680552061663, "passes": 5.96784634036813, "sim_thresh": 0.48506688630022143, "step_size": 11.289864147279946, "window_size": 149.1433734926933}, "datetime": {"datetime": "2020-04-29 15:56:37", "elapsed": 61.412966, "delta": 3.400056}}
{"target": 0.0, "params": {"alpha": 0.001, "chunksize": 95.41011590926782, "eta": 0.005, "minimum_probability": 0.0, "n_clusters": 13.568272090853448, "passes": 5.823729709704371, "sim_thresh": 0.41808229544753733, "step_size": 59.58285398073908, "window_size": 20.227532027372607}, "datetime": {"datetime": "2020-04-29 15:56:40", "elapsed": 64.045907, "delta": 2.632941}}
{"target": 0.0, "params": {"alpha": 0.001, "chunksize": 98.68603648440273, "eta": 0.005, "minimum_probability": 0.0, "n_clusters": 15.683329286170594, "passes": 5.331000228805207, "sim_thresh": 0.337043897777311, "step_size": 11.418449669173699, "window_size": 23.740998329247756}, "datetime": {"datetime": "2020-04-29 15:56:42", "elapsed": 66.730753, "delta": 2.684846}}
{"target": 0.0, "params": {"alpha": 0.001, "chunksize": 60.21557041868769, "eta": 0.005, "minimum_probability": 0.0, "n_clusters": 14.83784724038811, "passes": 6.354112445688944, "sim_thresh": 0.591113343534752, "step_size": 59.499222716032705, "window_size": 146.97380949648576}, "datetime": {"datetime": "2020-04-29 15:56:44", "elapsed": 69.000661, "delta": 2.269908}}
{"target": 0.0, "params": {"alpha": 0.00031418557324609786, "chunksize": 93.38502687589491, "eta": 0.004917702751951137, "minimum_probability": 0.0, "n_clusters": 17.933166533438968, "passes": 6.496331308759679, "sim_thresh": 0.3841331976193215, "step_size": 49.46396642257442, "window_size": 33.419380855093465}, "datetime": {"datetime": "2020-04-29 15:56:46", "elapsed": 70.792869, "delta": 1.792208}}
{"target": 0.0, "params": {"alpha": 0.001, "chunksize": 99.31285606316294, "eta": 0.005, "minimum_probability": 0.0, "n_clusters": 17.181004728472015, "passes": 5.87196248428016, "sim_thresh": 0.5194963112362844, "step_size": 12.060733522072555, "window_size": 148.21789951662134}, "datetime": {"datetime": "2020-04-29 15:56:48", "elapsed": 72.590066, "delta": 1.797197}}
{"target": 0.0, "params": {"alpha": 0.001, "chunksize": 60.346967065344636, "eta": 0.005, "minimum_probability": 0.0, "n_clusters": 16.403233670330806, "passes": 6.329680066036404, "sim_thresh": 0.5534141153574538, "step_size": 11.814362199932502, "window_size": 23.945231510526483}, "datetime": {"datetime": "2020-04-29 15:56:50", "elapsed": 74.430171, "delta": 1.840105}}
{"target": 0.0, "params": {"alpha": 0.001, "chunksize": 99.03551099411804, "eta": 0.005, "minimum_probability": 0.0, "n_clusters": 14.92049946415079, "passes": 5.249145956248428, "sim_thresh": 0.4052191921198328, "step_size": 59.53678515503128, "window_size": 20.674565583498428}, "datetime": {"datetime": "2020-04-29 15:56:52", "elapsed": 76.168498, "delta": 1.738327}}
{"target": 0.0, "params": {"alpha": 0.001, "chunksize": 60.82677156171995, "eta": 0.005, "minimum_probability": 0.0, "n_clusters": 14.678352730672636, "passes": 5.4924445744723505, "sim_thresh": 0.371634842584172, "step_size": 11.389181415818575, "window_size": 149.13673064104523}, "datetime": {"datetime": "2020-04-29 15:56:54", "elapsed": 78.034534, "delta": 1.866036}}
{"target": 0.0, "params": {"alpha": 0.0005525543673502707, "chunksize": 96.34382012372382, "eta": 0.003678736332318442, "minimum_probability": 0.0, "n_clusters": 12.780171432709666, "passes": 5.038733915740594, "sim_thresh": 0.5036506598819672, "step_size": 20.58140580000295, "window_size": 54.52106571838941}, "datetime": {"datetime": "2020-04-29 15:56:57", "elapsed": 81.322867, "delta": 3.288333}}
{"target": 0.0, "params": {"alpha": 0.001, "chunksize": 99.95560922733723, "eta": 0.005, "minimum_probability": 0.0, "n_clusters": 17.393646988304997, "passes": 6.466873080142268, "sim_thresh": 0.4389782180685052, "step_size": 58.89346375791514, "window_size": 144.13126684514174}, "datetime": {"datetime": "2020-04-29 15:57:00", "elapsed": 84.522339, "delta": 3.199472}}
{"target": 0.0, "params": {"alpha": 0.001, "chunksize": 61.09110846600349, "eta": 0.005, "minimum_probability": 0.0, "n_clusters": 16.831561489180306, "passes": 6.305470373855643, "sim_thresh": 0.5618228793831584, "step_size": 58.51925477497535, "window_size": 21.861527729386403}, "datetime": {"datetime": "2020-04-29 15:57:03", "elapsed": 87.945187, "delta": 3.422848}}
{"target": 0.0, "params": {"alpha": 0.001, "chunksize": 61.01045260443769, "eta": 0.005, "minimum_probability": 0.0, "n_clusters": 14.626963832378125, "passes": 5.2608063620235574, "sim_thresh": 0.5224250578963167, "step_size": 59.900961705440494, "window_size": 149.75441061532405}, "datetime": {"datetime": "2020-04-29 15:57:07", "elapsed": 91.202457, "delta": 3.25727}}
{"target": 0.0, "params": {"alpha": 0.001, "chunksize": 60.41413300852295, "eta": 0.005, "minimum_probability": 0.0, "n_clusters": 12.192923893722835, "passes": 5.552593686629406, "sim_thresh": 0.34821887673625307, "step_size": 10.784980722302414, "window_size": 148.20948206036732}, "datetime": {"datetime": "2020-04-29 15:57:11", "elapsed": 95.169849, "delta": 3.967392}}
