{"target": 0.0, "params": {"alpha": 1e-05, "chunksize": 100.0, "eta": 0.005, "minimum_probability": 0.0, "n_clusters": 10.0, "passes": 6.0, "sim_thresh": 0.4, "step_size": 20.0, "window_size": 60.0}, "datetime": {"datetime": "2020-04-29 15:45:13", "elapsed": 0.0, "delta": 0.0}}
{"target": 0.0, "params": {"alpha": 0.0005833950173021285, "chunksize": 88.81297973768632, "eta": 0.004999485313321948, "minimum_probability": 0.0, "n_clusters": 12.880535344902679, "passes": 5.184677189537595, "sim_thresh": 0.35587806341330125, "step_size": 27.278036352152387, "window_size": 71.5797716499871}, "datetime": {"datetime": "2020-04-29 15:45:16", "elapsed": 2.634933, "delta": 2.634933}}
{"target": 0.0, "params": {"alpha": 0.001, "chunksize": 64.51667336018954, "eta": 0.005, "minimum_probability": 0.0, "n_clusters": 14.71354797816628, "passes": 5.730495350004891, "sim_thresh": 0.36465944078680895, "step_size": 59.98172144682436, "window_size": 149.79356085302265}, "datetime": {"datetime": "2020-04-29 15:45:18", "elapsed": 4.955727, "delta": 2.320794}}
{"target": 0.0, "params": {"alpha": 0.001, "chunksize": 61.3279945785127, "eta": 0.005, "minimum_probability": 0.0, "n_clusters": 17.441982026075323, "passes": 6.50717403687433, "sim_thresh": 0.4523766814297582, "step_size": 54.93837162915617, "window_size": 21.14242646108467}, "datetime": {"datetime": "2020-04-29 15:45:21", "elapsed": 7.223663, "delta": 2.267936}}
{"target": 0.0, "params": {"alpha": 0.001, "chunksize": 99.33242956189423, "eta": 0.005, "minimum_probability": 0.0, "n_clusters": 16.111630437137464, "passes": 5.326596073989968, "sim_thresh": 0.5834180791431542, "step_size": 10.291860311923825, "window_size": 149.9117935450657}, "datetime": {"datetime": "2020-04-29 15:45:24", "elapsed": 10.351327, "delta": 3.127664}}
{"target": 0.0, "params": {"alpha": 0.001, "chunksize": 60.1266866648991, "eta": 0.005, "minimum_probability": 0.0, "n_clusters": 14.286125052017788, "passes": 6.366684776419579, "sim_thresh": 0.586838981629761, "step_size": 13.268561597956438, "window_size": 20.64496945818758}, "datetime": {"datetime": "2020-04-29 15:45:26", "elapsed": 12.738919, "delta": 2.387592}}
{"target": 0.0, "params": {"alpha": 0.00046172208273064636, "chunksize": 76.7677805761318, "eta": 0.0019165122482145821, "minimum_probability": 0.0, "n_clusters": 17.268704618345673, "passes": 5.054775186395853, "sim_thresh": 0.5011402530535206, "step_size": 30.865240118356347, "window_size": 92.62967769794771}, "datetime": {"datetime": "2020-04-29 15:45:29", "elapsed": 15.645175, "delta": 2.906256}}
{"target": 0.0, "params": {"alpha": 0.001, "chunksize": 99.14217897725906, "eta": 0.005, "minimum_probability": 0.0, "n_clusters": 17.24329411582847, "passes": 6.683421557936076, "sim_thresh": 0.5599729118821446, "step_size": 59.778138491126896, "window_size": 24.855392737521864}, "datetime": {"datetime": "2020-04-29 15:45:32", "elapsed": 18.482832, "delta": 2.837657}}
{"target": 0.0, "params": {"alpha": 0.001, "chunksize": 60.61067384478524, "eta": 0.005, "minimum_probability": 0.0, "n_clusters": 13.510936250082121, "passes": 6.929987889549414, "sim_thresh": 0.3001240123354771, "step_size": 59.67735530938259, "window_size": 144.6711432391851}, "datetime": {"datetime": "2020-04-29 15:45:35", "elapsed": 21.642409, "delta": 3.159577}}
{"target": 0.0, "params": {"alpha": 0.001, "chunksize": 62.05329307760192, "eta": 0.005, "minimum_probability": 0.0, "n_clusters": 14.504065487926898, "passes": 6.397294741030622, "sim_thresh": 0.5077092160342042, "step_size": 11.976237116283608, "window_size": 149.77868136709296}, "datetime": {"datetime": "2020-04-29 15:45:39", "elapsed": 25.783503, "delta": 4.141094}}
{"target": 0.0, "params": {"alpha": 0.001, "chunksize": 99.88072071066824, "eta": 0.005, "minimum_probability": 0.0, "n_clusters": 12.603221139876334, "passes": 6.229514308845897, "sim_thresh": 0.5915106617289149, "step_size": 59.478270780821084, "window_size": 146.93204603765128}, "datetime": {"datetime": "2020-04-29 15:45:42", "elapsed": 28.67976, "delta": 2.896257}}
{"target": 0.0, "params": {"alpha": 0.0008597534483433615, "chunksize": 67.92405956339515, "eta": 0.0013966494409600847, "minimum_probability": 0.0, "n_clusters": 13.880545068955456, "passes": 6.384645231338628, "sim_thresh": 0.5629167456888114, "step_size": 54.730333175192364, "window_size": 31.055747478071126}, "datetime": {"datetime": "2020-04-29 15:45:46", "elapsed": 32.16544, "delta": 3.48568}}
{"target": 0.0, "params": {"alpha": 0.001, "chunksize": 99.81282277655052, "eta": 0.005, "minimum_probability": 0.0, "n_clusters": 12.711337498721978, "passes": 5.177851646550624, "sim_thresh": 0.40957071090403724, "step_size": 11.603061192530125, "window_size": 21.961854881626568}, "datetime": {"datetime": "2020-04-29 15:45:50", "elapsed": 36.249522, "delta": 4.084082}}
