{"target": 0.0, "params": {"alpha": 1e-05, "chunksize": 100.0, "eta": 0.005, "minimum_probability": 0.0, "n_clusters": 10.0, "passes": 6.0, "sim_thresh": 0.4, "step_size": 20.0, "window_size": 60.0}, "datetime": {"datetime": "2020-04-29 15:48:58", "elapsed": 0.0, "delta": 0.0}}
{"target": 0.0, "params": {"alpha": 0.0005833950173021285, "chunksize": 94.40648986884317, "eta": 0.005, "minimum_probability": 0.0, "n_clusters": 12.880535344902679, "passes": 5.184677189537595, "sim_thresh": 0.35587806341330125, "step_size": 27.278036352152387, "window_size": 71.5797716499871}, "datetime": {"datetime": "2020-04-29 15:49:00", "elapsed": 2.271927, "delta": 2.271927}}
{"target": 0.0, "params": {"alpha": 0.001, "chunksize": 82.25833668009477, "eta": 0.005, "minimum_probability": 0.0, "n_clusters": 14.71354797816628, "passes": 5.730495350004891, "sim_thresh": 0.36465944078680895, "step_size": 59.98172144682436, "window_size": 149.79356085302265}, "datetime": {"datetime": "2020-04-29 15:49:03", "elapsed": 5.18414, "delta": 2.912213}}
{"target": 0.0, "params": {"alpha": 0.001, "chunksize": 84.48479288777776, "eta": 0.005, "minimum_probability": 0.0, "n_clusters": 16.616964972978344, "passes": 6.538599403900127, "sim_thresh": 0.4691199166103205, "step_size": 58.49395669689717, "window_size": 20.36103324642098}, "datetime": {"datetime": "2020-04-29 15:49:05", "elapsed": 7.454102, "delta": 2.269962}}
{"target": 0.0, "params": {"alpha": 0.001, "chunksize": 99.66621478094712, "eta": 0.005, "minimum_probability": 0.0, "n_clusters": 16.111630437137464, "passes": 5.326596073989968, "sim_thresh": 0.5834180791431542, "step_size": 10.291860311923825, "window_size": 149.9117935450657}, "datetime": {"datetime": "2020-04-29 15:49:08", "elapsed": 10.08606, "delta": 2.631958}}
{"target": 0.0, "params": {"alpha": 0.001, "chunksize": 80.06334333244955, "eta": 0.005, "minimum_probability": 0.0, "n_clusters": 14.286125052017788, "passes": 6.366684776419579, "sim_thresh": 0.586838981629761, "step_size": 13.268561597956438, "window_size": 20.64496945818758}, "datetime": {"datetime": "2020-04-29 15:49:10", "elapsed": 12.687108, "delta": 2.601048}}
{"target": 0.0, "params": {"alpha": 0.00046172208273064636, "chunksize": 88.3838902880659, "eta": 0.005, "minimum_probability": 0.0, "n_clusters": 17.268704618345673, "passes": 5.054775186395853, "sim_thresh": 0.5011402530535206, "step_size": 30.865240118356347, "window_size": 92.62967769794771}, "datetime": {"datetime": "2020-04-29 15:49:14", "elapsed": 16.286486, "delta": 3.599378}}
{"target": 0.0, "params": {"alpha": 0.001, "chunksize": 81.88804832295321, "eta": 0.005, "minimum_probability": 0.0, "n_clusters": 17.370486553163747, "passes": 6.914521987945491, "sim_thresh": 0.3103296292927588, "step_size": 58.742052564935165, "window_size": 149.73492123175643}, "datetime": {"datetime": "2020-04-29 15:49:17", "elapsed": 19.910774, "delta": 3.624288}}
{"target": 0.0, "params": {"alpha": 0.001, "chunksize": 98.7688455800357, "eta": 0.005, "minimum_probability": 0.0, "n_clusters": 14.428386285079398, "passes": 5.294878034302293, "sim_thresh": 0.5298256128861435, "step_size": 58.839294171191774, "window_size": 20.264663638550495}, "datetime": {"datetime": "2020-04-29 15:49:20", "elapsed": 22.935686, "delta": 3.024912}}
{"target": 0.0, "params": {"alpha": 0.001, "chunksize": 82.473911481898, "eta": 0.005, "minimum_probability": 0.0, "n_clusters": 17.253022529284973, "passes": 6.4691685659304685, "sim_thresh": 0.5796368234438041, "step_size": 10.257618792377896, "window_size": 149.60283198577443}, "datetime": {"datetime": "2020-04-29 15:49:25", "elapsed": 27.094568, "delta": 4.158882}}
{"target": 0.0, "params": {"alpha": 0.001, "chunksize": 80.36929576645502, "eta": 0.005, "minimum_probability": 0.0, "n_clusters": 12.0619123149239, "passes": 6.622051760492955, "sim_thresh": 0.5378050337948541, "step_size": 10.314071863709248, "window_size": 22.837219200538357}, "datetime": {"datetime": "2020-04-29 15:49:28", "elapsed": 30.770766, "delta": 3.676198}}
{"target": 0.0, "params": {"alpha": 0.0008597534483433615, "chunksize": 83.96202978169758, "eta": 0.005, "minimum_probability": 0.0, "n_clusters": 13.880545068955456, "passes": 6.384645231338628, "sim_thresh": 0.5629167456888114, "step_size": 54.730333175192364, "window_size": 31.055747478071126}, "datetime": {"datetime": "2020-04-29 15:49:33", "elapsed": 35.304621, "delta": 4.533855}}
{"target": 0.0, "params": {"alpha": 0.001, "chunksize": 97.38501341758624, "eta": 0.005, "minimum_probability": 0.0, "n_clusters": 16.346615379895354, "passes": 6.592067465159618, "sim_thresh": 0.3078660687135335, "step_size": 59.38468806401815, "window_size": 145.8673938644888}, "datetime": {"datetime": "2020-04-29 15:49:36", "elapsed": 38.863107, "delta": 3.558486}}
{"target": 0.0, "params": {"alpha": 0.001, "chunksize": 80.25665194920174, "eta": 0.005, "minimum_probability": 0.0, "n_clusters": 15.064432190970008, "passes": 5.368602629554454, "sim_thresh": 0.4260016516009396, "step_size": 10.002845955292146, "window_size": 147.02107331183868}, "datetime": {"datetime": "2020-04-29 15:49:41", "elapsed": 43.027971, "delta": 4.164864}}
{"target": 0.0, "params": {"alpha": 0.001, "chunksize": 99.8558177919818, "eta": 0.005, "minimum_probability": 0.0, "n_clusters": 17.76673256043991, "passes": 6.946288246632967, "sim_thresh": 0.48000063789608993, "step_size": 11.613530811982255, "window_size": 20.66350368190741}, "datetime": {"datetime": "2020-04-29 15:49:44", "elapsed": 46.607401, "delta": 3.57943}}
{"target": 0.0, "params": {"alpha": 0.001, "chunksize": 97.4019962619301, "eta": 0.005, "minimum_probability": 0.0, "n_clusters": 13.105357757140194, "passes": 6.090763154134955, "sim_thresh": 0.5026904195288435, "step_size": 59.30066538687369, "window_size": 148.50101017051244}, "datetime": {"datetime": "2020-04-29 15:49:47", "elapsed": 49.689162, "delta": 3.081761}}
{"target": 0.0, "params": {"alpha": 0.0009609842715503506, "chunksize": 83.39660839129138, "eta": 0.005, "minimum_probability": 0.0, "n_clusters": 14.526645750030312, "passes": 6.915779060301004, "sim_thresh": 0.4599495854919051, "step_size": 44.593855697523665, "window_size": 61.01703203078819}, "datetime": {"datetime": "2020-04-29 15:49:50", "elapsed": 52.061843, "delta": 2.372681}}
{"target": 0.0, "params": {"alpha": 0.001, "chunksize": 99.5319997267443, "eta": 0.005, "minimum_probability": 0.0, "n_clusters": 17.715680552061663, "passes": 5.96784634036813, "sim_thresh": 0.48506688630022143, "step_size": 11.289864147279946, "window_size": 149.1433734926933}, "datetime": {"datetime": "2020-04-29 15:49:52", "elapsed": 54.809474, "delta": 2.747631}}
{"target": 0.0, "params": {"alpha": 0.001, "chunksize": 97.7050579546339, "eta": 0.005, "minimum_probability": 0.0, "n_clusters": 13.568272090853448, "passes": 5.823729709704371, "sim_thresh": 0.41808229544753733, "step_size": 59.58285398073908, "window_size": 20.227532027372607}, "datetime": {"datetime": "2020-04-29 15:49:55", "elapsed": 57.008595, "delta": 2.199121}}
{"target": 0.0, "params": {"alpha": 0.001, "chunksize": 81.88134722117027, "eta": 0.005, "minimum_probability": 0.0, "n_clusters": 16.87140695063748, "passes": 5.845385261914952, "sim_thresh": 0.44712723525934694, "step_size": 10.164970653170965, "window_size": 21.588981900139025}, "datetime": {"datetime": "2020-04-29 15:49:57", "elapsed": 59.67048, "delta": 2.661885}}
{"target": 0.0, "params": {"alpha": 0.001, "chunksize": 80.10778520934385, "eta": 0.005, "minimum_probability": 0.0, "n_clusters": 14.83784724038811, "passes": 6.354112445688944, "sim_thresh": 0.591113343534752, "step_size": 59.499222716032705, "window_size": 146.97380949648576}, "datetime": {"datetime": "2020-04-29 15:50:00", "elapsed": 62.418133, "delta": 2.747653}}
{"target": 0.0, "params": {"alpha": 0.00031418557324609786, "chunksize": 96.69251343794745, "eta": 0.005, "minimum_probability": 0.0, "n_clusters": 17.933166533438968, "passes": 6.496331308759679, "sim_thresh": 0.3841331976193215, "step_size": 49.46396642257442, "window_size": 33.419380855093465}, "datetime": {"datetime": "2020-04-29 15:50:02", "elapsed": 64.380886, "delta": 1.962753}}
{"target": 0.0, "params": {"alpha": 0.001, "chunksize": 99.65642803158147, "eta": 0.005, "minimum_probability": 0.0, "n_clusters": 17.181004728472015, "passes": 5.87196248428016, "sim_thresh": 0.5194963112362844, "step_size": 12.060733522072555, "window_size": 148.21789951662134}, "datetime": {"datetime": "2020-04-29 15:50:04", "elapsed": 66.207029, "delta": 1.826143}}
{"target": 0.0, "params": {"alpha": 0.001, "chunksize": 99.61885966778058, "eta": 0.005, "minimum_probability": 0.0, "n_clusters": 12.637214776968761, "passes": 5.546043468685398, "sim_thresh": 0.4786868006516536, "step_size": 59.9890546126792, "window_size": 21.720299013743215}, "datetime": {"datetime": "2020-04-29 15:50:06", "elapsed": 68.092962, "delta": 1.885933}}
{"target": 0.0, "params": {"alpha": 0.001, "chunksize": 99.84861730433103, "eta": 0.005, "minimum_probability": 0.0, "n_clusters": 15.40379950476986, "passes": 6.202486519988582, "sim_thresh": 0.4189619448354246, "step_size": 59.83470971339556, "window_size": 148.97152260006905}, "datetime": {"datetime": "2020-04-29 15:50:07", "elapsed": 69.783443, "delta": 1.690481}}
{"target": 0.0, "params": {"alpha": 0.001, "chunksize": 80.94077023030198, "eta": 0.005, "minimum_probability": 0.0, "n_clusters": 12.027075564675808, "passes": 5.177933021834173, "sim_thresh": 0.3107749237332328, "step_size": 10.770933754569608, "window_size": 23.298108603215496}, "datetime": {"datetime": "2020-04-29 15:50:09", "elapsed": 71.576649, "delta": 1.793206}}
{"target": 0.0, "params": {"alpha": 0.0005525543673502707, "chunksize": 98.17191006186191, "eta": 0.005, "minimum_probability": 0.0, "n_clusters": 12.780171432709666, "passes": 5.038733915740594, "sim_thresh": 0.5036506598819672, "step_size": 20.58140580000295, "window_size": 54.52106571838941}, "datetime": {"datetime": "2020-04-29 15:50:13", "elapsed": 75.288322, "delta": 3.711673}}
{"target": 0.0, "params": {"alpha": 0.001, "chunksize": 99.45297420303415, "eta": 0.005, "minimum_probability": 0.0, "n_clusters": 16.45838203794429, "passes": 5.137572359870558, "sim_thresh": 0.529647714702223, "step_size": 10.474763769733338, "window_size": 148.32961277308215}, "datetime": {"datetime": "2020-04-29 15:50:18", "elapsed": 80.822496, "delta": 5.534174}}
{"target": 0.0, "params": {"alpha": 0.001, "chunksize": 80.30232812509202, "eta": 0.005, "minimum_probability": 0.0, "n_clusters": 14.15760499868207, "passes": 6.113505365506219, "sim_thresh": 0.5484024729529683, "step_size": 58.71227625411416, "window_size": 149.15238043909312}, "datetime": {"datetime": "2020-04-29 15:50:23", "elapsed": 85.669569, "delta": 4.847073}}
{"target": 0.0, "params": {"alpha": 0.001, "chunksize": 98.97381225721506, "eta": 0.005, "minimum_probability": 0.0, "n_clusters": 16.284082872635985, "passes": 5.2214513370203015, "sim_thresh": 0.5653780223625994, "step_size": 59.839118459922524, "window_size": 20.040037431076946}, "datetime": {"datetime": "2020-04-29 15:50:28", "elapsed": 90.097698, "delta": 4.428129}}
{"target": 0.0, "params": {"alpha": 0.001, "chunksize": 80.20706650426148, "eta": 0.005, "minimum_probability": 0.0, "n_clusters": 12.192923893722835, "passes": 5.552593686629406, "sim_thresh": 0.34821887673625307, "step_size": 10.784980722302414, "window_size": 148.20948206036732}, "datetime": {"datetime": "2020-04-29 15:50:35", "elapsed": 97.153834, "delta": 7.056136}}
