{"target": 0.0, "params": {"alpha": 1e-05, "chunksize": 100.0, "eta": 0.005, "minimum_probability": 0.0, "n_clusters": 10.0, "passes": 6.0, "sim_thresh": 0.4, "step_size": 20.0, "window_size": 60.0}, "datetime": {"datetime": "2020-04-29 15:52:15", "elapsed": 0.0, "delta": 0.0}}
{"target": 0.0, "params": {"alpha": 0.0005833950173021285, "chunksize": 88.81297973768632, "eta": 0.004999485313321948, "minimum_probability": 0.0, "n_clusters": 12.880535344902679, "passes": 5.184677189537595, "sim_thresh": 0.35587806341330125, "step_size": 27.278036352152387, "window_size": 71.5797716499871}, "datetime": {"datetime": "2020-04-29 15:52:18", "elapsed": 3.108688, "delta": 3.108688}}
{"target": 0.0, "params": {"alpha": 0.001, "chunksize": 64.51667336018954, "eta": 0.005, "minimum_probability": 0.0, "n_clusters": 14.71354797816628, "passes": 5.730495350004891, "sim_thresh": 0.36465944078680895, "step_size": 59.98172144682436, "window_size": 149.79356085302265}, "datetime": {"datetime": "2020-04-29 15:52:22", "elapsed": 7.184794, "delta": 4.076106}}
{"target": 0.0, "params": {"alpha": 0.001, "chunksize": 61.3279945785127, "eta": 0.005, "minimum_probability": 0.0, "n_clusters": 17.441982026075323, "passes": 6.50717403687433, "sim_thresh": 0.4523766814297582, "step_size": 54.93837162915617, "window_size": 21.14242646108467}, "datetime": {"datetime": "2020-04-29 15:52:27", "elapsed": 12.116609, "delta": 4.931815}}
{"target": 0.0, "params": {"alpha": 0.001, "chunksize": 99.33242956189423, "eta": 0.005, "minimum_probability": 0.0, "n_clusters": 16.111630437137464, "passes": 5.326596073989968, "sim_thresh": 0.5834180791431542, "step_size": 10.291860311923825, "window_size": 149.9117935450657}, "datetime": {"datetime": "2020-04-29 15:52:31", "elapsed": 15.474657, "delta": 3.358048}}
{"target": 0.0, "params": {"alpha": 0.001, "chunksize": 60.1266866648991, "eta": 0.005, "minimum_probability": 0.0, "n_clusters": 14.286125052017788, "passes": 6.366684776419579, "sim_thresh": 0.586838981629761, "step_size": 13.268561597956438, "window_size": 20.64496945818758}, "datetime": {"datetime": "2020-04-29 15:52:33", "elapsed": 17.935078, "delta": 2.460421}}
{"target": 0.0, "params": {"alpha": 0.00046172208273064636, "chunksize": 76.7677805761318, "eta": 0.0019165122482145821, "minimum_probability": 0.0, "n_clusters": 17.268704618345673, "passes": 5.054775186395853, "sim_thresh": 0.5011402530535206, "step_size": 30.865240118356347, "window_size": 92.62967769794771}, "datetime": {"datetime": "2020-04-29 15:52:36", "elapsed": 21.305044, "delta": 3.369966}}
{"target": 0.0, "params": {"alpha": 0.001, "chunksize": 99.14217897725906, "eta": 0.005, "minimum_probability": 0.0, "n_clusters": 17.24329411582847, "passes": 6.683421557936076, "sim_thresh": 0.5599729118821446, "step_size": 59.778138491126896, "window_size": 24.855392737521864}, "datetime": {"datetime": "2020-04-29 15:52:39", "elapsed": 24.243191, "delta": 2.938147}}
{"target": 0.0, "params": {"alpha": 0.001, "chunksize": 60.61067384478524, "eta": 0.005, "minimum_probability": 0.0, "n_clusters": 13.510936250082121, "passes": 6.929987889549414, "sim_thresh": 0.3001240123354771, "step_size": 59.67735530938259, "window_size": 144.6711432391851}, "datetime": {"datetime": "2020-04-29 15:52:42", "elapsed": 27.235222, "delta": 2.992031}}
{"target": 0.0, "params": {"alpha": 0.001, "chunksize": 62.05329307760192, "eta": 0.005, "minimum_probability": 0.0, "n_clusters": 14.504065487926898, "passes": 6.397294741030622, "sim_thresh": 0.5077092160342042, "step_size": 11.976237116283608, "window_size": 149.77868136709296}, "datetime": {"datetime": "2020-04-29 15:52:46", "elapsed": 31.402051, "delta": 4.166829}}
{"target": 0.0, "params": {"alpha": 0.001, "chunksize": 99.88072071066824, "eta": 0.005, "minimum_probability": 0.0, "n_clusters": 12.603221139876334, "passes": 6.229514308845897, "sim_thresh": 0.5915106617289149, "step_size": 59.478270780821084, "window_size": 146.93204603765128}, "datetime": {"datetime": "2020-04-29 15:52:50", "elapsed": 34.49578, "delta": 3.093729}}
{"target": 0.0, "params": {"alpha": 0.0008597534483433615, "chunksize": 67.92405956339515, "eta": 0.0013966494409600847, "minimum_probability": 0.0, "n_clusters": 13.880545068955456, "passes": 6.384645231338628, "sim_thresh": 0.5629167456888114, "step_size": 54.730333175192364, "window_size": 31.055747478071126}, "datetime": {"datetime": "2020-04-29 15:52:53", "elapsed": 37.753104, "delta": 3.257324}}
{"target": 0.0, "params": {"alpha": 0.001, "chunksize": 99.81282277655052, "eta": 0.005, "minimum_probability": 0.0, "n_clusters": 12.711337498721978, "passes": 5.177851646550624, "sim_thresh": 0.40957071090403724, "step_size": 11.603061192530125, "window_size": 21.961854881626568}, "datetime": {"datetime": "2020-04-29 15:52:57", "elapsed": 41.510027, "delta": 3.756923}}
{"target": 0.0, "params": {"alpha": 0.001, "chunksize": 60.51330389840348, "eta": 0.005, "minimum_probability": 0.0, "n_clusters": 15.064432190970008, "passes": 5.368602629554454, "sim_thresh": 0.4260016516009396, "step_size": 10.002845955292146, "window_size": 147.02107331183868}, "datetime": {"datetime": "2020-04-29 15:53:02", "elapsed": 47.27066, "delta": 5.760633}}
{"target": 0.0, "params": {"alpha": 0.001, "chunksize": 99.23974463025836, "eta": 0.005, "minimum_probability": 0.0, "n_clusters": 13.219239130498725, "passes": 5.529942159078141, "sim_thresh": 0.5140363523443212, "step_size": 58.81071799118856, "window_size": 148.3134282334911}, "datetime": {"datetime": "2020-04-29 15:53:09", "elapsed": 53.544857, "delta": 6.274197}}
{"target": 0.0, "params": {"alpha": 0.001, "chunksize": 60.03573485817699, "eta": 0.005, "minimum_probability": 0.0, "n_clusters": 14.529162512348574, "passes": 5.694538290850811, "sim_thresh": 0.5750959180896299, "step_size": 10.353307899672666, "window_size": 21.875456200874723}, "datetime": {"datetime": "2020-04-29 15:53:13", "elapsed": 58.084719, "delta": 4.539862}}
{"target": 0.0, "params": {"alpha": 0.0009609842715503506, "chunksize": 66.79321678258276, "eta": 0.0010483587345676403, "minimum_probability": 0.0, "n_clusters": 14.526645750030312, "passes": 6.915779060301004, "sim_thresh": 0.4599495854919051, "step_size": 44.593855697523665, "window_size": 61.01703203078819}, "datetime": {"datetime": "2020-04-29 15:53:16", "elapsed": 60.487295, "delta": 2.402576}}
{"target": 0.0, "params": {"alpha": 0.001, "chunksize": 99.0639994534886, "eta": 0.005, "minimum_probability": 0.0, "n_clusters": 17.715680552061663, "passes": 5.96784634036813, "sim_thresh": 0.48506688630022143, "step_size": 11.289864147279946, "window_size": 149.1433734926933}, "datetime": {"datetime": "2020-04-29 15:53:18", "elapsed": 63.342686, "delta": 2.855391}}
{"target": 0.0, "params": {"alpha": 0.001, "chunksize": 95.41011590926782, "eta": 0.005, "minimum_probability": 0.0, "n_clusters": 13.568272090853448, "passes": 5.823729709704371, "sim_thresh": 0.41808229544753733, "step_size": 59.58285398073908, "window_size": 20.227532027372607}, "datetime": {"datetime": "2020-04-29 15:53:21", "elapsed": 66.082339, "delta": 2.739653}}
{"target": 0.0, "params": {"alpha": 0.001, "chunksize": 98.68603648440273, "eta": 0.005, "minimum_probability": 0.0, "n_clusters": 15.683329286170594, "passes": 5.331000228805207, "sim_thresh": 0.337043897777311, "step_size": 11.418449669173699, "window_size": 23.740998329247756}, "datetime": {"datetime": "2020-04-29 15:53:24", "elapsed": 69.060401, "delta": 2.978062}}
{"target": 0.0, "params": {"alpha": 0.001, "chunksize": 60.21557041868769, "eta": 0.005, "minimum_probability": 0.0, "n_clusters": 14.83784724038811, "passes": 6.354112445688944, "sim_thresh": 0.591113343534752, "step_size": 59.499222716032705, "window_size": 146.97380949648576}, "datetime": {"datetime": "2020-04-29 15:53:27", "elapsed": 71.741209, "delta": 2.680808}}
{"target": 0.0, "params": {"alpha": 0.00031418557324609786, "chunksize": 93.38502687589491, "eta": 0.004917702751951137, "minimum_probability": 0.0, "n_clusters": 17.933166533438968, "passes": 6.496331308759679, "sim_thresh": 0.3841331976193215, "step_size": 49.46396642257442, "window_size": 33.419380855093465}, "datetime": {"datetime": "2020-04-29 15:53:29", "elapsed": 73.980225, "delta": 2.239016}}
{"target": 0.0, "params": {"alpha": 0.001, "chunksize": 99.31285606316294, "eta": 0.005, "minimum_probability": 0.0, "n_clusters": 17.181004728472015, "passes": 5.87196248428016, "sim_thresh": 0.5194963112362844, "step_size": 12.060733522072555, "window_size": 148.21789951662134}, "datetime": {"datetime": "2020-04-29 15:53:31", "elapsed": 75.883167, "delta": 1.902942}}
{"target": 0.0, "params": {"alpha": 0.001, "chunksize": 60.346967065344636, "eta": 0.005, "minimum_probability": 0.0, "n_clusters": 16.403233670330806, "passes": 6.329680066036404, "sim_thresh": 0.5534141153574538, "step_size": 11.814362199932502, "window_size": 23.945231510526483}, "datetime": {"datetime": "2020-04-29 15:53:33", "elapsed": 77.783058, "delta": 1.899891}}
{"target": 0.21428571428571427, "params": {"alpha": 0.001, "chunksize": 99.03551099411804, "eta": 0.005, "minimum_probability": 0.0, "n_clusters": 14.92049946415079, "passes": 5.249145956248428, "sim_thresh": 0.4052191921198328, "step_size": 59.53678515503128, "window_size": 20.674565583498428}, "datetime": {"datetime": "2020-04-29 15:53:35", "elapsed": 79.507449, "delta": 1.724391}}
{"target": 0.0, "params": {"alpha": 0.001, "chunksize": 99.3316414730462, "eta": 0.005, "minimum_probability": 0.0, "n_clusters": 15.468443788234222, "passes": 6.298997851283685, "sim_thresh": 0.45191202774963435, "step_size": 57.45809917620096, "window_size": 97.64754972548663}, "datetime": {"datetime": "2020-04-29 15:53:37", "elapsed": 81.458233, "delta": 1.950784}}
{"target": 0.0, "params": {"alpha": 0.0005525543673502707, "chunksize": 96.34382012372382, "eta": 0.003678736332318442, "minimum_probability": 0.0, "n_clusters": 12.780171432709666, "passes": 5.038733915740594, "sim_thresh": 0.5036506598819672, "step_size": 20.58140580000295, "window_size": 54.52106571838941}, "datetime": {"datetime": "2020-04-29 15:53:40", "elapsed": 85.365786, "delta": 3.907553}}
{"target": 0.0, "params": {"alpha": 0.001, "chunksize": 97.5799425321255, "eta": 0.005, "minimum_probability": 0.0, "n_clusters": 17.786908354947307, "passes": 6.513149192976332, "sim_thresh": 0.5448396034803578, "step_size": 10.716745557886995, "window_size": 105.82131526892877}, "datetime": {"datetime": "2020-04-29 15:53:46", "elapsed": 90.52998, "delta": 5.164194}}
{"target": 0.0, "params": {"alpha": 0.001, "chunksize": 60.242641684344214, "eta": 0.005, "minimum_probability": 0.0, "n_clusters": 15.40870252924703, "passes": 5.945743774800751, "sim_thresh": 0.5650019235462469, "step_size": 11.960338127282736, "window_size": 79.79991859949695}, "datetime": {"datetime": "2020-04-29 15:53:50", "elapsed": 94.972119, "delta": 4.442139}}
{"target": 0.0, "params": {"alpha": 0.001, "chunksize": 60.639622121249594, "eta": 0.005, "minimum_probability": 0.0, "n_clusters": 13.548833656873589, "passes": 5.401470657927742, "sim_thresh": 0.3169864395010373, "step_size": 59.755960519650856, "window_size": 100.39348232046474}, "datetime": {"datetime": "2020-04-29 15:53:54", "elapsed": 99.161911, "delta": 4.189792}}
{"target": 0.0, "params": {"alpha": 0.001, "chunksize": 99.64511518910211, "eta": 0.005, "minimum_probability": 0.0, "n_clusters": 14.543207169481548, "passes": 5.436504960999686, "sim_thresh": 0.5064143957784932, "step_size": 35.488914249742464, "window_size": 20.872926486316484}, "datetime": {"datetime": "2020-04-29 15:53:58", "elapsed": 103.372648, "delta": 4.210737}}
