{"target": 0.0, "params": {"n_clusters": 14.502132028215444, "sim_thresh": 0.5881297973768632, "step_size": 10.005718740867245, "window_size": 59.30323444213917}, "datetime": {"datetime": "2020-04-28 20:06:31", "elapsed": 0.0, "delta": 0.0}}
{"target": 0.0, "params": {"n_clusters": 12.046319135904726, "sim_thresh": 0.36474437368507845, "step_size": 45.46845170849992, "window_size": 119.41579166890813}, "datetime": {"datetime": "2020-04-28 20:06:41", "elapsed": 9.75789, "delta": 9.75789}}
{"target": 0.0, "params": {"n_clusters": 12.0719020860893, "sim_thresh": 0.5328928718337888, "step_size": 59.85126946516418, "window_size": 20.531232414512715}, "datetime": {"datetime": "2020-04-28 20:06:47", "elapsed": 15.908447, "delta": 6.150557}}
{"target": 0.0, "params": {"n_clusters": 17.933099156736255, "sim_thresh": 0.6527634743597062, "step_size": 11.151010670803554, "window_size": 149.9659514186153}, "datetime": {"datetime": "2020-04-28 20:08:44", "elapsed": 132.955535, "delta": 117.047088}}
{"target": 0.0, "params": {"n_clusters": 12.600054277369532, "sim_thresh": 0.608371780558609, "step_size": 59.243830297408685, "window_size": 149.50122765924087}, "datetime": {"datetime": "2020-04-28 20:08:50", "elapsed": 139.615733, "delta": 6.660198}}
{"target": 0.0, "params": {"n_clusters": 16.38862164267653, "sim_thresh": 0.4355425664023645, "step_size": 10.012073904655702, "window_size": 20.935996653271317}, "datetime": {"datetime": "2020-04-28 20:11:00", "elapsed": 269.497509, "delta": 129.881776}}
{"target": 0.0, "params": {"n_clusters": 17.428900276682242, "sim_thresh": 0.47189942373484484, "step_size": 59.4876498670836, "window_size": 20.03953202133844}, "datetime": {"datetime": "2020-04-28 20:11:07", "elapsed": 275.952254, "delta": 6.454745}}
{"target": 0.0, "params": {"n_clusters": 14.557538544894225, "sim_thresh": 0.3249904408134728, "step_size": 11.020561598697617, "window_size": 149.97635639553388}, "datetime": {"datetime": "2020-04-28 20:13:02", "elapsed": 391.111391, "delta": 115.159137}}
{"target": 0.0, "params": {"n_clusters": 12.880535344902679, "sim_thresh": 0.3369354379075191, "step_size": 19.313010568883545, "window_size": 64.9228945155962}, "datetime": {"datetime": "2020-04-28 20:17:32", "elapsed": 660.952008, "delta": 269.840617}}
{"target": 0.0, "params": {"n_clusters": 16.27178135365102, "sim_thresh": 0.6255044825972351, "step_size": 59.76404773499927, "window_size": 148.7501041016099}, "datetime": {"datetime": "2020-04-28 20:18:04", "elapsed": 693.716417, "delta": 32.764409}}
{"target": 0.0, "params": {"n_clusters": 17.79501611054006, "sim_thresh": 0.4800055407226349, "step_size": 10.31372556686608, "window_size": 20.283869893377293}, "datetime": {"datetime": "2020-04-28 20:32:21", "elapsed": 1550.455465, "delta": 856.739048}}
{"target": 0.0, "params": {"n_clusters": 12.617037218018382, "sim_thresh": 0.33148547514359855, "step_size": 59.33254454670509, "window_size": 20.687001218523513}, "datetime": {"datetime": "2020-04-28 20:32:50", "elapsed": 1578.913387, "delta": 28.457922}}
{"target": 0.0, "params": {"n_clusters": 17.09893911104359, "sim_thresh": 0.5818005678682049, "step_size": 59.991718194759954, "window_size": 148.2118718575234}, "datetime": {"datetime": "2020-04-28 20:33:23", "elapsed": 1611.88125, "delta": 32.967863}}
