{"target": 0.26666666666666666, "params": {"n_clusters": 14.502132028215444, "sim_thresh": 0.5160973480326474, "step_size": 10.005718740867245, "window_size": 59.30323444213917}, "datetime": {"datetime": "2020-04-29 11:03:00", "elapsed": 0.0, "delta": 0.0}}
{"target": 0.0, "params": {"n_clusters": 12.046319135904726, "sim_thresh": 0.34855828026380886, "step_size": 45.46845170849992, "window_size": 119.41579166890813}, "datetime": {"datetime": "2020-04-29 11:03:02", "elapsed": 2.121329, "delta": 2.121329}}
{"target": 0.0, "params": {"n_clusters": 18.0, "sim_thresh": 0.3, "step_size": 60.0, "window_size": 20.0}, "datetime": {"datetime": "2020-04-29 11:03:05", "elapsed": 4.683479, "delta": 2.56215}}
{"target": 0.0, "params": {"n_clusters": 13.15242995368045, "sim_thresh": 0.3674585284011128, "step_size": 11.870759678596446, "window_size": 58.25575795111783}, "datetime": {"datetime": "2020-04-29 11:03:07", "elapsed": 6.858688, "delta": 2.175209}}
{"target": 0.3333333333333333, "params": {"n_clusters": 18.0, "sim_thresh": 0.6, "step_size": 10.0, "window_size": 80.11845352753038}, "datetime": {"datetime": "2020-04-29 11:03:10", "elapsed": 9.366959, "delta": 2.508271}}
{"target": 0.0, "params": {"n_clusters": 18.0, "sim_thresh": 0.6, "step_size": 10.0, "window_size": 150.0}, "datetime": {"datetime": "2020-04-29 11:03:12", "elapsed": 12.084692, "delta": 2.717733}}
{"target": 0.0, "params": {"n_clusters": 18.0, "sim_thresh": 0.6, "step_size": 60.0, "window_size": 78.68216340890572}, "datetime": {"datetime": "2020-04-29 11:03:15", "elapsed": 14.625926, "delta": 2.541234}}
{"target": 0.13333333333333333, "params": {"n_clusters": 12.0, "sim_thresh": 0.6, "step_size": 10.0, "window_size": 110.51825139551465}, "datetime": {"datetime": "2020-04-29 11:03:17", "elapsed": 16.882864, "delta": 2.256938}}
{"target": 0.0, "params": {"n_clusters": 12.880535344902679, "sim_thresh": 0.32770157843063935, "step_size": 19.313010568883545, "window_size": 64.9228945155962}, "datetime": {"datetime": "2020-04-29 11:03:20", "elapsed": 19.571676, "delta": 2.688812}}
{"target": 0.1111111111111111, "params": {"n_clusters": 18.0, "sim_thresh": 0.6, "step_size": 60.0, "window_size": 150.0}, "datetime": {"datetime": "2020-04-29 11:03:23", "elapsed": 22.304397, "delta": 2.732721}}
{"target": 0.0, "params": {"n_clusters": 17.79501611054006, "sim_thresh": 0.4350041555419762, "step_size": 10.31372556686608, "window_size": 20.283869893377293}, "datetime": {"datetime": "2020-04-29 11:03:27", "elapsed": 26.363522, "delta": 4.059125}}
{"target": 0.0, "params": {"n_clusters": 18.0, "sim_thresh": 0.6, "step_size": 60.0, "window_size": 49.33741629745688}, "datetime": {"datetime": "2020-04-29 11:03:30", "elapsed": 29.209911, "delta": 2.846389}}
{"target": 0.0, "params": {"n_clusters": 12.0, "sim_thresh": 0.3, "step_size": 35.278707620232424, "window_size": 150.0}, "datetime": {"datetime": "2020-04-29 11:03:32", "elapsed": 32.046329, "delta": 2.836418}}
{"target": 0.16666666666666666, "params": {"n_clusters": 18.0, "sim_thresh": 0.6, "step_size": 35.04423632315362, "window_size": 92.97317586353039}, "datetime": {"datetime": "2020-04-29 11:03:36", "elapsed": 35.265722, "delta": 3.219393}}
{"target": 0.0, "params": {"n_clusters": 12.0, "sim_thresh": 0.6, "step_size": 60.0, "window_size": 103.53243707136382}, "datetime": {"datetime": "2020-04-29 11:03:38", "elapsed": 37.995424, "delta": 2.729702}}
{"target": 0.0, "params": {"n_clusters": 18.0, "sim_thresh": 0.6, "step_size": 35.77295694616303, "window_size": 20.0}, "datetime": {"datetime": "2020-04-29 11:03:41", "elapsed": 40.847798, "delta": 2.852374}}
{"target": 0.2222222222222222, "params": {"n_clusters": 14.38060484538402, "sim_thresh": 0.46164502020100706, "step_size": 30.95972572016474, "window_size": 109.07853505157874}, "datetime": {"datetime": "2020-04-29 11:03:44", "elapsed": 44.046249, "delta": 3.198451}}
{"target": 0.2222222222222222, "params": {"n_clusters": 18.0, "sim_thresh": 0.3, "step_size": 19.762313542414468, "window_size": 128.78339674619988}, "datetime": {"datetime": "2020-04-29 11:03:48", "elapsed": 47.511982, "delta": 3.465733}}
{"target": 0.0, "params": {"n_clusters": 18.0, "sim_thresh": 0.3, "step_size": 60.0, "window_size": 128.75735850895853}, "datetime": {"datetime": "2020-04-29 11:03:52", "elapsed": 51.454467, "delta": 3.942485}}
{"target": 0.0, "params": {"n_clusters": 17.937463500773497, "sim_thresh": 0.5926547941533162, "step_size": 40.42671312929491, "window_size": 64.92746922221787}, "datetime": {"datetime": "2020-04-29 11:03:55", "elapsed": 54.819448, "delta": 3.364981}}
{"target": 0.0, "params": {"n_clusters": 18.0, "sim_thresh": 0.6, "step_size": 10.0, "window_size": 67.75687848486967}, "datetime": {"datetime": "2020-04-29 11:03:59", "elapsed": 58.434783, "delta": 3.615335}}
{"target": 0.0, "params": {"n_clusters": 12.0, "sim_thresh": 0.3, "step_size": 17.735974222450725, "window_size": 92.21826523156318}, "datetime": {"datetime": "2020-04-29 11:04:02", "elapsed": 61.938419, "delta": 3.503636}}
{"target": 0.0, "params": {"n_clusters": 12.0, "sim_thresh": 0.6, "step_size": 41.334992429083464, "window_size": 39.79714841598905}, "datetime": {"datetime": "2020-04-29 11:04:06", "elapsed": 65.302422, "delta": 3.364003}}
{"target": 0.1111111111111111, "params": {"n_clusters": 18.0, "sim_thresh": 0.6, "step_size": 10.0, "window_size": 39.9128166305213}, "datetime": {"datetime": "2020-04-29 11:04:09", "elapsed": 68.95466, "delta": 3.652238}}
{"target": 0.14285714285714285, "params": {"n_clusters": 13.226713498389104, "sim_thresh": 0.5634352309172836, "step_size": 11.369379659896309, "window_size": 107.1607763231923}, "datetime": {"datetime": "2020-04-29 11:04:12", "elapsed": 71.73323, "delta": 2.77857}}
{"target": 0.2857142857142857, "params": {"n_clusters": 18.0, "sim_thresh": 0.6, "step_size": 38.49874885216184, "window_size": 134.32549495800612}, "datetime": {"datetime": "2020-04-29 11:04:14", "elapsed": 74.057018, "delta": 2.323788}}
{"target": 0.0, "params": {"n_clusters": 12.0, "sim_thresh": 0.3, "step_size": 40.68954351346477, "window_size": 79.87439826696668}, "datetime": {"datetime": "2020-04-29 11:04:17", "elapsed": 76.477571, "delta": 2.420553}}
{"target": 0.0, "params": {"n_clusters": 12.0, "sim_thresh": 0.6, "step_size": 60.0, "window_size": 34.290056027586665}, "datetime": {"datetime": "2020-04-29 11:04:19", "elapsed": 78.942971, "delta": 2.4654}}
{"target": 0.21428571428571427, "params": {"n_clusters": 12.0, "sim_thresh": 0.6, "step_size": 10.0, "window_size": 134.8746555599529}, "datetime": {"datetime": "2020-04-29 11:04:22", "elapsed": 82.037684, "delta": 3.094713}}
{"target": 0.0, "params": {"n_clusters": 12.104717431803188, "sim_thresh": 0.404058851232527, "step_size": 59.72567223020789, "window_size": 62.76954440586146}, "datetime": {"datetime": "2020-04-29 11:04:25", "elapsed": 84.536003, "delta": 2.498319}}
{"target": 0.0, "params": {"n_clusters": 18.0, "sim_thresh": 0.6, "step_size": 26.165087773706695, "window_size": 78.34514225843016}, "datetime": {"datetime": "2020-04-29 11:04:27", "elapsed": 87.010388, "delta": 2.474385}}
{"target": 0.0, "params": {"n_clusters": 18.0, "sim_thresh": 0.3, "step_size": 46.5664492192129, "window_size": 103.3369115948503}, "datetime": {"datetime": "2020-04-29 11:04:30", "elapsed": 89.544614, "delta": 2.534226}}
{"target": 0.0, "params": {"n_clusters": 14.503828814202762, "sim_thresh": 0.4676069485337255, "step_size": 17.01934692976169, "window_size": 45.75319358103424}, "datetime": {"datetime": "2020-04-29 11:04:32", "elapsed": 91.670928, "delta": 2.126314}}
{"target": 0.14285714285714285, "params": {"n_clusters": 12.0, "sim_thresh": 0.6, "step_size": 50.69091218089938, "window_size": 140.4080869340093}, "datetime": {"datetime": "2020-04-29 11:04:34", "elapsed": 93.650639, "delta": 1.979711}}
{"target": 0.0, "params": {"n_clusters": 18.0, "sim_thresh": 0.6, "step_size": 26.332333571388336, "window_size": 33.63851785623891}, "datetime": {"datetime": "2020-04-29 11:04:36", "elapsed": 95.45282, "delta": 1.802181}}
{"target": 0.0, "params": {"n_clusters": 12.0, "sim_thresh": 0.6, "step_size": 29.477017720294274, "window_size": 128.50526633392897}, "datetime": {"datetime": "2020-04-29 11:04:38", "elapsed": 97.27794, "delta": 1.82512}}
{"target": 0.0, "params": {"n_clusters": 18.0, "sim_thresh": 0.6, "step_size": 10.0, "window_size": 121.10118814707704}, "datetime": {"datetime": "2020-04-29 11:04:40", "elapsed": 99.433179, "delta": 2.155239}}
{"target": 0.0, "params": {"n_clusters": 18.0, "sim_thresh": 0.6, "step_size": 10.0, "window_size": 92.84482776561359}, "datetime": {"datetime": "2020-04-29 11:04:42", "elapsed": 101.227383, "delta": 1.794204}}
{"target": 0.0, "params": {"n_clusters": 12.0, "sim_thresh": 0.6, "step_size": 23.026114511747675, "window_size": 20.0}, "datetime": {"datetime": "2020-04-29 11:04:43", "elapsed": 102.98967, "delta": 1.762287}}
{"target": 0.0, "params": {"n_clusters": 18.0, "sim_thresh": 0.6, "step_size": 45.95799459167183, "window_size": 150.0}, "datetime": {"datetime": "2020-04-29 11:04:45", "elapsed": 104.652226, "delta": 1.662556}}
{"target": 0.07692307692307693, "params": {"n_clusters": 16.80446741205322, "sim_thresh": 0.5904784727158192, "step_size": 25.671208907962143, "window_size": 110.00194003701083}, "datetime": {"datetime": "2020-04-29 11:04:48", "elapsed": 107.986344, "delta": 3.334118}}
{"target": 0.0, "params": {"n_clusters": 17.67414033675326, "sim_thresh": 0.38126918485021216, "step_size": 23.809621393638857, "window_size": 141.72716042183606}, "datetime": {"datetime": "2020-04-29 11:04:52", "elapsed": 111.52388, "delta": 3.537536}}
{"target": 0.0, "params": {"n_clusters": 12.0, "sim_thresh": 0.6, "step_size": 10.0, "window_size": 79.95561842111562}, "datetime": {"datetime": "2020-04-29 11:04:55", "elapsed": 114.894843, "delta": 3.370963}}
{"target": 0.0, "params": {"n_clusters": 17.999715502846406, "sim_thresh": 0.4789034047917117, "step_size": 31.775366221544996, "window_size": 53.8457563868262}, "datetime": {"datetime": "2020-04-29 11:04:58", "elapsed": 118.114236, "delta": 3.219393}}
{"target": 0.0, "params": {"n_clusters": 12.0, "sim_thresh": 0.3, "step_size": 48.187242614585884, "window_size": 20.0}, "datetime": {"datetime": "2020-04-29 11:05:02", "elapsed": 121.305709, "delta": 3.191473}}
{"target": 0.0, "params": {"n_clusters": 17.982591033676847, "sim_thresh": 0.4369589348838613, "step_size": 10.877055355465206, "window_size": 51.50505998343134}, "datetime": {"datetime": "2020-04-29 11:05:05", "elapsed": 124.87616, "delta": 3.570451}}
{"target": 0.07692307692307693, "params": {"n_clusters": 12.188168279875658, "sim_thresh": 0.5396149612242676, "step_size": 10.575370586172259, "window_size": 29.816869006488457}, "datetime": {"datetime": "2020-04-29 11:05:09", "elapsed": 128.336909, "delta": 3.460749}}
{"target": 0.0, "params": {"n_clusters": 12.0, "sim_thresh": 0.3, "step_size": 54.023434642894166, "window_size": 90.18609574657171}, "datetime": {"datetime": "2020-04-29 11:05:12", "elapsed": 131.352846, "delta": 3.015937}}
