{"target": 0.2, "params": {"n_clusters": 14.502132028215444, "sim_thresh": 0.5160973480326474, "step_size": 10.005718740867245, "window_size": 59.30323444213917}, "datetime": {"datetime": "2020-04-28 18:31:42", "elapsed": 0.0, "delta": 0.0}}
{"target": 0.26666666666666666, "params": {"n_clusters": 12.046319135904726, "sim_thresh": 0.34855828026380886, "step_size": 45.46845170849992, "window_size": 119.41579166890813}, "datetime": {"datetime": "2020-04-28 18:31:45", "elapsed": 2.428508, "delta": 2.428508}}
{"target": 0.0, "params": {"n_clusters": 18.0, "sim_thresh": 0.6, "step_size": 10.0, "window_size": 150.0}, "datetime": {"datetime": "2020-04-28 18:31:47", "elapsed": 4.944781, "delta": 2.516273}}
{"target": 0.3333333333333333, "params": {"n_clusters": 12.735960649980228, "sim_thresh": 0.42921860364376474, "step_size": 47.86601213831457, "window_size": 120.61286355962204}, "datetime": {"datetime": "2020-04-28 18:31:49", "elapsed": 7.104009, "delta": 2.159228}}
{"target": 0.0, "params": {"n_clusters": 18.0, "sim_thresh": 0.6, "step_size": 60.0, "window_size": 20.0}, "datetime": {"datetime": "2020-04-28 18:31:52", "elapsed": 9.457718, "delta": 2.353709}}
{"target": 0.0, "params": {"n_clusters": 12.0, "sim_thresh": 0.3, "step_size": 60.0, "window_size": 150.0}, "datetime": {"datetime": "2020-04-28 18:31:54", "elapsed": 11.962021, "delta": 2.504303}}
{"target": 0.0, "params": {"n_clusters": 18.0, "sim_thresh": 0.6, "step_size": 60.0, "window_size": 77.15778093889637}, "datetime": {"datetime": "2020-04-28 18:31:57", "elapsed": 14.619916, "delta": 2.657895}}
{"target": 0.0, "params": {"n_clusters": 12.0, "sim_thresh": 0.6, "step_size": 10.0, "window_size": 20.0}, "datetime": {"datetime": "2020-04-28 18:32:00", "elapsed": 17.459325, "delta": 2.839409}}
{"target": 0.0, "params": {"n_clusters": 12.880535344902679, "sim_thresh": 0.32770157843063935, "step_size": 19.313010568883545, "window_size": 64.9228945155962}, "datetime": {"datetime": "2020-04-28 18:32:03", "elapsed": 20.35259, "delta": 2.893265}}
{"target": 0.16666666666666666, "params": {"n_clusters": 18.0, "sim_thresh": 0.6, "step_size": 10.0, "window_size": 101.38665253186963}, "datetime": {"datetime": "2020-04-28 18:32:06", "elapsed": 23.851237, "delta": 3.498647}}
{"target": 0.0, "params": {"n_clusters": 18.0, "sim_thresh": 0.3, "step_size": 60.0, "window_size": 111.21697051584792}, "datetime": {"datetime": "2020-04-28 18:32:09", "elapsed": 26.86518, "delta": 3.013943}}
{"target": 0.0, "params": {"n_clusters": 12.954697993655031, "sim_thresh": 0.3833941678764942, "step_size": 59.7672356613789, "window_size": 47.3412566775513}, "datetime": {"datetime": "2020-04-28 18:32:12", "elapsed": 29.678659, "delta": 2.813479}}
{"target": 0.2222222222222222, "params": {"n_clusters": 18.0, "sim_thresh": 0.6, "step_size": 38.580694805611614, "window_size": 138.6728904147253}, "datetime": {"datetime": "2020-04-28 18:32:15", "elapsed": 32.4313, "delta": 2.752641}}
{"target": 0.0, "params": {"n_clusters": 18.0, "sim_thresh": 0.6, "step_size": 30.754441898410143, "window_size": 36.253342849754524}, "datetime": {"datetime": "2020-04-28 18:32:18", "elapsed": 35.668645, "delta": 3.237345}}
{"target": 0.1111111111111111, "params": {"n_clusters": 18.0, "sim_thresh": 0.6, "step_size": 10.0, "window_size": 125.53060902673049}, "datetime": {"datetime": "2020-04-28 18:32:21", "elapsed": 38.882054, "delta": 3.213409}}
{"target": 0.0, "params": {"n_clusters": 12.0, "sim_thresh": 0.6, "step_size": 60.0, "window_size": 130.36668559827956}, "datetime": {"datetime": "2020-04-28 18:32:24", "elapsed": 41.615747, "delta": 2.733693}}
{"target": 0.2222222222222222, "params": {"n_clusters": 14.38060484538402, "sim_thresh": 0.46164502020100706, "step_size": 30.95972572016474, "window_size": 109.07853505157874}, "datetime": {"datetime": "2020-04-28 18:32:27", "elapsed": 44.639662, "delta": 3.023915}}
{"target": 0.0, "params": {"n_clusters": 18.0, "sim_thresh": 0.6, "step_size": 36.09814927937578, "window_size": 88.81933366213278}, "datetime": {"datetime": "2020-04-28 18:32:30", "elapsed": 48.124349, "delta": 3.484687}}
{"target": 0.0, "params": {"n_clusters": 18.0, "sim_thresh": 0.3, "step_size": 10.0, "window_size": 40.165587154442655}, "datetime": {"datetime": "2020-04-28 18:32:34", "elapsed": 52.008961, "delta": 3.884612}}
{"target": 0.0, "params": {"n_clusters": 12.0, "sim_thresh": 0.3, "step_size": 38.546712048886214, "window_size": 20.0}, "datetime": {"datetime": "2020-04-28 18:32:37", "elapsed": 55.229352, "delta": 3.220391}}
{"target": 0.1111111111111111, "params": {"n_clusters": 18.0, "sim_thresh": 0.6, "step_size": 45.25716700979566, "window_size": 123.49114096407075}, "datetime": {"datetime": "2020-04-28 18:32:41", "elapsed": 58.708052, "delta": 3.4787}}
{"target": 0.05555555555555555, "params": {"n_clusters": 12.0, "sim_thresh": 0.6, "step_size": 32.75132310076383, "window_size": 150.0}, "datetime": {"datetime": "2020-04-28 18:32:45", "elapsed": 62.377244, "delta": 3.669192}}
{"target": 0.16666666666666666, "params": {"n_clusters": 12.005261767041713, "sim_thresh": 0.46184655856426526, "step_size": 10.631550548214626, "window_size": 83.53512056534971}, "datetime": {"datetime": "2020-04-28 18:32:49", "elapsed": 67.072692, "delta": 4.695448}}
{"target": 0.0, "params": {"n_clusters": 12.0, "sim_thresh": 0.6, "step_size": 54.04752627810578, "window_size": 95.10285869641253}, "datetime": {"datetime": "2020-04-28 18:32:53", "elapsed": 71.305375, "delta": 4.232683}}
{"target": 0.2857142857142857, "params": {"n_clusters": 13.226713498389104, "sim_thresh": 0.5634352309172836, "step_size": 11.369379659896309, "window_size": 107.1607763231923}, "datetime": {"datetime": "2020-04-28 18:32:56", "elapsed": 74.046582, "delta": 2.741207}}
{"target": 0.0, "params": {"n_clusters": 18.0, "sim_thresh": 0.6, "step_size": 44.81936151004517, "window_size": 59.11184455603474}, "datetime": {"datetime": "2020-04-28 18:32:59", "elapsed": 77.036586, "delta": 2.990004}}
{"target": 0.14285714285714285, "params": {"n_clusters": 12.0, "sim_thresh": 0.6, "step_size": 22.661209901517772, "window_size": 97.60853922400064}, "datetime": {"datetime": "2020-04-28 18:33:02", "elapsed": 79.591756, "delta": 2.55517}}
{"target": 0.21428571428571427, "params": {"n_clusters": 12.0, "sim_thresh": 0.6, "step_size": 23.109986598509302, "window_size": 131.20249357073203}, "datetime": {"datetime": "2020-04-28 18:33:04", "elapsed": 82.088085, "delta": 2.496329}}
{"target": 0.2857142857142857, "params": {"n_clusters": 18.0, "sim_thresh": 0.6, "step_size": 10.0, "window_size": 71.88628402839387}, "datetime": {"datetime": "2020-04-28 18:33:08", "elapsed": 85.345374, "delta": 3.257289}}
{"target": 0.0, "params": {"n_clusters": 12.0, "sim_thresh": 0.6, "step_size": 45.59627210892774, "window_size": 137.05305901259183}, "datetime": {"datetime": "2020-04-28 18:33:10", "elapsed": 88.288506, "delta": 2.943132}}
{"target": 0.0, "params": {"n_clusters": 17.87386187153387, "sim_thresh": 0.5785378004288373, "step_size": 45.289467992282844, "window_size": 149.21306396953693}, "datetime": {"datetime": "2020-04-28 18:33:13", "elapsed": 90.685099, "delta": 2.396593}}
{"target": 0.0, "params": {"n_clusters": 18.0, "sim_thresh": 0.3, "step_size": 23.840334623330463, "window_size": 20.0}, "datetime": {"datetime": "2020-04-28 18:33:15", "elapsed": 93.056759, "delta": 2.37166}}
{"target": 0.2857142857142857, "params": {"n_clusters": 14.503828814202762, "sim_thresh": 0.4676069485337255, "step_size": 17.01934692976169, "window_size": 45.75319358103424}, "datetime": {"datetime": "2020-04-28 18:33:17", "elapsed": 94.798124, "delta": 1.741365}}
{"target": 0.0, "params": {"n_clusters": 18.0, "sim_thresh": 0.3, "step_size": 24.04053164699782, "window_size": 141.69226500288343}, "datetime": {"datetime": "2020-04-28 18:33:19", "elapsed": 97.033128, "delta": 2.235004}}
{"target": 0.0, "params": {"n_clusters": 18.0, "sim_thresh": 0.6, "step_size": 20.349228371035057, "window_size": 115.59435431651649}, "datetime": {"datetime": "2020-04-28 18:33:21", "elapsed": 99.07866, "delta": 2.045532}}
{"target": 0.0, "params": {"n_clusters": 12.250227301958919, "sim_thresh": 0.40802715971130815, "step_size": 10.031068608031626, "window_size": 140.00158757225287}, "datetime": {"datetime": "2020-04-28 18:33:23", "elapsed": 100.955642, "delta": 1.876982}}
{"target": 0.42857142857142855, "params": {"n_clusters": 12.19603354177576, "sim_thresh": 0.5584873582098302, "step_size": 59.287486208559436, "window_size": 63.62957299452779}, "datetime": {"datetime": "2020-04-28 18:33:25", "elapsed": 102.822651, "delta": 1.867009}}
{"target": 0.35714285714285715, "params": {"n_clusters": 12.0, "sim_thresh": 0.3, "step_size": 48.542386845348354, "window_size": 72.33262197860941}, "datetime": {"datetime": "2020-04-28 18:33:27", "elapsed": 105.011798, "delta": 2.189147}}
{"target": 0.42857142857142855, "params": {"n_clusters": 12.0, "sim_thresh": 0.3, "step_size": 20.834157405762184, "window_size": 33.99653356616107}, "datetime": {"datetime": "2020-04-28 18:33:29", "elapsed": 107.026413, "delta": 2.014615}}
{"target": 0.42857142857142855, "params": {"n_clusters": 12.0, "sim_thresh": 0.3, "step_size": 30.81088040533571, "window_size": 46.8583355779262}, "datetime": {"datetime": "2020-04-28 18:33:31", "elapsed": 109.212568, "delta": 2.186155}}
{"target": 0.07692307692307693, "params": {"n_clusters": 16.80446741205322, "sim_thresh": 0.5904784727158192, "step_size": 25.671208907962143, "window_size": 110.00194003701083}, "datetime": {"datetime": "2020-04-28 18:33:35", "elapsed": 112.758122, "delta": 3.545554}}
{"target": 0.0, "params": {"n_clusters": 12.0, "sim_thresh": 0.6, "step_size": 24.612970942252304, "window_size": 41.45773487279447}, "datetime": {"datetime": "2020-04-28 18:33:39", "elapsed": 117.312918, "delta": 4.554796}}
{"target": 0.0, "params": {"n_clusters": 12.0, "sim_thresh": 0.3, "step_size": 43.71009084436166, "window_size": 44.16610920205938}, "datetime": {"datetime": "2020-04-28 18:33:43", "elapsed": 120.955176, "delta": 3.642258}}
{"target": 0.07692307692307693, "params": {"n_clusters": 12.0, "sim_thresh": 0.3, "step_size": 33.8648365094342, "window_size": 57.9334385014728}, "datetime": {"datetime": "2020-04-28 18:33:46", "elapsed": 124.249371, "delta": 3.294195}}
{"target": 0.15384615384615385, "params": {"n_clusters": 18.0, "sim_thresh": 0.3, "step_size": 25.579353060870137, "window_size": 53.022121766910956}, "datetime": {"datetime": "2020-04-28 18:33:50", "elapsed": 127.752006, "delta": 3.502635}}
{"target": 0.07692307692307693, "params": {"n_clusters": 17.682486977559723, "sim_thresh": 0.5815277558773306, "step_size": 44.62210645672259, "window_size": 105.59848680906174}, "datetime": {"datetime": "2020-04-28 18:33:53", "elapsed": 131.025255, "delta": 3.273249}}
{"target": 0.0, "params": {"n_clusters": 12.0, "sim_thresh": 0.3, "step_size": 21.85379338951771, "window_size": 25.50853857271402}, "datetime": {"datetime": "2020-04-28 18:33:57", "elapsed": 134.380288, "delta": 3.355033}}
{"target": 0.0, "params": {"n_clusters": 12.068541257037394, "sim_thresh": 0.454288206599056, "step_size": 10.376303395799727, "window_size": 35.924321356032195}, "datetime": {"datetime": "2020-04-28 18:34:00", "elapsed": 137.852006, "delta": 3.471718}}
