{"target": 0.0, "params": {"alpha": 0.005830196974978962, "n_clusters": 16.321946960652948, "sim_thresh": 0.30003431244520345, "step_size": 25.116628631591986, "window_size": 39.07826580622469}, "datetime": {"datetime": "2020-04-29 12:13:38", "elapsed": 0.0, "delta": 0.0}}
{"target": 0.0, "params": {"alpha": 0.009076706390906792, "n_clusters": 13.117561268266025, "sim_thresh": 0.4036682181129143, "step_size": 29.838373711533496, "window_size": 90.0461754204364}, "datetime": {"datetime": "2020-04-29 12:13:40", "elapsed": 2.209096, "delta": 2.209096}}
{"target": 0.0, "params": {"alpha": 0.01, "n_clusters": 16.933061952090835, "sim_thresh": 0.34507523984673943, "step_size": 59.55724498252233, "window_size": 149.9154093027044}, "datetime": {"datetime": "2020-04-29 12:13:43", "elapsed": 4.937799, "delta": 2.728703}}
{"target": 0.0, "params": {"alpha": 0.01, "n_clusters": 17.012960388431114, "sim_thresh": 0.32773544800626175, "step_size": 59.36127386683838, "window_size": 20.242727439645044}, "datetime": {"datetime": "2020-04-29 12:13:45", "elapsed": 7.050152, "delta": 2.112353}}
{"target": 0.0, "params": {"alpha": 0.01, "n_clusters": 14.652601366158514, "sim_thresh": 0.338937789876486, "step_size": 10.753983583774398, "window_size": 149.43769779137003}, "datetime": {"datetime": "2020-04-29 12:13:48", "elapsed": 9.572412, "delta": 2.52226}}
{"target": 0.0, "params": {"alpha": 0.01, "n_clusters": 16.63874350854773, "sim_thresh": 0.40558485529915594, "step_size": 10.354335147612156, "window_size": 20.45286390510527}, "datetime": {"datetime": "2020-04-29 12:13:50", "elapsed": 12.225318, "delta": 2.652906}}
{"target": 0.0, "params": {"alpha": 0.01, "n_clusters": 12.427169937427157, "sim_thresh": 0.4371654133790748, "step_size": 59.8942262562988, "window_size": 149.52343846315821}, "datetime": {"datetime": "2020-04-29 12:13:53", "elapsed": 14.563069, "delta": 2.337751}}
{"target": 0.0, "params": {"alpha": 0.01, "n_clusters": 12.482777514958103, "sim_thresh": 0.5886560259051188, "step_size": 59.493528797534566, "window_size": 20.2620289518962}, "datetime": {"datetime": "2020-04-29 12:13:55", "elapsed": 17.242934, "delta": 2.679865}}
{"target": 0.0, "params": {"alpha": 0.005808474050481455, "n_clusters": 16.111317002380556, "sim_thresh": 0.36133567491945523, "step_size": 53.90587181954727, "window_size": 23.5603871157304}, "datetime": {"datetime": "2020-04-29 12:13:59", "elapsed": 20.361591, "delta": 3.118657}}
{"target": 0.0, "params": {"alpha": 0.0032959953657261554, "n_clusters": 14.503828814202762, "sim_thresh": 0.4676069485337255, "step_size": 17.01934692976169, "window_size": 45.75319358103424}, "datetime": {"datetime": "2020-04-29 12:14:02", "elapsed": 23.486213, "delta": 3.124622}}
{"target": 0.0, "params": {"alpha": 0.01, "n_clusters": 15.483728018853265, "sim_thresh": 0.493575609405363, "step_size": 10.24171945377996, "window_size": 149.28817021920105}, "datetime": {"datetime": "2020-04-29 12:14:05", "elapsed": 27.071653, "delta": 3.58544}}
{"target": 0.0, "params": {"alpha": 0.01, "n_clusters": 14.951923782772084, "sim_thresh": 0.38158439446859316, "step_size": 59.49341594764735, "window_size": 149.67979194332207}, "datetime": {"datetime": "2020-04-29 12:14:08", "elapsed": 29.724538, "delta": 2.652885}}
{"target": 0.0, "params": {"alpha": 0.01, "n_clusters": 17.56673463378454, "sim_thresh": 0.31030263107136796, "step_size": 10.92727298467105, "window_size": 148.46499934639746}, "datetime": {"datetime": "2020-04-29 12:14:12", "elapsed": 33.682955, "delta": 3.958417}}
{"target": 0.0, "params": {"alpha": 0.01, "n_clusters": 17.089862906754135, "sim_thresh": 0.3858538616502002, "step_size": 10.58492463636023, "window_size": 21.573387660807395}, "datetime": {"datetime": "2020-04-29 12:14:16", "elapsed": 37.418966, "delta": 3.736011}}
{"target": 0.0, "params": {"alpha": 0.01, "n_clusters": 14.793037389037861, "sim_thresh": 0.488635325656845, "step_size": 59.85260630399508, "window_size": 149.93238806325385}, "datetime": {"datetime": "2020-04-29 12:14:18", "elapsed": 40.132712, "delta": 2.713746}}
{"target": 0.0, "params": {"alpha": 0.01, "n_clusters": 13.671460226999788, "sim_thresh": 0.37570315443223273, "step_size": 59.99317301944725, "window_size": 20.17339301081452}, "datetime": {"datetime": "2020-04-29 12:14:21", "elapsed": 42.781653, "delta": 2.648941}}
{"target": 0.0, "params": {"alpha": 0.0019933550578133084, "n_clusters": 17.809569454316385, "sim_thresh": 0.39402725344777284, "step_size": 44.61613078346571, "window_size": 133.93058979848496}, "datetime": {"datetime": "2020-04-29 12:14:24", "elapsed": 46.099784, "delta": 3.318131}}
{"target": 0.0, "params": {"alpha": 0.00105482797162503, "n_clusters": 12.510265268218667, "sim_thresh": 0.3117164349698647, "step_size": 18.491520978228444, "window_size": 134.15852544582373}, "datetime": {"datetime": "2020-04-29 12:14:28", "elapsed": 49.866691, "delta": 3.766907}}
{"target": 0.0, "params": {"alpha": 0.01, "n_clusters": 14.804749062769352, "sim_thresh": 0.534186223625196, "step_size": 10.483664530055544, "window_size": 20.68972526189133}, "datetime": {"datetime": "2020-04-29 12:14:32", "elapsed": 53.475043, "delta": 3.608352}}
{"target": 0.0, "params": {"alpha": 0.01, "n_clusters": 14.072255218131362, "sim_thresh": 0.58065387156059, "step_size": 59.90429981035073, "window_size": 20.346121092475002}, "datetime": {"datetime": "2020-04-29 12:14:35", "elapsed": 56.791178, "delta": 3.316135}}
{"target": 0.0, "params": {"alpha": 0.01, "n_clusters": 12.210756588596105, "sim_thresh": 0.5351267759670414, "step_size": 10.959908607785415, "window_size": 149.67704541958224}, "datetime": {"datetime": "2020-04-29 12:14:39", "elapsed": 60.92882, "delta": 4.137642}}
{"target": 0.0, "params": {"alpha": 0.01, "n_clusters": 12.833056225154015, "sim_thresh": 0.5065729429835083, "step_size": 10.47553400408183, "window_size": 20.190795688580483}, "datetime": {"datetime": "2020-04-29 12:14:43", "elapsed": 64.519222, "delta": 3.590402}}
{"target": 0.0, "params": {"alpha": 0.01, "n_clusters": 17.92931428644563, "sim_thresh": 0.4716503916359484, "step_size": 59.94426737284335, "window_size": 148.4472628501788}, "datetime": {"datetime": "2020-04-29 12:14:46", "elapsed": 67.807431, "delta": 3.288209}}
{"target": 0.0, "params": {"alpha": 0.01, "n_clusters": 16.302695616158537, "sim_thresh": 0.32287746540941215, "step_size": 59.821965923344145, "window_size": 20.288520320723645}, "datetime": {"datetime": "2020-04-29 12:14:50", "elapsed": 71.390852, "delta": 3.583421}}
{"target": 0.0, "params": {"alpha": 0.009016630008503333, "n_clusters": 14.526645750030312, "sim_thresh": 0.5873668590451506, "step_size": 36.65826424865085, "window_size": 109.94402481356154}, "datetime": {"datetime": "2020-04-29 12:14:52", "elapsed": 73.760515, "delta": 2.369663}}
{"target": 0.0, "params": {"alpha": 0.006845159205570377, "n_clusters": 16.119005566089502, "sim_thresh": 0.5503877015692118, "step_size": 10.914413867209591, "window_size": 117.51876094284577}, "datetime": {"datetime": "2020-04-29 12:14:55", "elapsed": 76.793409, "delta": 3.032894}}
{"target": 0.0, "params": {"alpha": 0.01, "n_clusters": 12.456474539158059, "sim_thresh": 0.3024096678401594, "step_size": 10.004093670992884, "window_size": 23.176520557777497}, "datetime": {"datetime": "2020-04-29 12:14:58", "elapsed": 79.346606, "delta": 2.553197}}
{"target": 0.0, "params": {"alpha": 0.01, "n_clusters": 13.038059934918595, "sim_thresh": 0.37481840867640087, "step_size": 59.72274963935539, "window_size": 149.4182180818332}, "datetime": {"datetime": "2020-04-29 12:15:00", "elapsed": 81.669396, "delta": 2.32279}}
{"target": 0.0, "params": {"alpha": 0.01, "n_clusters": 13.79807115944937, "sim_thresh": 0.5113346641508913, "step_size": 10.068834123013522, "window_size": 149.22260239386486}, "datetime": {"datetime": "2020-04-29 12:15:03", "elapsed": 84.428995, "delta": 2.759599}}
{"target": 0.0, "params": {"alpha": 0.01, "n_clusters": 12.254741361262065, "sim_thresh": 0.4456998950749002, "step_size": 59.726563225534704, "window_size": 21.027777211713516}, "datetime": {"datetime": "2020-04-29 12:15:05", "elapsed": 86.56728, "delta": 2.138285}}
{"target": 0.0, "params": {"alpha": 0.01, "n_clusters": 14.584192994011637, "sim_thresh": 0.5813114990089774, "step_size": 10.03950222889334, "window_size": 20.69682430049886}, "datetime": {"datetime": "2020-04-29 12:15:07", "elapsed": 89.25011, "delta": 2.68283}}
{"target": 0.0, "params": {"alpha": 0.01, "n_clusters": 13.321547363638775, "sim_thresh": 0.32050680652207514, "step_size": 59.93138090818182, "window_size": 149.74440200203253}, "datetime": {"datetime": "2020-04-29 12:15:10", "elapsed": 91.456209, "delta": 2.206099}}
{"target": 0.0, "params": {"alpha": 0.00011237797202395816, "n_clusters": 16.488993926279036, "sim_thresh": 0.3841331976193215, "step_size": 49.46396642257442, "window_size": 33.419380855093465}, "datetime": {"datetime": "2020-04-29 12:15:11", "elapsed": 93.017061, "delta": 1.560852}}
{"target": 0.0, "params": {"alpha": 0.005521512631767124, "n_clusters": 17.451573018558573, "sim_thresh": 0.3880842445121038, "step_size": 24.388766929317438, "window_size": 36.9037143753761}, "datetime": {"datetime": "2020-04-29 12:15:13", "elapsed": 94.563901, "delta": 1.54684}}
{"target": 0.0, "params": {"alpha": 0.01, "n_clusters": 12.50066102857422, "sim_thresh": 0.3534020079120114, "step_size": 10.624053051115093, "window_size": 149.9752997459548}, "datetime": {"datetime": "2020-04-29 12:15:15", "elapsed": 96.4349, "delta": 1.870999}}
{"target": 0.0, "params": {"alpha": 0.01, "n_clusters": 16.571885594609363, "sim_thresh": 0.5785396898711056, "step_size": 59.78449562600114, "window_size": 20.44084703328953}, "datetime": {"datetime": "2020-04-29 12:15:16", "elapsed": 98.015673, "delta": 1.580773}}
{"target": 0.0, "params": {"alpha": 0.01, "n_clusters": 17.528523852942506, "sim_thresh": 0.5407938666515313, "step_size": 59.31616623974568, "window_size": 148.97397010367402}, "datetime": {"datetime": "2020-04-29 12:15:18", "elapsed": 99.625369, "delta": 1.609696}}
{"target": 0.0, "params": {"alpha": 0.01, "n_clusters": 15.194456358429285, "sim_thresh": 0.4825180019676176, "step_size": 10.617668304468205, "window_size": 149.4482111957279}, "datetime": {"datetime": "2020-04-29 12:15:20", "elapsed": 101.370728, "delta": 1.745359}}
{"target": 0.0, "params": {"alpha": 0.01, "n_clusters": 17.51392589929097, "sim_thresh": 0.5206727727756861, "step_size": 10.801967960249339, "window_size": 20.70783361400972}, "datetime": {"datetime": "2020-04-29 12:15:22", "elapsed": 103.51896, "delta": 2.148232}}
{"target": 0.0, "params": {"alpha": 0.01, "n_clusters": 12.642684092513818, "sim_thresh": 0.5458515162629987, "step_size": 59.65494894897886, "window_size": 149.50033550330002}, "datetime": {"datetime": "2020-04-29 12:15:23", "elapsed": 105.143618, "delta": 1.624658}}
{"target": 0.0, "params": {"alpha": 0.0098063497882549, "n_clusters": 16.073013197639348, "sim_thresh": 0.3634884348000177, "step_size": 23.27733296861131, "window_size": 83.90451070644397}, "datetime": {"datetime": "2020-04-29 12:15:27", "elapsed": 108.394927, "delta": 3.251309}}
{"target": 0.0, "params": {"alpha": 0.009466427911374314, "n_clusters": 15.444705632952079, "sim_thresh": 0.34401857247174306, "step_size": 39.46527684516421, "window_size": 110.96858680272105}, "datetime": {"datetime": "2020-04-29 12:15:30", "elapsed": 111.620328, "delta": 3.225401}}
{"target": 0.0, "params": {"alpha": 0.01, "n_clusters": 12.146873601096907, "sim_thresh": 0.4038004694952393, "step_size": 59.70416010358663, "window_size": 20.562383415832773}, "datetime": {"datetime": "2020-04-29 12:15:33", "elapsed": 114.580389, "delta": 2.960061}}
{"target": 0.0, "params": {"alpha": 0.01, "n_clusters": 17.60068781579588, "sim_thresh": 0.4323826696999207, "step_size": 10.759574495654224, "window_size": 149.7662618443302}, "datetime": {"datetime": "2020-04-29 12:15:37", "elapsed": 118.451042, "delta": 3.870653}}
{"target": 0.0, "params": {"alpha": 0.01, "n_clusters": 16.582016903846934, "sim_thresh": 0.5347511754050978, "step_size": 10.02021063299838, "window_size": 21.4280865082678}, "datetime": {"datetime": "2020-04-29 12:15:40", "elapsed": 122.111258, "delta": 3.660216}}
{"target": 0.0, "params": {"alpha": 0.01, "n_clusters": 17.17325973331318, "sim_thresh": 0.5318512060627134, "step_size": 59.23084347554699, "window_size": 22.235663092132473}, "datetime": {"datetime": "2020-04-29 12:15:44", "elapsed": 125.325688, "delta": 3.21443}}
{"target": 0.0, "params": {"alpha": 0.01, "n_clusters": 17.80235896877117, "sim_thresh": 0.31052620282150284, "step_size": 59.306192726979035, "window_size": 148.94809367731935}, "datetime": {"datetime": "2020-04-29 12:15:48", "elapsed": 130.04607, "delta": 4.720382}}
{"target": 0.0, "params": {"alpha": 0.01, "n_clusters": 17.565287099735986, "sim_thresh": 0.5408290200183492, "step_size": 10.298377321089221, "window_size": 149.49541719026556}, "datetime": {"datetime": "2020-04-29 12:15:53", "elapsed": 134.404394, "delta": 4.358324}}
