{"target": 0.0, "params": {"alpha": 0.005830196974978962, "n_clusters": 16.321946960652948, "sim_thresh": 0.30003431244520345, "step_size": 25.116628631591986, "window_size": 39.07826580622469}, "datetime": {"datetime": "2020-04-29 12:15:55", "elapsed": 0.0, "delta": 0.0}}
{"target": 0.0, "params": {"alpha": 0.009076706390906792, "n_clusters": 13.117561268266025, "sim_thresh": 0.4036682181129143, "step_size": 29.838373711533496, "window_size": 90.0461754204364}, "datetime": {"datetime": "2020-04-29 12:15:58", "elapsed": 2.607029, "delta": 2.607029}}
{"target": 0.0, "params": {"alpha": 0.01, "n_clusters": 16.933061952090835, "sim_thresh": 0.34507523984673943, "step_size": 59.55724498252233, "window_size": 149.9154093027044}, "datetime": {"datetime": "2020-04-29 12:16:01", "elapsed": 5.693777, "delta": 3.086748}}
{"target": 0.0, "params": {"alpha": 0.01, "n_clusters": 17.012960388431114, "sim_thresh": 0.32773544800626175, "step_size": 59.36127386683838, "window_size": 20.242727439645044}, "datetime": {"datetime": "2020-04-29 12:16:03", "elapsed": 7.838071, "delta": 2.144294}}
{"target": 0.0, "params": {"alpha": 0.01, "n_clusters": 14.652601366158514, "sim_thresh": 0.338937789876486, "step_size": 10.753983583774398, "window_size": 149.43769779137003}, "datetime": {"datetime": "2020-04-29 12:16:05", "elapsed": 10.432124, "delta": 2.594053}}
{"target": 0.0, "params": {"alpha": 0.01, "n_clusters": 16.63874350854773, "sim_thresh": 0.40558485529915594, "step_size": 10.354335147612156, "window_size": 20.45286390510527}, "datetime": {"datetime": "2020-04-29 12:16:08", "elapsed": 12.801774, "delta": 2.36965}}
{"target": 0.0, "params": {"alpha": 0.01, "n_clusters": 12.427169937427157, "sim_thresh": 0.4371654133790748, "step_size": 59.8942262562988, "window_size": 149.52343846315821}, "datetime": {"datetime": "2020-04-29 12:16:10", "elapsed": 14.989927, "delta": 2.188153}}
{"target": 0.0, "params": {"alpha": 0.01, "n_clusters": 12.482777514958103, "sim_thresh": 0.5886560259051188, "step_size": 59.493528797534566, "window_size": 20.2620289518962}, "datetime": {"datetime": "2020-04-29 12:16:12", "elapsed": 17.378541, "delta": 2.388614}}
{"target": 0.0, "params": {"alpha": 0.005808474050481455, "n_clusters": 16.111317002380556, "sim_thresh": 0.36133567491945523, "step_size": 53.90587181954727, "window_size": 23.5603871157304}, "datetime": {"datetime": "2020-04-29 12:16:15", "elapsed": 20.323696, "delta": 2.945155}}
{"target": 0.0, "params": {"alpha": 0.0032959953657261554, "n_clusters": 14.503828814202762, "sim_thresh": 0.4676069485337255, "step_size": 17.01934692976169, "window_size": 45.75319358103424}, "datetime": {"datetime": "2020-04-29 12:16:18", "elapsed": 23.466266, "delta": 3.14257}}
{"target": 0.0, "params": {"alpha": 0.01, "n_clusters": 15.483728018853265, "sim_thresh": 0.493575609405363, "step_size": 10.24171945377996, "window_size": 149.28817021920105}, "datetime": {"datetime": "2020-04-29 12:16:22", "elapsed": 27.162384, "delta": 3.696118}}
{"target": 0.0, "params": {"alpha": 0.01, "n_clusters": 14.951923782772084, "sim_thresh": 0.38158439446859316, "step_size": 59.49341594764735, "window_size": 149.67979194332207}, "datetime": {"datetime": "2020-04-29 12:16:25", "elapsed": 30.10751, "delta": 2.945126}}
{"target": 0.0, "params": {"alpha": 0.01, "n_clusters": 17.56673463378454, "sim_thresh": 0.31030263107136796, "step_size": 10.92727298467105, "window_size": 148.46499934639746}, "datetime": {"datetime": "2020-04-29 12:16:29", "elapsed": 33.88046, "delta": 3.77295}}
{"target": 0.0, "params": {"alpha": 0.01, "n_clusters": 17.089862906754135, "sim_thresh": 0.3858538616502002, "step_size": 10.58492463636023, "window_size": 21.573387660807395}, "datetime": {"datetime": "2020-04-29 12:16:32", "elapsed": 37.095829, "delta": 3.215369}}
{"target": 0.0, "params": {"alpha": 0.01, "n_clusters": 14.793037389037861, "sim_thresh": 0.488635325656845, "step_size": 59.85260630399508, "window_size": 149.93238806325385}, "datetime": {"datetime": "2020-04-29 12:16:35", "elapsed": 39.712857, "delta": 2.617028}}
{"target": 0.0, "params": {"alpha": 0.01, "n_clusters": 13.671460226999788, "sim_thresh": 0.37570315443223273, "step_size": 59.99317301944725, "window_size": 20.17339301081452}, "datetime": {"datetime": "2020-04-29 12:16:37", "elapsed": 42.46647, "delta": 2.753613}}
{"target": 0.0, "params": {"alpha": 0.0019933550578133084, "n_clusters": 17.809569454316385, "sim_thresh": 0.39402725344777284, "step_size": 44.61613078346571, "window_size": 133.93058979848496}, "datetime": {"datetime": "2020-04-29 12:16:41", "elapsed": 45.666915, "delta": 3.200445}}
{"target": 0.0, "params": {"alpha": 0.00105482797162503, "n_clusters": 12.510265268218667, "sim_thresh": 0.3117164349698647, "step_size": 18.491520978228444, "window_size": 134.15852544582373}, "datetime": {"datetime": "2020-04-29 12:16:44", "elapsed": 49.085782, "delta": 3.418867}}
{"target": 0.0, "params": {"alpha": 0.01, "n_clusters": 14.804749062769352, "sim_thresh": 0.534186223625196, "step_size": 10.483664530055544, "window_size": 20.68972526189133}, "datetime": {"datetime": "2020-04-29 12:16:48", "elapsed": 52.959444, "delta": 3.873662}}
{"target": 0.0, "params": {"alpha": 0.01, "n_clusters": 14.072255218131362, "sim_thresh": 0.58065387156059, "step_size": 59.90429981035073, "window_size": 20.346121092475002}, "datetime": {"datetime": "2020-04-29 12:16:51", "elapsed": 56.429144, "delta": 3.4697}}
{"target": 0.0, "params": {"alpha": 0.01, "n_clusters": 12.210756588596105, "sim_thresh": 0.5351267759670414, "step_size": 10.959908607785415, "window_size": 149.67704541958224}, "datetime": {"datetime": "2020-04-29 12:16:56", "elapsed": 61.066776, "delta": 4.637632}}
{"target": 0.0, "params": {"alpha": 0.01, "n_clusters": 12.833056225154015, "sim_thresh": 0.5065729429835083, "step_size": 10.47553400408183, "window_size": 20.190795688580483}, "datetime": {"datetime": "2020-04-29 12:17:00", "elapsed": 64.834672, "delta": 3.767896}}
{"target": 0.0, "params": {"alpha": 0.01, "n_clusters": 17.92931428644563, "sim_thresh": 0.4716503916359484, "step_size": 59.94426737284335, "window_size": 148.4472628501788}, "datetime": {"datetime": "2020-04-29 12:17:03", "elapsed": 68.488903, "delta": 3.654231}}
{"target": 0.0, "params": {"alpha": 0.01, "n_clusters": 16.302695616158537, "sim_thresh": 0.32287746540941215, "step_size": 59.821965923344145, "window_size": 20.288520320723645}, "datetime": {"datetime": "2020-04-29 12:17:07", "elapsed": 71.970597, "delta": 3.481694}}
{"target": 0.0, "params": {"alpha": 0.009016630008503333, "n_clusters": 14.526645750030312, "sim_thresh": 0.5873668590451506, "step_size": 36.65826424865085, "window_size": 109.94402481356154}, "datetime": {"datetime": "2020-04-29 12:17:10", "elapsed": 74.700298, "delta": 2.729701}}
{"target": 0.0, "params": {"alpha": 0.006845159205570377, "n_clusters": 16.119005566089502, "sim_thresh": 0.5503877015692118, "step_size": 10.914413867209591, "window_size": 117.51876094284577}, "datetime": {"datetime": "2020-04-29 12:17:13", "elapsed": 77.823973, "delta": 3.123675}}
{"target": 0.0, "params": {"alpha": 0.01, "n_clusters": 12.456474539158059, "sim_thresh": 0.3024096678401594, "step_size": 10.004093670992884, "window_size": 23.176520557777497}, "datetime": {"datetime": "2020-04-29 12:17:15", "elapsed": 80.474884, "delta": 2.650911}}
{"target": 0.0, "params": {"alpha": 0.01, "n_clusters": 13.038059934918595, "sim_thresh": 0.37481840867640087, "step_size": 59.72274963935539, "window_size": 149.4182180818332}, "datetime": {"datetime": "2020-04-29 12:17:18", "elapsed": 82.913341, "delta": 2.438457}}
{"target": 0.0, "params": {"alpha": 0.01, "n_clusters": 13.79807115944937, "sim_thresh": 0.5113346641508913, "step_size": 10.068834123013522, "window_size": 149.22260239386486}, "datetime": {"datetime": "2020-04-29 12:17:21", "elapsed": 85.787657, "delta": 2.874316}}
{"target": 0.0, "params": {"alpha": 0.01, "n_clusters": 12.254741361262065, "sim_thresh": 0.4456998950749002, "step_size": 59.726563225534704, "window_size": 21.027777211713516}, "datetime": {"datetime": "2020-04-29 12:17:23", "elapsed": 88.437574, "delta": 2.649917}}
{"target": 0.0, "params": {"alpha": 0.01, "n_clusters": 14.584192994011637, "sim_thresh": 0.5813114990089774, "step_size": 10.03950222889334, "window_size": 20.69682430049886}, "datetime": {"datetime": "2020-04-29 12:17:27", "elapsed": 91.673925, "delta": 3.236351}}
{"target": 0.0, "params": {"alpha": 0.01, "n_clusters": 13.321547363638775, "sim_thresh": 0.32050680652207514, "step_size": 59.93138090818182, "window_size": 149.74440200203253}, "datetime": {"datetime": "2020-04-29 12:17:29", "elapsed": 94.140358, "delta": 2.466433}}
{"target": 0.0, "params": {"alpha": 0.00011237797202395816, "n_clusters": 16.488993926279036, "sim_thresh": 0.3841331976193215, "step_size": 49.46396642257442, "window_size": 33.419380855093465}, "datetime": {"datetime": "2020-04-29 12:17:31", "elapsed": 95.863721, "delta": 1.723363}}
{"target": 0.0, "params": {"alpha": 0.005521512631767124, "n_clusters": 17.451573018558573, "sim_thresh": 0.3880842445121038, "step_size": 24.388766929317438, "window_size": 36.9037143753761}, "datetime": {"datetime": "2020-04-29 12:17:32", "elapsed": 97.37468, "delta": 1.510959}}
{"target": 0.0, "params": {"alpha": 0.01, "n_clusters": 12.50066102857422, "sim_thresh": 0.3534020079120114, "step_size": 10.624053051115093, "window_size": 149.9752997459548}, "datetime": {"datetime": "2020-04-29 12:17:34", "elapsed": 99.117048, "delta": 1.742368}}
{"target": 0.0, "params": {"alpha": 0.01, "n_clusters": 16.571885594609363, "sim_thresh": 0.5785396898711056, "step_size": 59.78449562600114, "window_size": 20.44084703328953}, "datetime": {"datetime": "2020-04-29 12:17:36", "elapsed": 100.666881, "delta": 1.549833}}
{"target": 0.0, "params": {"alpha": 0.01, "n_clusters": 17.528523852942506, "sim_thresh": 0.5407938666515313, "step_size": 59.31616623974568, "window_size": 148.97397010367402}, "datetime": {"datetime": "2020-04-29 12:17:37", "elapsed": 102.430192, "delta": 1.763311}}
{"target": 0.0, "params": {"alpha": 0.01, "n_clusters": 15.194456358429285, "sim_thresh": 0.4825180019676176, "step_size": 10.617668304468205, "window_size": 149.4482111957279}, "datetime": {"datetime": "2020-04-29 12:17:39", "elapsed": 104.2134, "delta": 1.783208}}
{"target": 0.0, "params": {"alpha": 0.01, "n_clusters": 17.51392589929097, "sim_thresh": 0.5206727727756861, "step_size": 10.801967960249339, "window_size": 20.70783361400972}, "datetime": {"datetime": "2020-04-29 12:17:41", "elapsed": 105.893933, "delta": 1.680533}}
{"target": 0.0, "params": {"alpha": 0.01, "n_clusters": 12.642684092513818, "sim_thresh": 0.5458515162629987, "step_size": 59.65494894897886, "window_size": 149.50033550330002}, "datetime": {"datetime": "2020-04-29 12:17:42", "elapsed": 107.473684, "delta": 1.579751}}
{"target": 0.0, "params": {"alpha": 0.0098063497882549, "n_clusters": 16.073013197639348, "sim_thresh": 0.3634884348000177, "step_size": 23.27733296861131, "window_size": 83.90451070644397}, "datetime": {"datetime": "2020-04-29 12:17:46", "elapsed": 110.766881, "delta": 3.293197}}
{"target": 0.0, "params": {"alpha": 0.009466427911374314, "n_clusters": 15.444705632952079, "sim_thresh": 0.34401857247174306, "step_size": 39.46527684516421, "window_size": 110.96858680272105}, "datetime": {"datetime": "2020-04-29 12:17:49", "elapsed": 113.809743, "delta": 3.042862}}
{"target": 0.0, "params": {"alpha": 0.01, "n_clusters": 12.146873601096907, "sim_thresh": 0.4038004694952393, "step_size": 59.70416010358663, "window_size": 20.562383415832773}, "datetime": {"datetime": "2020-04-29 12:17:52", "elapsed": 117.183729, "delta": 3.373986}}
{"target": 0.0, "params": {"alpha": 0.01, "n_clusters": 17.60068781579588, "sim_thresh": 0.4323826696999207, "step_size": 10.759574495654224, "window_size": 149.7662618443302}, "datetime": {"datetime": "2020-04-29 12:17:56", "elapsed": 121.446355, "delta": 4.262626}}
{"target": 0.0, "params": {"alpha": 0.01, "n_clusters": 16.582016903846934, "sim_thresh": 0.5347511754050978, "step_size": 10.02021063299838, "window_size": 21.4280865082678}, "datetime": {"datetime": "2020-04-29 12:18:00", "elapsed": 125.148957, "delta": 3.702602}}
{"target": 0.0, "params": {"alpha": 0.01, "n_clusters": 17.17325973331318, "sim_thresh": 0.5318512060627134, "step_size": 59.23084347554699, "window_size": 22.235663092132473}, "datetime": {"datetime": "2020-04-29 12:18:03", "elapsed": 128.43218, "delta": 3.283223}}
{"target": 0.0, "params": {"alpha": 0.01, "n_clusters": 17.80235896877117, "sim_thresh": 0.31052620282150284, "step_size": 59.306192726979035, "window_size": 148.94809367731935}, "datetime": {"datetime": "2020-04-29 12:18:08", "elapsed": 132.869317, "delta": 4.437137}}
{"target": 0.0, "params": {"alpha": 0.01, "n_clusters": 17.565287099735986, "sim_thresh": 0.5408290200183492, "step_size": 10.298377321089221, "window_size": 149.49541719026556}, "datetime": {"datetime": "2020-04-29 12:18:14", "elapsed": 138.695742, "delta": 5.826425}}
