{"target": 0.0, "params": {"alpha": 0.01, "chunksize": 100.0, "eta": 0.005, "minimum_probability": 0.0, "n_clusters": 12.880535344902679, "passes": 2.369354379075191, "sim_thresh": 0.35587806341330125, "step_size": 27.278036352152387, "window_size": 71.5797716499871}, "datetime": {"datetime": "2020-04-28 19:21:10", "elapsed": 0.0, "delta": 0.0}}
{"target": 0.0, "params": {"alpha": 0.01, "chunksize": 100.0, "eta": 0.005, "minimum_probability": 0.0, "n_clusters": 14.38597617264066, "passes": 5.919142334579762, "sim_thresh": 0.33385558719793684, "step_size": 41.44989835860664, "window_size": 107.62182735048746}, "datetime": {"datetime": "2020-04-28 19:21:12", "elapsed": 2.108353, "delta": 2.108353}}
{"target": 0.0, "params": {"alpha": 0.01, "chunksize": 100.0, "eta": 0.005, "minimum_probability": 0.0, "n_clusters": 16.616964972978344, "passes": 5.077198807800254, "sim_thresh": 0.4691199166103205, "step_size": 58.49395669689717, "window_size": 20.36103324642098}, "datetime": {"datetime": "2020-04-28 19:21:15", "elapsed": 4.388258, "delta": 2.279905}}
{"target": 0.0, "params": {"alpha": 0.01, "chunksize": 100.0, "eta": 0.005, "minimum_probability": 0.0, "n_clusters": 16.111630437137464, "passes": 2.6531921479799356, "sim_thresh": 0.5834180791431542, "step_size": 10.291860311923825, "window_size": 149.9117935450657}, "datetime": {"datetime": "2020-04-28 19:21:18", "elapsed": 7.92079, "delta": 3.532532}}
{"target": 0.0, "params": {"alpha": 0.01, "chunksize": 100.0, "eta": 0.005, "minimum_probability": 0.0, "n_clusters": 13.803076972988922, "passes": 4.436494175221478, "sim_thresh": 0.3526167323546256, "step_size": 10.183139908502117, "window_size": 22.019437647290342}, "datetime": {"datetime": "2020-04-28 19:21:21", "elapsed": 10.890874, "delta": 2.970084}}
{"target": 0.0, "params": {"alpha": 0.01, "chunksize": 100.0, "eta": 0.005, "minimum_probability": 0.0, "n_clusters": 17.370486553163747, "passes": 5.829043975890983, "sim_thresh": 0.3103296292927588, "step_size": 58.742052564935165, "window_size": 149.73492123175643}, "datetime": {"datetime": "2020-04-28 19:21:24", "elapsed": 13.626561, "delta": 2.735687}}
{"target": 0.0, "params": {"alpha": 0.01, "chunksize": 100.0, "eta": 0.005, "minimum_probability": 0.0, "n_clusters": 13.70439488842282, "passes": 5.172065173379795, "sim_thresh": 0.3149055685612319, "step_size": 59.71299555906551, "window_size": 20.063697225769303}, "datetime": {"datetime": "2020-04-28 19:21:27", "elapsed": 16.420092, "delta": 2.793531}}
{"target": 0.0, "params": {"alpha": 0.01, "chunksize": 100.0, "eta": 0.005, "minimum_probability": 0.0, "n_clusters": 17.116897954138985, "passes": 5.697503476982936, "sim_thresh": 0.5723568423455403, "step_size": 59.727719969732775, "window_size": 149.550433782889}, "datetime": {"datetime": "2020-04-28 19:21:30", "elapsed": 19.545737, "delta": 3.125645}}
{"target": 0.0, "params": {"alpha": 0.01, "chunksize": 100.0, "eta": 0.005, "minimum_probability": 0.0, "n_clusters": 17.268704618345673, "passes": 2.1095503727917047, "sim_thresh": 0.5011402530535206, "step_size": 30.865240118356347, "window_size": 92.62967769794771}, "datetime": {"datetime": "2020-04-28 19:21:32", "elapsed": 22.066996, "delta": 2.521259}}
{"target": 0.0, "params": {"alpha": 0.01, "chunksize": 100.0, "eta": 0.005, "minimum_probability": 0.0, "n_clusters": 16.2266527542009, "passes": 4.480012463815564, "sim_thresh": 0.5399375092005833, "step_size": 10.77552267888552, "window_size": 20.01407934751468}, "datetime": {"datetime": "2020-04-28 19:21:35", "elapsed": 25.086923, "delta": 3.019927}}
{"target": 0.0, "params": {"alpha": 0.01, "chunksize": 100.0, "eta": 0.005, "minimum_probability": 0.0, "n_clusters": 16.25268708124444, "passes": 3.0010476111487585, "sim_thresh": 0.355352884966686, "step_size": 10.15556363108068, "window_size": 149.73135666721421}, "datetime": {"datetime": "2020-04-28 19:21:39", "elapsed": 28.428964, "delta": 3.342041}}
{"target": 0.0, "params": {"alpha": 0.01, "chunksize": 100.0, "eta": 0.005, "minimum_probability": 0.0, "n_clusters": 13.336674620726464, "passes": 4.009581140879192, "sim_thresh": 0.3143047251997875, "step_size": 59.476112240725435, "window_size": 21.71396663352642}, "datetime": {"datetime": "2020-04-28 19:21:42", "elapsed": 31.559619, "delta": 3.130655}}
{"target": 0.0, "params": {"alpha": 0.01, "chunksize": 100.0, "eta": 0.005, "minimum_probability": 0.0, "n_clusters": 15.379041183101837, "passes": 3.861682981782144, "sim_thresh": 0.3417280608967824, "step_size": 59.54042219758616, "window_size": 149.20701127636013}, "datetime": {"datetime": "2020-04-28 19:21:45", "elapsed": 35.029343, "delta": 3.469724}}
{"target": 0.0, "params": {"alpha": 0.01, "chunksize": 100.0, "eta": 0.005, "minimum_probability": 0.0, "n_clusters": 13.655854135256304, "passes": 2.3210983352096406, "sim_thresh": 0.4399914062087521, "step_size": 10.005836177633267, "window_size": 21.294381096684624}, "datetime": {"datetime": "2020-04-28 19:21:49", "elapsed": 38.407312, "delta": 3.377969}}
{"target": 0.0, "params": {"alpha": 0.01, "chunksize": 100.0, "eta": 0.005, "minimum_probability": 0.0, "n_clusters": 17.886828859672512, "passes": 4.837531951560635, "sim_thresh": 0.47399840897830214, "step_size": 10.457892094468765, "window_size": 149.80703307007988}, "datetime": {"datetime": "2020-04-28 19:21:52", "elapsed": 41.902944, "delta": 3.495632}}
{"target": 0.0, "params": {"alpha": 0.01, "chunksize": 100.0, "eta": 0.005, "minimum_probability": 0.0, "n_clusters": 13.568272090853448, "passes": 3.647459419408742, "sim_thresh": 0.41808229544753733, "step_size": 59.58285398073908, "window_size": 20.227532027372607}, "datetime": {"datetime": "2020-04-28 19:21:55", "elapsed": 45.117374, "delta": 3.21443}}
{"target": 0.0, "params": {"alpha": 0.01, "chunksize": 100.0, "eta": 0.005, "minimum_probability": 0.0, "n_clusters": 13.880545068955456, "passes": 4.769290462677256, "sim_thresh": 0.5629167456888114, "step_size": 54.730333175192364, "window_size": 31.055747478071126}, "datetime": {"datetime": "2020-04-28 19:21:58", "elapsed": 47.991665, "delta": 2.874291}}
{"target": 0.0, "params": {"alpha": 0.01, "chunksize": 100.0, "eta": 0.005, "minimum_probability": 0.0, "n_clusters": 17.87798933473139, "passes": 2.3329005884394736, "sim_thresh": 0.3886972526158415, "step_size": 10.070428181012161, "window_size": 149.6029575045863}, "datetime": {"datetime": "2020-04-28 19:22:02", "elapsed": 51.750655, "delta": 3.75899}}
{"target": 0.0, "params": {"alpha": 0.01, "chunksize": 100.0, "eta": 0.005, "minimum_probability": 0.0, "n_clusters": 16.020510803370616, "passes": 5.495897192369622, "sim_thresh": 0.4548156153678027, "step_size": 59.96153290026079, "window_size": 148.79989901470339}, "datetime": {"datetime": "2020-04-28 19:22:06", "elapsed": 55.782836, "delta": 4.032181}}
{"target": 0.0, "params": {"alpha": 0.01, "chunksize": 100.0, "eta": 0.005, "minimum_probability": 0.0, "n_clusters": 12.826005852776548, "passes": 4.022157873721627, "sim_thresh": 0.5419778218558036, "step_size": 10.062070843147149, "window_size": 20.351334795398113}, "datetime": {"datetime": "2020-04-28 19:22:10", "elapsed": 59.32437, "delta": 3.541534}}
{"target": 0.0, "params": {"alpha": 0.01, "chunksize": 100.0, "eta": 0.005, "minimum_probability": 0.0, "n_clusters": 13.585544025278605, "passes": 3.31194724294312, "sim_thresh": 0.5777947435066544, "step_size": 59.743483563317504, "window_size": 148.99992217503248}, "datetime": {"datetime": "2020-04-28 19:22:13", "elapsed": 63.037467, "delta": 3.713097}}
{"target": 0.0, "params": {"alpha": 0.01, "chunksize": 100.0, "eta": 0.005, "minimum_probability": 0.0, "n_clusters": 16.67356427292794, "passes": 5.285388873399437, "sim_thresh": 0.5832388710293822, "step_size": 10.696158737561802, "window_size": 20.90976624077001}, "datetime": {"datetime": "2020-04-28 19:22:17", "elapsed": 66.704664, "delta": 3.667197}}
{"target": 0.0, "params": {"alpha": 0.01, "chunksize": 100.0, "eta": 0.005, "minimum_probability": 0.0, "n_clusters": 14.986417634794632, "passes": 3.7782516631179943, "sim_thresh": 0.38117515318554707, "step_size": 10.310668052967506, "window_size": 148.9008949482863}, "datetime": {"datetime": "2020-04-28 19:22:21", "elapsed": 70.745835, "delta": 4.041171}}
{"target": 0.0, "params": {"alpha": 0.01, "chunksize": 100.0, "eta": 0.005, "minimum_probability": 0.0, "n_clusters": 17.548258647774233, "passes": 2.304870091546174, "sim_thresh": 0.42325976746063676, "step_size": 58.796622531401276, "window_size": 20.36327997652653}, "datetime": {"datetime": "2020-04-28 19:22:25", "elapsed": 74.841909, "delta": 4.096074}}
{"target": 0.0, "params": {"alpha": 0.01, "chunksize": 100.0, "eta": 0.005, "minimum_probability": 0.0, "n_clusters": 14.526645750030312, "passes": 5.831558120602008, "sim_thresh": 0.4599495854919051, "step_size": 44.593855697523665, "window_size": 61.01703203078819}, "datetime": {"datetime": "2020-04-28 19:22:27", "elapsed": 76.939303, "delta": 2.097394}}
{"target": 0.0, "params": {"alpha": 0.01, "chunksize": 100.0, "eta": 0.005, "minimum_probability": 0.0, "n_clusters": 14.158420859370034, "passes": 2.0382057814759906, "sim_thresh": 0.33632579455697065, "step_size": 10.097412352276265, "window_size": 149.68459609784117}, "datetime": {"datetime": "2020-04-28 19:22:30", "elapsed": 79.860493, "delta": 2.92119}}
{"target": 0.0, "params": {"alpha": 0.01, "chunksize": 100.0, "eta": 0.005, "minimum_probability": 0.0, "n_clusters": 14.626963832378125, "passes": 2.5216127240471153, "sim_thresh": 0.5224250578963167, "step_size": 59.900961705440494, "window_size": 149.75441061532405}, "datetime": {"datetime": "2020-04-28 19:22:33", "elapsed": 82.969184, "delta": 3.108691}}
{"target": 0.0, "params": {"alpha": 0.01, "chunksize": 100.0, "eta": 0.005, "minimum_probability": 0.0, "n_clusters": 12.019108052283302, "passes": 2.0565680504395716, "sim_thresh": 0.323545989093113, "step_size": 10.258570895249195, "window_size": 22.09356749463162}, "datetime": {"datetime": "2020-04-28 19:22:36", "elapsed": 86.011027, "delta": 3.041843}}
{"target": 0.0, "params": {"alpha": 0.01, "chunksize": 100.0, "eta": 0.005, "minimum_probability": 0.0, "n_clusters": 12.754409830050625, "passes": 5.729746502089018, "sim_thresh": 0.4225825844171873, "step_size": 59.43321826769149, "window_size": 20.04654017935631}, "datetime": {"datetime": "2020-04-28 19:22:39", "elapsed": 88.704849, "delta": 2.693822}}
{"target": 0.0, "params": {"alpha": 0.01, "chunksize": 100.0, "eta": 0.005, "minimum_probability": 0.0, "n_clusters": 12.156655445676282, "passes": 5.677581344923834, "sim_thresh": 0.5203397845102605, "step_size": 10.854030836424357, "window_size": 148.33143312198524}, "datetime": {"datetime": "2020-04-28 19:22:42", "elapsed": 91.76766, "delta": 3.062811}}
{"target": 0.0, "params": {"alpha": 0.01, "chunksize": 100.0, "eta": 0.005, "minimum_probability": 0.0, "n_clusters": 12.764147846076936, "passes": 4.599551724488247, "sim_thresh": 0.40223527289336536, "step_size": 59.28280622305017, "window_size": 149.5128174073069}, "datetime": {"datetime": "2020-04-28 19:22:45", "elapsed": 94.781578, "delta": 3.013918}}
{"target": 0.0, "params": {"alpha": 0.01, "chunksize": 100.0, "eta": 0.005, "minimum_probability": 0.0, "n_clusters": 17.079664250721493, "passes": 2.7096633493442868, "sim_thresh": 0.36899410544024175, "step_size": 10.227649863313411, "window_size": 20.692508232783457}, "datetime": {"datetime": "2020-04-28 19:22:48", "elapsed": 97.658912, "delta": 2.877334}}
{"target": 0.0, "params": {"alpha": 0.01, "chunksize": 100.0, "eta": 0.005, "minimum_probability": 0.0, "n_clusters": 17.933166533438968, "passes": 4.992662617519358, "sim_thresh": 0.3841331976193215, "step_size": 49.46396642257442, "window_size": 33.419380855093465}, "datetime": {"datetime": "2020-04-28 19:22:50", "elapsed": 99.367321, "delta": 1.708409}}
{"target": 0.0, "params": {"alpha": 0.01, "chunksize": 100.0, "eta": 0.005, "minimum_probability": 0.0, "n_clusters": 17.870996313788098, "passes": 5.044569051294908, "sim_thresh": 0.34693429077196425, "step_size": 10.457282574668477, "window_size": 149.7683419449295}, "datetime": {"datetime": "2020-04-28 19:22:52", "elapsed": 102.095027, "delta": 2.727706}}
{"target": 0.0, "params": {"alpha": 0.01, "chunksize": 100.0, "eta": 0.005, "minimum_probability": 0.0, "n_clusters": 13.737511269221905, "passes": 4.6055368601813855, "sim_thresh": 0.359602115945873, "step_size": 59.91839252321272, "window_size": 149.94102561349132}, "datetime": {"datetime": "2020-04-28 19:22:55", "elapsed": 104.722004, "delta": 2.626977}}
{"target": 0.0, "params": {"alpha": 0.01, "chunksize": 100.0, "eta": 0.005, "minimum_probability": 0.0, "n_clusters": 17.407938621747675, "passes": 4.895242507391265, "sim_thresh": 0.5687143074583487, "step_size": 10.080360696917193, "window_size": 21.09010906275318}, "datetime": {"datetime": "2020-04-28 19:22:57", "elapsed": 107.067733, "delta": 2.345729}}
{"target": 0.0, "params": {"alpha": 0.01, "chunksize": 100.0, "eta": 0.005, "minimum_probability": 0.0, "n_clusters": 12.0396825194721, "passes": 2.2374075883448827, "sim_thresh": 0.36697090797191984, "step_size": 10.028866826420938, "window_size": 148.96141716234814}, "datetime": {"datetime": "2020-04-28 19:23:00", "elapsed": 109.311735, "delta": 2.244002}}
{"target": 0.0, "params": {"alpha": 0.01, "chunksize": 100.0, "eta": 0.005, "minimum_probability": 0.0, "n_clusters": 17.452145870894128, "passes": 3.5649754743737962, "sim_thresh": 0.36166242414374133, "step_size": 58.98313027568618, "window_size": 20.1162212512867}, "datetime": {"datetime": "2020-04-28 19:23:02", "elapsed": 111.646517, "delta": 2.334782}}
{"target": 0.0, "params": {"alpha": 0.01, "chunksize": 100.0, "eta": 0.005, "minimum_probability": 0.0, "n_clusters": 12.749924454062942, "passes": 2.071055519955589, "sim_thresh": 0.5288843066184102, "step_size": 59.98130281624851, "window_size": 147.49878008254268}, "datetime": {"datetime": "2020-04-28 19:23:05", "elapsed": 114.677389, "delta": 3.030872}}
{"target": 0.0, "params": {"alpha": 0.01, "chunksize": 100.0, "eta": 0.005, "minimum_probability": 0.0, "n_clusters": 12.525814306145076, "passes": 2.332188114145478, "sim_thresh": 0.45199460437838745, "step_size": 10.395045091424045, "window_size": 20.433934482199792}, "datetime": {"datetime": "2020-04-28 19:23:07", "elapsed": 116.976244, "delta": 2.298855}}
{"target": 0.0, "params": {"alpha": 0.01, "chunksize": 100.0, "eta": 0.005, "minimum_probability": 0.0, "n_clusters": 12.780171432709666, "passes": 2.0774678314811883, "sim_thresh": 0.5036506598819672, "step_size": 20.58140580000295, "window_size": 54.52106571838941}, "datetime": {"datetime": "2020-04-28 19:23:10", "elapsed": 119.902422, "delta": 2.926178}}
{"target": 0.0, "params": {"alpha": 0.01, "chunksize": 100.0, "eta": 0.005, "minimum_probability": 0.0, "n_clusters": 17.2485289739446, "passes": 4.376807263651515, "sim_thresh": 0.36900514517762034, "step_size": 59.643375687938416, "window_size": 22.467184489636807}, "datetime": {"datetime": "2020-04-28 19:23:14", "elapsed": 123.554683, "delta": 3.652261}}
{"target": 0.0, "params": {"alpha": 0.01, "chunksize": 100.0, "eta": 0.005, "minimum_probability": 0.0, "n_clusters": 12.006595432180573, "passes": 5.6119972847743504, "sim_thresh": 0.39259835552153, "step_size": 10.724134133840337, "window_size": 148.99241692207056}, "datetime": {"datetime": "2020-04-28 19:23:18", "elapsed": 127.308624, "delta": 3.753941}}
{"target": 0.0, "params": {"alpha": 0.01, "chunksize": 100.0, "eta": 0.005, "minimum_probability": 0.0, "n_clusters": 17.84992158037244, "passes": 3.7936211140621645, "sim_thresh": 0.39929793709108685, "step_size": 59.20439501255729, "window_size": 148.37284847524813}, "datetime": {"datetime": "2020-04-28 19:23:21", "elapsed": 131.115446, "delta": 3.806822}}
{"target": 0.0, "params": {"alpha": 0.01, "chunksize": 100.0, "eta": 0.005, "minimum_probability": 0.0, "n_clusters": 15.568370260236147, "passes": 2.405352607046452, "sim_thresh": 0.5136123804353462, "step_size": 59.99082760854098, "window_size": 20.236190717342158}, "datetime": {"datetime": "2020-04-28 19:23:25", "elapsed": 134.706844, "delta": 3.591398}}
{"target": 0.0, "params": {"alpha": 0.01, "chunksize": 100.0, "eta": 0.005, "minimum_probability": 0.0, "n_clusters": 12.68948907191023, "passes": 4.682628287153484, "sim_thresh": 0.42874686792961164, "step_size": 10.458075363183935, "window_size": 20.550659113295787}, "datetime": {"datetime": "2020-04-28 19:23:29", "elapsed": 139.112069, "delta": 4.405225}}
{"target": 0.0, "params": {"alpha": 0.01, "chunksize": 100.0, "eta": 0.005, "minimum_probability": 0.0, "n_clusters": 16.693438193983226, "passes": 3.986578576844818, "sim_thresh": 0.5368121712228535, "step_size": 59.96111336425222, "window_size": 148.59691303083287}, "datetime": {"datetime": "2020-04-28 19:23:33", "elapsed": 142.782255, "delta": 3.670186}}
{"target": 0.0, "params": {"alpha": 0.01, "chunksize": 100.0, "eta": 0.005, "minimum_probability": 0.0, "n_clusters": 17.567474700743904, "passes": 3.262664532712389, "sim_thresh": 0.32886621028313917, "step_size": 10.836542269419944, "window_size": 149.76984742460948}, "datetime": {"datetime": "2020-04-28 19:23:37", "elapsed": 146.609058, "delta": 3.826803}}
