{"target": 0.0, "params": {"alpha": 0.01, "chunksize": 86.01622467210791, "eta": 0.005, "minimum_probability": 0.0, "n_clusters": 12.880535344902679, "passes": 2.369354379075191, "sim_thresh": 0.35587806341330125, "step_size": 27.278036352152387, "window_size": 71.5797716499871}, "datetime": {"datetime": "2020-04-28 19:52:15", "elapsed": 0.0, "delta": 0.0}}
{"target": 0.0, "params": {"alpha": 0.01, "chunksize": 65.03608092840129, "eta": 0.005, "minimum_probability": 0.0, "n_clusters": 14.38597617264066, "passes": 5.919142334579762, "sim_thresh": 0.33385558719793684, "step_size": 41.44989835860664, "window_size": 107.62182735048746}, "datetime": {"datetime": "2020-04-28 19:52:17", "elapsed": 2.283919, "delta": 2.283919}}
{"target": 0.0, "params": {"alpha": 0.01, "chunksize": 51.65999322314087, "eta": 0.005, "minimum_probability": 0.0, "n_clusters": 17.441982026075323, "passes": 5.014348073748661, "sim_thresh": 0.4523766814297582, "step_size": 54.93837162915617, "window_size": 21.14242646108467}, "datetime": {"datetime": "2020-04-28 19:52:20", "elapsed": 4.647576, "delta": 2.363657}}
{"target": 0.0, "params": {"alpha": 0.01, "chunksize": 99.16553695236777, "eta": 0.005, "minimum_probability": 0.0, "n_clusters": 16.111630437137464, "passes": 2.6531921479799356, "sim_thresh": 0.5834180791431542, "step_size": 10.291860311923825, "window_size": 149.9117935450657}, "datetime": {"datetime": "2020-04-28 19:52:23", "elapsed": 7.481997, "delta": 2.834421}}
{"target": 0.0, "params": {"alpha": 0.01, "chunksize": 50.5090260603268, "eta": 0.005, "minimum_probability": 0.0, "n_clusters": 15.517799887413378, "passes": 2.190921224097201, "sim_thresh": 0.44717067429803337, "step_size": 59.835028080917525, "window_size": 147.21943001574346}, "datetime": {"datetime": "2020-04-28 19:52:26", "elapsed": 10.355317, "delta": 2.87332}}
{"target": 0.0, "params": {"alpha": 0.01, "chunksize": 97.04385872413829, "eta": 0.005, "minimum_probability": 0.0, "n_clusters": 15.64942283706116, "passes": 5.101684620427195, "sim_thresh": 0.5388467016401086, "step_size": 12.232798593804386, "window_size": 20.54261470330847}, "datetime": {"datetime": "2020-04-28 19:52:28", "elapsed": 13.22664, "delta": 2.871323}}
{"target": 0.0, "params": {"alpha": 0.01, "chunksize": 96.92211395008925, "eta": 0.005, "minimum_probability": 0.0, "n_clusters": 14.428386285079398, "passes": 2.5897560686045873, "sim_thresh": 0.5298256128861435, "step_size": 58.839294171191774, "window_size": 20.264663638550495}, "datetime": {"datetime": "2020-04-28 19:52:31", "elapsed": 15.996237, "delta": 2.769597}}
{"target": 0.0, "params": {"alpha": 0.01, "chunksize": 96.71196065901734, "eta": 0.005, "minimum_probability": 0.0, "n_clusters": 16.41114862248023, "passes": 3.7484416662701476, "sim_thresh": 0.4198069180406494, "step_size": 59.846074050092135, "window_size": 147.8858470024598}, "datetime": {"datetime": "2020-04-28 19:52:34", "elapsed": 18.782786, "delta": 2.786549}}
{"target": 0.0, "params": {"alpha": 0.01, "chunksize": 70.95972572016474, "eta": 0.005, "minimum_probability": 0.0, "n_clusters": 17.268704618345673, "passes": 2.1095503727917047, "sim_thresh": 0.5011402530535206, "step_size": 30.865240118356347, "window_size": 92.62967769794771}, "datetime": {"datetime": "2020-04-28 19:52:36", "elapsed": 21.283128, "delta": 2.500342}}
{"target": 0.0, "params": {"alpha": 0.01, "chunksize": 50.92323941613757, "eta": 0.005, "minimum_probability": 0.0, "n_clusters": 12.0619123149239, "passes": 5.2441035209859095, "sim_thresh": 0.5378050337948541, "step_size": 10.314071863709248, "window_size": 22.837219200538357}, "datetime": {"datetime": "2020-04-28 19:52:40", "elapsed": 24.700989, "delta": 3.417861}}
{"target": 0.0, "params": {"alpha": 0.01, "chunksize": 53.459183415905635, "eta": 0.005, "minimum_probability": 0.0, "n_clusters": 12.840467332174452, "passes": 3.1052919122891773, "sim_thresh": 0.3308979676303872, "step_size": 10.512382235919528, "window_size": 145.84741990533342}, "datetime": {"datetime": "2020-04-28 19:52:43", "elapsed": 28.072952, "delta": 3.371963}}
{"target": 0.0, "params": {"alpha": 0.01, "chunksize": 99.37905197844262, "eta": 0.005, "minimum_probability": 0.0, "n_clusters": 14.93082494428709, "passes": 5.315361755409911, "sim_thresh": 0.45987867869080423, "step_size": 58.38566081723616, "window_size": 149.77571588807592}, "datetime": {"datetime": "2020-04-28 19:52:46", "elapsed": 31.185631, "delta": 3.112679}}
{"target": 0.0, "params": {"alpha": 0.01, "chunksize": 52.01005131897515, "eta": 0.005, "minimum_probability": 0.0, "n_clusters": 14.932174965814689, "passes": 2.11059803937574, "sim_thresh": 0.43538491893584214, "step_size": 59.37129704802522, "window_size": 21.21979094258447}, "datetime": {"datetime": "2020-04-28 19:52:50", "elapsed": 34.394052, "delta": 3.208421}}
{"target": 0.0, "params": {"alpha": 0.01, "chunksize": 98.60026684503579, "eta": 0.005, "minimum_probability": 0.0, "n_clusters": 17.7789409668578, "passes": 2.5402836873958594, "sim_thresh": 0.3610491526485633, "step_size": 10.911620250818219, "window_size": 20.62143458264476}, "datetime": {"datetime": "2020-04-28 19:52:53", "elapsed": 37.54267, "delta": 3.148618}}
{"target": 0.0, "params": {"alpha": 0.01, "chunksize": 52.74580940348492, "eta": 0.005, "minimum_probability": 0.0, "n_clusters": 12.31393515781179, "passes": 3.846510569773985, "sim_thresh": 0.39159498892872946, "step_size": 12.046632521187874, "window_size": 147.74935936358523}, "datetime": {"datetime": "2020-04-28 19:52:56", "elapsed": 40.973487, "delta": 3.430817}}
{"target": 0.0, "params": {"alpha": 0.01, "chunksize": 51.28147407154839, "eta": 0.005, "minimum_probability": 0.0, "n_clusters": 16.637636073531123, "passes": 3.2071232640400362, "sim_thresh": 0.4461598665127449, "step_size": 57.67585532562721, "window_size": 20.715351445888615}, "datetime": {"datetime": "2020-04-28 19:52:59", "elapsed": 44.108118, "delta": 3.134631}}
{"target": 0.0, "params": {"alpha": 0.01, "chunksize": 59.90507445424394, "eta": 0.005, "minimum_probability": 0.0, "n_clusters": 13.880545068955456, "passes": 4.769290462677256, "sim_thresh": 0.5629167456888114, "step_size": 54.730333175192364, "window_size": 31.055747478071126}, "datetime": {"datetime": "2020-04-28 19:53:03", "elapsed": 48.161248, "delta": 4.05313}}
{"target": 0.0, "params": {"alpha": 0.01, "chunksize": 99.39282772051067, "eta": 0.005, "minimum_probability": 0.0, "n_clusters": 17.87798933473139, "passes": 2.3329005884394736, "sim_thresh": 0.3886972526158415, "step_size": 10.070428181012161, "window_size": 149.6029575045863}, "datetime": {"datetime": "2020-04-28 19:53:07", "elapsed": 52.186488, "delta": 4.02524}}
{"target": 0.0, "params": {"alpha": 0.01, "chunksize": 98.01694696909242, "eta": 0.005, "minimum_probability": 0.0, "n_clusters": 16.020510803370616, "passes": 5.495897192369622, "sim_thresh": 0.4548156153678027, "step_size": 59.96153290026079, "window_size": 148.79989901470339}, "datetime": {"datetime": "2020-04-28 19:53:11", "elapsed": 55.871634, "delta": 3.685146}}
{"target": 0.0, "params": {"alpha": 0.01, "chunksize": 98.16113241425023, "eta": 0.005, "minimum_probability": 0.0, "n_clusters": 12.888002654084822, "passes": 2.3745559522401507, "sim_thresh": 0.40985740125613884, "step_size": 10.322169818572126, "window_size": 24.052194943366985}, "datetime": {"datetime": "2020-04-28 19:53:15", "elapsed": 59.493951, "delta": 3.622317}}
{"target": 0.0, "params": {"alpha": 0.01, "chunksize": 50.914939551207176, "eta": 0.005, "minimum_probability": 0.0, "n_clusters": 15.598948355373306, "passes": 5.374074625769966, "sim_thresh": 0.5414589302141806, "step_size": 10.980390425868178, "window_size": 145.19351758305328}, "datetime": {"datetime": "2020-04-28 19:53:19", "elapsed": 63.746618, "delta": 4.252667}}
{"target": 0.0, "params": {"alpha": 0.01, "chunksize": 98.79438874264756, "eta": 0.005, "minimum_probability": 0.0, "n_clusters": 14.92049946415079, "passes": 2.4982919124968572, "sim_thresh": 0.4052191921198328, "step_size": 59.53678515503128, "window_size": 20.674565583498428}, "datetime": {"datetime": "2020-04-28 19:53:22", "elapsed": 67.30609, "delta": 3.559472}}
{"target": 0.0, "params": {"alpha": 0.01, "chunksize": 50.505034524744936, "eta": 0.005, "minimum_probability": 0.0, "n_clusters": 17.878539849583127, "passes": 4.308839506278444, "sim_thresh": 0.49060745658029803, "step_size": 13.213047895130844, "window_size": 21.2404135504252}, "datetime": {"datetime": "2020-04-28 19:53:26", "elapsed": 71.045095, "delta": 3.739005}}
{"target": 0.0, "params": {"alpha": 0.01, "chunksize": 53.24273278391523, "eta": 0.005, "minimum_probability": 0.0, "n_clusters": 17.242586164915, "passes": 3.245841494623816, "sim_thresh": 0.5497261355705853, "step_size": 58.32560149836072, "window_size": 149.4339516978539}, "datetime": {"datetime": "2020-04-28 19:53:30", "elapsed": 74.817011, "delta": 3.771916}}
{"target": 0.0, "params": {"alpha": 0.01, "chunksize": 58.49152097822844, "eta": 0.005, "minimum_probability": 0.0, "n_clusters": 14.526645750030312, "passes": 5.831558120602008, "sim_thresh": 0.4599495854919051, "step_size": 44.593855697523665, "window_size": 61.01703203078819}, "datetime": {"datetime": "2020-04-28 19:53:32", "elapsed": 77.04008, "delta": 2.223069}}
{"target": 0.0, "params": {"alpha": 0.01, "chunksize": 50.59307673437208, "eta": 0.005, "minimum_probability": 0.0, "n_clusters": 13.205821152435911, "passes": 2.144322471276773, "sim_thresh": 0.43348222067231634, "step_size": 10.218168611209373, "window_size": 147.5935530761495}, "datetime": {"datetime": "2020-04-28 19:53:35", "elapsed": 80.001128, "delta": 2.961048}}
{"target": 0.0, "params": {"alpha": 0.01, "chunksize": 98.67561500516155, "eta": 0.005, "minimum_probability": 0.0, "n_clusters": 12.205963003091886, "passes": 2.0780625464025246, "sim_thresh": 0.4397327393346623, "step_size": 58.14537993981264, "window_size": 147.63325617328204}, "datetime": {"datetime": "2020-04-28 19:53:38", "elapsed": 82.763768, "delta": 2.76264}}
{"target": 0.0, "params": {"alpha": 0.01, "chunksize": 96.02616434834977, "eta": 0.005, "minimum_probability": 0.0, "n_clusters": 16.309711688492328, "passes": 2.7032795717883373, "sim_thresh": 0.4369310503369075, "step_size": 11.188728363050323, "window_size": 20.333375580348555}, "datetime": {"datetime": "2020-04-28 19:53:41", "elapsed": 85.547325, "delta": 2.783557}}
{"target": 0.0, "params": {"alpha": 0.01, "chunksize": 99.61683363212359, "eta": 0.005, "minimum_probability": 0.0, "n_clusters": 13.250384298455575, "passes": 3.7035299558672827, "sim_thresh": 0.42413682196984664, "step_size": 59.110797957630844, "window_size": 147.45396776654198}, "datetime": {"datetime": "2020-04-28 19:53:44", "elapsed": 88.346817, "delta": 2.799492}}
{"target": 0.0, "params": {"alpha": 0.01, "chunksize": 50.458226423537994, "eta": 0.005, "minimum_probability": 0.0, "n_clusters": 14.164338778254816, "passes": 2.58401248894218, "sim_thresh": 0.45757037025968916, "step_size": 59.62461368229773, "window_size": 21.253904589898287}, "datetime": {"datetime": "2020-04-28 19:53:47", "elapsed": 91.428579, "delta": 3.081762}}
{"target": 0.0, "params": {"alpha": 0.01, "chunksize": 99.72731955655821, "eta": 0.005, "minimum_probability": 0.0, "n_clusters": 12.487780295035499, "passes": 5.505095785367294, "sim_thresh": 0.5140006335913583, "step_size": 10.485778359080324, "window_size": 22.241451260701993}, "datetime": {"datetime": "2020-04-28 19:53:50", "elapsed": 94.55924, "delta": 3.130661}}
{"target": 0.0, "params": {"alpha": 0.01, "chunksize": 51.113107005079634, "eta": 0.005, "minimum_probability": 0.0, "n_clusters": 14.541201179157818, "passes": 4.064708219425828, "sim_thresh": 0.34573634804103426, "step_size": 11.21342541462408, "window_size": 146.8092752182023}, "datetime": {"datetime": "2020-04-28 19:53:53", "elapsed": 98.264329, "delta": 3.705089}}
{"target": 0.0, "params": {"alpha": 0.01, "chunksize": 91.73128359486864, "eta": 0.005, "minimum_probability": 0.0, "n_clusters": 17.933166533438968, "passes": 4.992662617519358, "sim_thresh": 0.3841331976193215, "step_size": 49.46396642257442, "window_size": 33.419380855093465}, "datetime": {"datetime": "2020-04-28 19:53:56", "elapsed": 100.416551, "delta": 2.152222}}
{"target": 0.0, "params": {"alpha": 0.01, "chunksize": 99.23937348934955, "eta": 0.005, "minimum_probability": 0.0, "n_clusters": 17.870996313788098, "passes": 5.044569051294908, "sim_thresh": 0.34693429077196425, "step_size": 10.457282574668477, "window_size": 149.7683419449295}, "datetime": {"datetime": "2020-04-28 19:53:58", "elapsed": 102.708455, "delta": 2.291904}}
{"target": 0.0, "params": {"alpha": 0.01, "chunksize": 98.0447439462358, "eta": 0.005, "minimum_probability": 0.0, "n_clusters": 16.463027603773014, "passes": 3.742427161718409, "sim_thresh": 0.5000506997319067, "step_size": 59.80489385748398, "window_size": 148.61926323651429}, "datetime": {"datetime": "2020-04-28 19:54:01", "elapsed": 105.381276, "delta": 2.672821}}
{"target": 0.0, "params": {"alpha": 0.01, "chunksize": 98.36281378450397, "eta": 0.005, "minimum_probability": 0.0, "n_clusters": 12.424903964389198, "passes": 5.025982922558322, "sim_thresh": 0.389282338695384, "step_size": 10.083695151540747, "window_size": 22.642545528215624}, "datetime": {"datetime": "2020-04-28 19:54:03", "elapsed": 108.122972, "delta": 2.741696}}
{"target": 0.0, "params": {"alpha": 0.01, "chunksize": 50.78836671011441, "eta": 0.005, "minimum_probability": 0.0, "n_clusters": 12.105670798651971, "passes": 3.27655425092091, "sim_thresh": 0.39422551469436995, "step_size": 59.67483178007892, "window_size": 148.9475252087856}, "datetime": {"datetime": "2020-04-28 19:54:06", "elapsed": 110.996267, "delta": 2.873295}}
{"target": 0.0, "params": {"alpha": 0.01, "chunksize": 50.65165976698973, "eta": 0.005, "minimum_probability": 0.0, "n_clusters": 13.079426565320647, "passes": 5.947497812565851, "sim_thresh": 0.5571038548147873, "step_size": 58.02802439059408, "window_size": 24.540891566225838}, "datetime": {"datetime": "2020-04-28 19:54:09", "elapsed": 113.711009, "delta": 2.714742}}
{"target": 0.0, "params": {"alpha": 0.01, "chunksize": 50.86654749974148, "eta": 0.005, "minimum_probability": 0.0, "n_clusters": 13.846388509474341, "passes": 3.1925346438554296, "sim_thresh": 0.4608979733690745, "step_size": 10.695362811475814, "window_size": 148.24400094023906}, "datetime": {"datetime": "2020-04-28 19:54:12", "elapsed": 116.501572, "delta": 2.790563}}
{"target": 0.0, "params": {"alpha": 0.01, "chunksize": 51.34064608924281, "eta": 0.005, "minimum_probability": 0.0, "n_clusters": 13.814141666462664, "passes": 2.4989022463953425, "sim_thresh": 0.5976510591071984, "step_size": 10.158800920344381, "window_size": 21.94372293490677}, "datetime": {"datetime": "2020-04-28 19:54:14", "elapsed": 118.867224, "delta": 2.365652}}
{"target": 0.0, "params": {"alpha": 0.01, "chunksize": 95.42977515465478, "eta": 0.005, "minimum_probability": 0.0, "n_clusters": 12.780171432709666, "passes": 2.0774678314811883, "sim_thresh": 0.5036506598819672, "step_size": 20.58140580000295, "window_size": 54.52106571838941}, "datetime": {"datetime": "2020-04-28 19:54:17", "elapsed": 121.856269, "delta": 2.989045}}
{"target": 0.0, "params": {"alpha": 0.01, "chunksize": 97.86701392499712, "eta": 0.005, "minimum_probability": 0.0, "n_clusters": 16.62992867663619, "passes": 3.0870310105745045, "sim_thresh": 0.5950813601417161, "step_size": 58.83987367586848, "window_size": 20.503480697337412}, "datetime": {"datetime": "2020-04-28 19:54:21", "elapsed": 125.440651, "delta": 3.584382}}
{"target": 0.0, "params": {"alpha": 0.01, "chunksize": 50.26884108780262, "eta": 0.005, "minimum_probability": 0.0, "n_clusters": 17.84611758283908, "passes": 4.543925276406025, "sim_thresh": 0.34471019994743923, "step_size": 58.38565107668989, "window_size": 148.81833551572487}, "datetime": {"datetime": "2020-04-28 19:54:24", "elapsed": 129.189628, "delta": 3.748977}}
{"target": 0.0, "params": {"alpha": 0.01, "chunksize": 98.39197345904172, "eta": 0.005, "minimum_probability": 0.0, "n_clusters": 14.716206136341667, "passes": 4.327654996185182, "sim_thresh": 0.5531419968199822, "step_size": 10.835613887049469, "window_size": 149.12753513872028}, "datetime": {"datetime": "2020-04-28 19:54:28", "elapsed": 133.209884, "delta": 4.020256}}
{"target": 0.0, "params": {"alpha": 0.01, "chunksize": 50.06299543156011, "eta": 0.005, "minimum_probability": 0.0, "n_clusters": 14.274812754300457, "passes": 2.8509885596876607, "sim_thresh": 0.3060733265564047, "step_size": 59.824549185795135, "window_size": 25.066527491451986}, "datetime": {"datetime": "2020-04-28 19:54:32", "elapsed": 137.29197, "delta": 4.082086}}
{"target": 0.0, "params": {"alpha": 0.01, "chunksize": 99.07103921970392, "eta": 0.005, "minimum_probability": 0.0, "n_clusters": 12.972740763489188, "passes": 3.430802101196632, "sim_thresh": 0.5788842061929376, "step_size": 59.150411720457576, "window_size": 146.21218312425248}, "datetime": {"datetime": "2020-04-28 19:54:36", "elapsed": 141.07386, "delta": 3.78189}}
{"target": 0.0, "params": {"alpha": 0.01, "chunksize": 50.46099789968252, "eta": 0.005, "minimum_probability": 0.0, "n_clusters": 16.75561236465029, "passes": 3.2604052941438986, "sim_thresh": 0.4093879644723323, "step_size": 10.140366118429041, "window_size": 143.5978830839219}, "datetime": {"datetime": "2020-04-28 19:54:40", "elapsed": 145.065222, "delta": 3.991362}}
{"target": 0.0, "params": {"alpha": 0.01, "chunksize": 50.56336054205289, "eta": 0.005, "minimum_probability": 0.0, "n_clusters": 17.567474700743904, "passes": 3.262664532712389, "sim_thresh": 0.32886621028313917, "step_size": 10.836542269419944, "window_size": 149.76984742460948}, "datetime": {"datetime": "2020-04-28 19:54:44", "elapsed": 149.082479, "delta": 4.017257}}
