{"target": 0.0, "params": {"n_clusters": 14.502132028215444, "sim_thresh": 0.5160973480326474, "step_size": 10.005718740867245, "window_size": 59.30323444213917}, "datetime": {"datetime": "2020-04-29 12:34:32", "elapsed": 0.0, "delta": 0.0}}
{"target": 0.0, "params": {"n_clusters": 12.880535344902679, "sim_thresh": 0.32770157843063935, "step_size": 19.313010568883545, "window_size": 64.9228945155962}, "datetime": {"datetime": "2020-04-29 12:34:35", "elapsed": 2.196153, "delta": 2.196153}}
{"target": 0.0, "params": {"n_clusters": 15.53458736722668, "sim_thresh": 0.541401068802834, "step_size": 59.547153313617095, "window_size": 148.870250475911}, "datetime": {"datetime": "2020-04-29 12:34:37", "elapsed": 4.364334, "delta": 2.168181}}
{"target": 0.0, "params": {"n_clusters": 12.0719020860893, "sim_thresh": 0.47466965387534155, "step_size": 59.85126946516418, "window_size": 20.531232414512715}, "datetime": {"datetime": "2020-04-29 12:34:39", "elapsed": 6.90756, "delta": 2.543226}}
{"target": 0.0, "params": {"n_clusters": 12.43059287374236, "sim_thresh": 0.3046687265730148, "step_size": 10.212253360592651, "window_size": 149.33430123458936}, "datetime": {"datetime": "2020-04-29 12:34:42", "elapsed": 9.66419, "delta": 2.75663}}
{"target": 0.0, "params": {"n_clusters": 16.32650175407602, "sim_thresh": 0.5858291661740382, "step_size": 59.857277604852115, "window_size": 21.25788401100306}, "datetime": {"datetime": "2020-04-29 12:34:45", "elapsed": 12.083722, "delta": 2.419532}}
{"target": 0.0, "params": {"n_clusters": 12.503058759218488, "sim_thresh": 0.3680956660718575, "step_size": 59.13220095328758, "window_size": 149.5897104309692}, "datetime": {"datetime": "2020-04-29 12:34:47", "elapsed": 14.972972, "delta": 2.88925}}
{"target": 0.0, "params": {"n_clusters": 16.827419856672755, "sim_thresh": 0.5752697964566016, "step_size": 10.269338100825278, "window_size": 22.048900879524773}, "datetime": {"datetime": "2020-04-29 12:34:50", "elapsed": 17.805399, "delta": 2.832427}}
{"target": 0.0, "params": {"n_clusters": 14.38060484538402, "sim_thresh": 0.46164502020100706, "step_size": 30.95972572016474, "window_size": 109.07853505157874}, "datetime": {"datetime": "2020-04-29 12:34:53", "elapsed": 20.554051, "delta": 2.748652}}
{"target": 0.0, "params": {"n_clusters": 13.226713498389104, "sim_thresh": 0.5634352309172836, "step_size": 11.369379659896309, "window_size": 107.1607763231923}, "datetime": {"datetime": "2020-04-29 12:34:56", "elapsed": 23.761478, "delta": 3.207427}}
{"target": 0.0, "params": {"n_clusters": 13.055700103049094, "sim_thresh": 0.47240381140423937, "step_size": 59.36540859432826, "window_size": 149.93530526198418}, "datetime": {"datetime": "2020-04-29 12:34:59", "elapsed": 26.855206, "delta": 3.093728}}
{"target": 0.0, "params": {"n_clusters": 13.290992414246983, "sim_thresh": 0.5960225031611037, "step_size": 59.93086813454128, "window_size": 21.098547396069563}, "datetime": {"datetime": "2020-04-29 12:35:02", "elapsed": 29.746478, "delta": 2.891272}}
{"target": 0.0, "params": {"n_clusters": 17.52158506373965, "sim_thresh": 0.49959853598212944, "step_size": 10.964912003958268, "window_size": 149.9399618078952}, "datetime": {"datetime": "2020-04-29 12:35:06", "elapsed": 33.538365, "delta": 3.791887}}
{"target": 0.0, "params": {"n_clusters": 12.79898633952696, "sim_thresh": 0.5036603912416667, "step_size": 10.011399691937319, "window_size": 20.838344269076124}, "datetime": {"datetime": "2020-04-29 12:35:10", "elapsed": 37.086855, "delta": 3.54849}}
{"target": 0.0, "params": {"n_clusters": 17.95102252939298, "sim_thresh": 0.4123233533964975, "step_size": 59.91425741412014, "window_size": 20.391214967052075}, "datetime": {"datetime": "2020-04-29 12:35:12", "elapsed": 39.968152, "delta": 2.881297}}
{"target": 0.0, "params": {"n_clusters": 15.324820866481184, "sim_thresh": 0.4106452870913891, "step_size": 59.578670366828, "window_size": 149.8645809722042}, "datetime": {"datetime": "2020-04-29 12:35:15", "elapsed": 42.890363, "delta": 2.922211}}
{"target": 0.0, "params": {"n_clusters": 14.503828814202762, "sim_thresh": 0.4676069485337255, "step_size": 17.01934692976169, "window_size": 45.75319358103424}, "datetime": {"datetime": "2020-04-29 12:35:19", "elapsed": 46.190518, "delta": 3.300155}}
{"target": 0.0, "params": {"n_clusters": 16.80446741205322, "sim_thresh": 0.5904784727158192, "step_size": 25.671208907962143, "window_size": 110.00194003701083}, "datetime": {"datetime": "2020-04-29 12:35:22", "elapsed": 49.451826, "delta": 3.261308}}
{"target": 0.0, "params": {"n_clusters": 17.787077205301983, "sim_thresh": 0.594596781618334, "step_size": 10.737919627800853, "window_size": 149.56154844422235}, "datetime": {"datetime": "2020-04-29 12:35:26", "elapsed": 53.72637, "delta": 4.274544}}
{"target": 0.0, "params": {"n_clusters": 14.766501673111476, "sim_thresh": 0.40164163199163866, "step_size": 59.68211671611005, "window_size": 21.277282395097373}, "datetime": {"datetime": "2020-04-29 12:35:30", "elapsed": 57.08342, "delta": 3.35705}}
{"target": 0.0, "params": {"n_clusters": 12.192525565975899, "sim_thresh": 0.40208672972290416, "step_size": 10.186430928319764, "window_size": 20.49485373109044}, "datetime": {"datetime": "2020-04-29 12:35:34", "elapsed": 61.113622, "delta": 4.030202}}
{"target": 0.0, "params": {"n_clusters": 12.053986292874898, "sim_thresh": 0.5235618359850187, "step_size": 59.65582578807359, "window_size": 148.83105754774817}, "datetime": {"datetime": "2020-04-29 12:35:37", "elapsed": 64.581375, "delta": 3.467753}}
{"target": 0.0, "params": {"n_clusters": 12.353481551623855, "sim_thresh": 0.5123930738287346, "step_size": 59.933278645555326, "window_size": 20.744018074554212}, "datetime": {"datetime": "2020-04-29 12:35:40", "elapsed": 67.9673, "delta": 3.385925}}
{"target": 0.0, "params": {"n_clusters": 15.665205773631165, "sim_thresh": 0.5769465808854324, "step_size": 10.679703423167178, "window_size": 149.16468532099123}, "datetime": {"datetime": "2020-04-29 12:35:45", "elapsed": 72.107255, "delta": 4.139955}}
{"target": 0.0, "params": {"n_clusters": 17.25833491377623, "sim_thresh": 0.5683819990511542, "step_size": 14.252210568488895, "window_size": 25.077121820274705}, "datetime": {"datetime": "2020-04-29 12:35:47", "elapsed": 74.595579, "delta": 2.488324}}
{"target": 0.0, "params": {"n_clusters": 13.018982517387414, "sim_thresh": 0.5634427510288239, "step_size": 14.917341691652505, "window_size": 74.74399125065679}, "datetime": {"datetime": "2020-04-29 12:35:50", "elapsed": 77.081932, "delta": 2.486353}}
{"target": 0.0, "params": {"n_clusters": 16.822697614051403, "sim_thresh": 0.43608817558828905, "step_size": 59.466328724096016, "window_size": 149.3743424917006}, "datetime": {"datetime": "2020-04-29 12:35:52", "elapsed": 79.727882, "delta": 2.64595}}
{"target": 0.0, "params": {"n_clusters": 13.654931941846757, "sim_thresh": 0.5359098657353187, "step_size": 59.98784639282661, "window_size": 20.44104453259614}, "datetime": {"datetime": "2020-04-29 12:35:55", "elapsed": 82.261086, "delta": 2.533204}}
{"target": 0.0, "params": {"n_clusters": 16.721230148794838, "sim_thresh": 0.3296550092704166, "step_size": 10.21648020825884, "window_size": 149.41050816286565}, "datetime": {"datetime": "2020-04-29 12:35:58", "elapsed": 85.64903, "delta": 3.387944}}
{"target": 0.0, "params": {"n_clusters": 16.993324876735684, "sim_thresh": 0.43141609007269355, "step_size": 58.74035183016308, "window_size": 149.9769053890866}, "datetime": {"datetime": "2020-04-29 12:36:01", "elapsed": 88.176298, "delta": 2.527268}}
{"target": 0.0, "params": {"n_clusters": 17.817557674333095, "sim_thresh": 0.3203700687751764, "step_size": 10.284851673073488, "window_size": 21.060760274726285}, "datetime": {"datetime": "2020-04-29 12:36:04", "elapsed": 91.154339, "delta": 2.978041}}
{"target": 0.0, "params": {"n_clusters": 17.149995461363623, "sim_thresh": 0.4331657592144824, "step_size": 59.99644055229835, "window_size": 149.64784417248242}, "datetime": {"datetime": "2020-04-29 12:36:06", "elapsed": 93.821205, "delta": 2.666866}}
{"target": 0.0, "params": {"n_clusters": 17.74733718090301, "sim_thresh": 0.4599495854919051, "step_size": 44.593855697523665, "window_size": 61.01703203078819}, "datetime": {"datetime": "2020-04-29 12:36:08", "elapsed": 95.394974, "delta": 1.573769}}
{"target": 0.0, "params": {"n_clusters": 16.119005566089502, "sim_thresh": 0.5503877015692118, "step_size": 10.914413867209591, "window_size": 117.51876094284577}, "datetime": {"datetime": "2020-04-29 12:36:10", "elapsed": 97.055559, "delta": 1.660585}}
{"target": 0.2857142857142857, "params": {"n_clusters": 14.75541984734505, "sim_thresh": 0.44184990391908635, "step_size": 59.50687404905703, "window_size": 21.14730819235988}, "datetime": {"datetime": "2020-04-29 12:36:12", "elapsed": 99.14196, "delta": 2.086401}}
{"target": 0.5, "params": {"n_clusters": 15.031783042330163, "sim_thresh": 0.6, "step_size": 55.41086254118924, "window_size": 20.247463088966477}, "datetime": {"datetime": "2020-04-29 12:36:13", "elapsed": 100.873355, "delta": 1.731395}}
{"target": 0.0, "params": {"n_clusters": 12.011885917066074, "sim_thresh": 0.5797338403182959, "step_size": 54.886459691710826, "window_size": 25.18368580005851}, "datetime": {"datetime": "2020-04-29 12:36:15", "elapsed": 102.575781, "delta": 1.702426}}
{"target": 0.0, "params": {"n_clusters": 14.080358868545986, "sim_thresh": 0.30743201254808117, "step_size": 59.966166064472795, "window_size": 93.12244994222934}, "datetime": {"datetime": "2020-04-29 12:36:17", "elapsed": 104.231353, "delta": 1.655572}}
{"target": 0.0, "params": {"n_clusters": 17.92271889672352, "sim_thresh": 0.3942626640194725, "step_size": 57.96799399304202, "window_size": 121.5879318758518}, "datetime": {"datetime": "2020-04-29 12:36:19", "elapsed": 106.012617, "delta": 1.781264}}
{"target": 0.0, "params": {"n_clusters": 12.449332804276862, "sim_thresh": 0.35735970961717006, "step_size": 33.664568165762574, "window_size": 137.16380314666117}, "datetime": {"datetime": "2020-04-29 12:36:20", "elapsed": 107.661207, "delta": 1.64859}}
{"target": 0.0, "params": {"n_clusters": 17.933166533438968, "sim_thresh": 0.5244496963139518, "step_size": 24.02219960322026, "window_size": 122.6063126986935}, "datetime": {"datetime": "2020-04-29 12:36:23", "elapsed": 110.809766, "delta": 3.148559}}
{"target": 0.0, "params": {"n_clusters": 12.619356039465853, "sim_thresh": 0.43436805785277155, "step_size": 55.42977515465478, "window_size": 58.16983928857834}, "datetime": {"datetime": "2020-04-29 12:36:26", "elapsed": 113.852657, "delta": 3.042891}}
{"target": 0.0, "params": {"n_clusters": 17.713162973179276, "sim_thresh": 0.32227672325229284, "step_size": 36.90185859143489, "window_size": 85.24978856226389}, "datetime": {"datetime": "2020-04-29 12:36:30", "elapsed": 117.204671, "delta": 3.352014}}
{"target": 0.0, "params": {"n_clusters": 17.837830443177975, "sim_thresh": 0.3803691869878278, "step_size": 36.47722346602797, "window_size": 42.12897828192477}, "datetime": {"datetime": "2020-04-29 12:36:33", "elapsed": 120.351282, "delta": 3.146611}}
{"target": 0.0, "params": {"n_clusters": 17.44096176681931, "sim_thresh": 0.3896257434772238, "step_size": 58.15348102861787, "window_size": 75.03887338001327}, "datetime": {"datetime": "2020-04-29 12:36:36", "elapsed": 123.438029, "delta": 3.086747}}
{"target": 0.0, "params": {"n_clusters": 12.0, "sim_thresh": 0.3, "step_size": 30.09028387847442, "window_size": 20.0}, "datetime": {"datetime": "2020-04-29 12:36:39", "elapsed": 126.752171, "delta": 3.314142}}
{"target": 0.0, "params": {"n_clusters": 12.892220912245666, "sim_thresh": 0.5724125984991103, "step_size": 48.243809331376646, "window_size": 106.6186703049464}, "datetime": {"datetime": "2020-04-29 12:36:42", "elapsed": 129.969568, "delta": 3.217397}}
{"target": 0.0, "params": {"n_clusters": 17.16134263569176, "sim_thresh": 0.5061334113451504, "step_size": 19.103924520718042, "window_size": 90.68170350308321}, "datetime": {"datetime": "2020-04-29 12:36:46", "elapsed": 133.470212, "delta": 3.500644}}
