{"target": 0.0, "params": {"n_clusters": 14.502132028215444, "sim_thresh": 0.5160973480326474, "step_size": 10.005718740867245, "window_size": 59.30323444213917}, "datetime": {"datetime": "2020-04-29 12:32:12", "elapsed": 0.0, "delta": 0.0}}
{"target": 0.0, "params": {"n_clusters": 12.880535344902679, "sim_thresh": 0.32770157843063935, "step_size": 19.313010568883545, "window_size": 64.9228945155962}, "datetime": {"datetime": "2020-04-29 12:32:15", "elapsed": 2.722718, "delta": 2.722718}}
{"target": 0.0, "params": {"n_clusters": 15.53458736722668, "sim_thresh": 0.541401068802834, "step_size": 59.547153313617095, "window_size": 148.870250475911}, "datetime": {"datetime": "2020-04-29 12:32:19", "elapsed": 6.643236, "delta": 3.920518}}
{"target": 0.0, "params": {"n_clusters": 12.0719020860893, "sim_thresh": 0.47466965387534155, "step_size": 59.85126946516418, "window_size": 20.531232414512715}, "datetime": {"datetime": "2020-04-29 12:32:21", "elapsed": 9.215361, "delta": 2.572125}}
{"target": 0.0, "params": {"n_clusters": 12.43059287374236, "sim_thresh": 0.3046687265730148, "step_size": 10.212253360592651, "window_size": 149.33430123458936}, "datetime": {"datetime": "2020-04-29 12:32:24", "elapsed": 12.437746, "delta": 3.222385}}
{"target": 0.0, "params": {"n_clusters": 16.32650175407602, "sim_thresh": 0.5858291661740382, "step_size": 59.857277604852115, "window_size": 21.25788401100306}, "datetime": {"datetime": "2020-04-29 12:32:27", "elapsed": 15.023869, "delta": 2.586123}}
{"target": 0.0, "params": {"n_clusters": 12.503058759218488, "sim_thresh": 0.3680956660718575, "step_size": 59.13220095328758, "window_size": 149.5897104309692}, "datetime": {"datetime": "2020-04-29 12:32:30", "elapsed": 17.666792, "delta": 2.642923}}
{"target": 0.0, "params": {"n_clusters": 16.827419856672755, "sim_thresh": 0.5752697964566016, "step_size": 10.269338100825278, "window_size": 22.048900879524773}, "datetime": {"datetime": "2020-04-29 12:32:32", "elapsed": 20.287783, "delta": 2.620991}}
{"target": 0.0, "params": {"n_clusters": 14.38060484538402, "sim_thresh": 0.46164502020100706, "step_size": 30.95972572016474, "window_size": 109.07853505157874}, "datetime": {"datetime": "2020-04-29 12:32:35", "elapsed": 23.08229, "delta": 2.794507}}
{"target": 0.0, "params": {"n_clusters": 13.226713498389104, "sim_thresh": 0.5634352309172836, "step_size": 11.369379659896309, "window_size": 107.1607763231923}, "datetime": {"datetime": "2020-04-29 12:32:38", "elapsed": 26.404433, "delta": 3.322143}}
{"target": 0.0, "params": {"n_clusters": 13.055700103049094, "sim_thresh": 0.47240381140423937, "step_size": 59.36540859432826, "window_size": 149.93530526198418}, "datetime": {"datetime": "2020-04-29 12:32:41", "elapsed": 29.339561, "delta": 2.935128}}
{"target": 0.0, "params": {"n_clusters": 13.290992414246983, "sim_thresh": 0.5960225031611037, "step_size": 59.93086813454128, "window_size": 21.098547396069563}, "datetime": {"datetime": "2020-04-29 12:32:44", "elapsed": 32.100206, "delta": 2.760645}}
{"target": 0.0, "params": {"n_clusters": 17.52158506373965, "sim_thresh": 0.49959853598212944, "step_size": 10.964912003958268, "window_size": 149.9399618078952}, "datetime": {"datetime": "2020-04-29 12:32:48", "elapsed": 35.977816, "delta": 3.87761}}
{"target": 0.0, "params": {"n_clusters": 12.79898633952696, "sim_thresh": 0.5036603912416667, "step_size": 10.011399691937319, "window_size": 20.838344269076124}, "datetime": {"datetime": "2020-04-29 12:32:52", "elapsed": 39.464518, "delta": 3.486702}}
{"target": 0.0, "params": {"n_clusters": 17.95102252939298, "sim_thresh": 0.4123233533964975, "step_size": 59.91425741412014, "window_size": 20.391214967052075}, "datetime": {"datetime": "2020-04-29 12:32:54", "elapsed": 42.372744, "delta": 2.908226}}
{"target": 0.0, "params": {"n_clusters": 15.324820866481184, "sim_thresh": 0.4106452870913891, "step_size": 59.578670366828, "window_size": 149.8645809722042}, "datetime": {"datetime": "2020-04-29 12:32:57", "elapsed": 45.355744, "delta": 2.983}}
{"target": 0.0, "params": {"n_clusters": 14.503828814202762, "sim_thresh": 0.4676069485337255, "step_size": 17.01934692976169, "window_size": 45.75319358103424}, "datetime": {"datetime": "2020-04-29 12:33:01", "elapsed": 48.821503, "delta": 3.465759}}
{"target": 0.0, "params": {"n_clusters": 16.80446741205322, "sim_thresh": 0.5904784727158192, "step_size": 25.671208907962143, "window_size": 110.00194003701083}, "datetime": {"datetime": "2020-04-29 12:33:04", "elapsed": 52.081788, "delta": 3.260285}}
{"target": 0.0, "params": {"n_clusters": 17.787077205301983, "sim_thresh": 0.594596781618334, "step_size": 10.737919627800853, "window_size": 149.56154844422235}, "datetime": {"datetime": "2020-04-29 12:33:08", "elapsed": 56.333427, "delta": 4.251639}}
{"target": 0.0, "params": {"n_clusters": 14.766501673111476, "sim_thresh": 0.40164163199163866, "step_size": 59.68211671611005, "window_size": 21.277282395097373}, "datetime": {"datetime": "2020-04-29 12:33:12", "elapsed": 59.779186, "delta": 3.445759}}
{"target": 0.0, "params": {"n_clusters": 12.192525565975899, "sim_thresh": 0.40208672972290416, "step_size": 10.186430928319764, "window_size": 20.49485373109044}, "datetime": {"datetime": "2020-04-29 12:33:16", "elapsed": 63.664821, "delta": 3.885635}}
{"target": 0.0, "params": {"n_clusters": 12.053986292874898, "sim_thresh": 0.5235618359850187, "step_size": 59.65582578807359, "window_size": 148.83105754774817}, "datetime": {"datetime": "2020-04-29 12:33:19", "elapsed": 66.981954, "delta": 3.317133}}
{"target": 0.0, "params": {"n_clusters": 12.353481551623855, "sim_thresh": 0.5123930738287346, "step_size": 59.933278645555326, "window_size": 20.744018074554212}, "datetime": {"datetime": "2020-04-29 12:33:22", "elapsed": 70.388822, "delta": 3.406868}}
{"target": 0.0, "params": {"n_clusters": 15.665205773631165, "sim_thresh": 0.5769465808854324, "step_size": 10.679703423167178, "window_size": 149.16468532099123}, "datetime": {"datetime": "2020-04-29 12:33:27", "elapsed": 74.785093, "delta": 4.396271}}
{"target": 0.0, "params": {"n_clusters": 17.25833491377623, "sim_thresh": 0.5683819990511542, "step_size": 14.252210568488895, "window_size": 25.077121820274705}, "datetime": {"datetime": "2020-04-29 12:33:29", "elapsed": 77.140795, "delta": 2.355702}}
{"target": 0.0, "params": {"n_clusters": 13.018982517387414, "sim_thresh": 0.5634427510288239, "step_size": 14.917341691652505, "window_size": 74.74399125065679}, "datetime": {"datetime": "2020-04-29 12:33:32", "elapsed": 79.543348, "delta": 2.402553}}
{"target": 0.0, "params": {"n_clusters": 16.822697614051403, "sim_thresh": 0.43608817558828905, "step_size": 59.466328724096016, "window_size": 149.3743424917006}, "datetime": {"datetime": "2020-04-29 12:33:35", "elapsed": 82.531361, "delta": 2.988013}}
{"target": 0.0, "params": {"n_clusters": 13.654931941846757, "sim_thresh": 0.5359098657353187, "step_size": 59.98784639282661, "window_size": 20.44104453259614}, "datetime": {"datetime": "2020-04-29 12:33:38", "elapsed": 85.657006, "delta": 3.125645}}
{"target": 0.0, "params": {"n_clusters": 16.721230148794838, "sim_thresh": 0.3296550092704166, "step_size": 10.21648020825884, "window_size": 149.41050816286565}, "datetime": {"datetime": "2020-04-29 12:33:42", "elapsed": 89.990419, "delta": 4.333413}}
{"target": 0.0, "params": {"n_clusters": 16.993324876735684, "sim_thresh": 0.43141609007269355, "step_size": 58.74035183016308, "window_size": 149.9769053890866}, "datetime": {"datetime": "2020-04-29 12:33:45", "elapsed": 92.606427, "delta": 2.616008}}
{"target": 0.0, "params": {"n_clusters": 17.817557674333095, "sim_thresh": 0.3203700687751764, "step_size": 10.284851673073488, "window_size": 21.060760274726285}, "datetime": {"datetime": "2020-04-29 12:33:48", "elapsed": 95.557537, "delta": 2.95111}}
{"target": 0.0, "params": {"n_clusters": 17.149995461363623, "sim_thresh": 0.4331657592144824, "step_size": 59.99644055229835, "window_size": 149.64784417248242}, "datetime": {"datetime": "2020-04-29 12:33:50", "elapsed": 98.251359, "delta": 2.693822}}
{"target": 0.0, "params": {"n_clusters": 17.74733718090301, "sim_thresh": 0.4599495854919051, "step_size": 44.593855697523665, "window_size": 61.01703203078819}, "datetime": {"datetime": "2020-04-29 12:33:52", "elapsed": 99.803188, "delta": 1.551829}}
{"target": 0.0, "params": {"n_clusters": 16.119005566089502, "sim_thresh": 0.5503877015692118, "step_size": 10.914413867209591, "window_size": 117.51876094284577}, "datetime": {"datetime": "2020-04-29 12:33:54", "elapsed": 101.598411, "delta": 1.795223}}
{"target": 0.2857142857142857, "params": {"n_clusters": 14.75541984734505, "sim_thresh": 0.44184990391908635, "step_size": 59.50687404905703, "window_size": 21.14730819235988}, "datetime": {"datetime": "2020-04-29 12:33:56", "elapsed": 103.574106, "delta": 1.975695}}
{"target": 0.5, "params": {"n_clusters": 15.031783042330163, "sim_thresh": 0.6, "step_size": 55.41086254118924, "window_size": 20.247463088966477}, "datetime": {"datetime": "2020-04-29 12:33:57", "elapsed": 105.272565, "delta": 1.698459}}
{"target": 0.0, "params": {"n_clusters": 12.011885917066074, "sim_thresh": 0.5797338403182959, "step_size": 54.886459691710826, "window_size": 25.18368580005851}, "datetime": {"datetime": "2020-04-29 12:33:59", "elapsed": 106.931155, "delta": 1.65859}}
{"target": 0.0, "params": {"n_clusters": 14.080358868545986, "sim_thresh": 0.30743201254808117, "step_size": 59.966166064472795, "window_size": 93.12244994222934}, "datetime": {"datetime": "2020-04-29 12:34:01", "elapsed": 108.73132, "delta": 1.800165}}
{"target": 0.0, "params": {"n_clusters": 17.92271889672352, "sim_thresh": 0.3942626640194725, "step_size": 57.96799399304202, "window_size": 121.5879318758518}, "datetime": {"datetime": "2020-04-29 12:34:03", "elapsed": 110.507571, "delta": 1.776251}}
{"target": 0.0, "params": {"n_clusters": 12.449332804276862, "sim_thresh": 0.35735970961717006, "step_size": 33.664568165762574, "window_size": 137.16380314666117}, "datetime": {"datetime": "2020-04-29 12:34:04", "elapsed": 112.197053, "delta": 1.689482}}
{"target": 0.0, "params": {"n_clusters": 17.933166533438968, "sim_thresh": 0.5244496963139518, "step_size": 24.02219960322026, "window_size": 122.6063126986935}, "datetime": {"datetime": "2020-04-29 12:34:08", "elapsed": 115.487258, "delta": 3.290205}}
{"target": 0.0, "params": {"n_clusters": 12.619356039465853, "sim_thresh": 0.43436805785277155, "step_size": 55.42977515465478, "window_size": 58.16983928857834}, "datetime": {"datetime": "2020-04-29 12:34:10", "elapsed": 118.36257, "delta": 2.875312}}
{"target": 0.0, "params": {"n_clusters": 17.713162973179276, "sim_thresh": 0.32227672325229284, "step_size": 36.90185859143489, "window_size": 85.24978856226389}, "datetime": {"datetime": "2020-04-29 12:34:14", "elapsed": 121.505193, "delta": 3.142623}}
{"target": 0.0, "params": {"n_clusters": 17.837830443177975, "sim_thresh": 0.3803691869878278, "step_size": 36.47722346602797, "window_size": 42.12897828192477}, "datetime": {"datetime": "2020-04-29 12:34:17", "elapsed": 124.668714, "delta": 3.163521}}
{"target": 0.0, "params": {"n_clusters": 17.44096176681931, "sim_thresh": 0.3896257434772238, "step_size": 58.15348102861787, "window_size": 75.03887338001327}, "datetime": {"datetime": "2020-04-29 12:34:20", "elapsed": 127.881148, "delta": 3.212434}}
{"target": 0.0, "params": {"n_clusters": 12.0, "sim_thresh": 0.3, "step_size": 30.09028387847442, "window_size": 20.0}, "datetime": {"datetime": "2020-04-29 12:34:23", "elapsed": 131.013773, "delta": 3.132625}}
{"target": 0.0, "params": {"n_clusters": 12.892220912245666, "sim_thresh": 0.5724125984991103, "step_size": 48.243809331376646, "window_size": 106.6186703049464}, "datetime": {"datetime": "2020-04-29 12:34:26", "elapsed": 134.252093, "delta": 3.23832}}
{"target": 0.0, "params": {"n_clusters": 17.16134263569176, "sim_thresh": 0.5061334113451504, "step_size": 19.103924520718042, "window_size": 90.68170350308321}, "datetime": {"datetime": "2020-04-29 12:34:30", "elapsed": 138.082851, "delta": 3.830758}}
