{"target": 0.0, "params": {"n_clusters": 14.502132028215444, "sim_thresh": 0.5160973480326474, "step_size": 10.005718740867245, "window_size": 59.30323444213917}, "datetime": {"datetime": "2020-04-29 12:25:01", "elapsed": 0.0, "delta": 0.0}}
{"target": 0.0, "params": {"n_clusters": 12.880535344902679, "sim_thresh": 0.32770157843063935, "step_size": 19.313010568883545, "window_size": 64.9228945155962}, "datetime": {"datetime": "2020-04-29 12:25:03", "elapsed": 2.423519, "delta": 2.423519}}
{"target": 0.0, "params": {"n_clusters": 15.53458736722668, "sim_thresh": 0.541401068802834, "step_size": 59.547153313617095, "window_size": 148.870250475911}, "datetime": {"datetime": "2020-04-29 12:25:05", "elapsed": 4.816123, "delta": 2.392604}}
{"target": 0.0, "params": {"n_clusters": 12.0719020860893, "sim_thresh": 0.47466965387534155, "step_size": 59.85126946516418, "window_size": 20.531232414512715}, "datetime": {"datetime": "2020-04-29 12:25:08", "elapsed": 7.632594, "delta": 2.816471}}
{"target": 0.0, "params": {"n_clusters": 12.43059287374236, "sim_thresh": 0.3046687265730148, "step_size": 10.212253360592651, "window_size": 149.33430123458936}, "datetime": {"datetime": "2020-04-29 12:25:12", "elapsed": 11.28882, "delta": 3.656226}}
{"target": 0.0, "params": {"n_clusters": 16.32650175407602, "sim_thresh": 0.5858291661740382, "step_size": 59.857277604852115, "window_size": 21.25788401100306}, "datetime": {"datetime": "2020-04-29 12:25:14", "elapsed": 13.782179, "delta": 2.493359}}
{"target": 0.0, "params": {"n_clusters": 12.503058759218488, "sim_thresh": 0.3680956660718575, "step_size": 59.13220095328758, "window_size": 149.5897104309692}, "datetime": {"datetime": "2020-04-29 12:25:17", "elapsed": 16.272496, "delta": 2.490317}}
{"target": 0.0, "params": {"n_clusters": 16.827419856672755, "sim_thresh": 0.5752697964566016, "step_size": 10.269338100825278, "window_size": 22.048900879524773}, "datetime": {"datetime": "2020-04-29 12:25:20", "elapsed": 18.90147, "delta": 2.628974}}
{"target": 0.0, "params": {"n_clusters": 14.38060484538402, "sim_thresh": 0.46164502020100706, "step_size": 30.95972572016474, "window_size": 109.07853505157874}, "datetime": {"datetime": "2020-04-29 12:25:22", "elapsed": 21.549391, "delta": 2.647921}}
{"target": 0.0, "params": {"n_clusters": 13.226713498389104, "sim_thresh": 0.5634352309172836, "step_size": 11.369379659896309, "window_size": 107.1607763231923}, "datetime": {"datetime": "2020-04-29 12:25:26", "elapsed": 25.067983, "delta": 3.518592}}
{"target": 0.0, "params": {"n_clusters": 13.055700103049094, "sim_thresh": 0.47240381140423937, "step_size": 59.36540859432826, "window_size": 149.93530526198418}, "datetime": {"datetime": "2020-04-29 12:25:29", "elapsed": 28.002168, "delta": 2.934185}}
{"target": 0.0, "params": {"n_clusters": 13.290992414246983, "sim_thresh": 0.5960225031611037, "step_size": 59.93086813454128, "window_size": 21.098547396069563}, "datetime": {"datetime": "2020-04-29 12:25:31", "elapsed": 30.791681, "delta": 2.789513}}
{"target": 0.0, "params": {"n_clusters": 17.52158506373965, "sim_thresh": 0.49959853598212944, "step_size": 10.964912003958268, "window_size": 149.9399618078952}, "datetime": {"datetime": "2020-04-29 12:25:35", "elapsed": 34.618452, "delta": 3.826771}}
{"target": 0.0, "params": {"n_clusters": 12.79898633952696, "sim_thresh": 0.5036603912416667, "step_size": 10.011399691937319, "window_size": 20.838344269076124}, "datetime": {"datetime": "2020-04-29 12:25:39", "elapsed": 38.229821, "delta": 3.611369}}
{"target": 0.0, "params": {"n_clusters": 17.95102252939298, "sim_thresh": 0.4123233533964975, "step_size": 59.91425741412014, "window_size": 20.391214967052075}, "datetime": {"datetime": "2020-04-29 12:25:42", "elapsed": 41.203845, "delta": 2.974024}}
{"target": 0.0, "params": {"n_clusters": 15.324820866481184, "sim_thresh": 0.4106452870913891, "step_size": 59.578670366828, "window_size": 149.8645809722042}, "datetime": {"datetime": "2020-04-29 12:25:45", "elapsed": 44.093122, "delta": 2.889277}}
{"target": 0.0, "params": {"n_clusters": 14.503828814202762, "sim_thresh": 0.4676069485337255, "step_size": 17.01934692976169, "window_size": 45.75319358103424}, "datetime": {"datetime": "2020-04-29 12:25:48", "elapsed": 47.478076, "delta": 3.384954}}
{"target": 0.0, "params": {"n_clusters": 16.80446741205322, "sim_thresh": 0.5904784727158192, "step_size": 25.671208907962143, "window_size": 110.00194003701083}, "datetime": {"datetime": "2020-04-29 12:25:52", "elapsed": 51.148436, "delta": 3.67036}}
{"target": 0.0, "params": {"n_clusters": 17.787077205301983, "sim_thresh": 0.594596781618334, "step_size": 10.737919627800853, "window_size": 149.56154844422235}, "datetime": {"datetime": "2020-04-29 12:25:56", "elapsed": 55.370147, "delta": 4.221711}}
{"target": 0.0, "params": {"n_clusters": 14.766501673111476, "sim_thresh": 0.40164163199163866, "step_size": 59.68211671611005, "window_size": 21.277282395097373}, "datetime": {"datetime": "2020-04-29 12:26:00", "elapsed": 58.907692, "delta": 3.537545}}
{"target": 0.0, "params": {"n_clusters": 12.192525565975899, "sim_thresh": 0.40208672972290416, "step_size": 10.186430928319764, "window_size": 20.49485373109044}, "datetime": {"datetime": "2020-04-29 12:26:04", "elapsed": 62.868128, "delta": 3.960436}}
{"target": 0.0, "params": {"n_clusters": 12.053986292874898, "sim_thresh": 0.5235618359850187, "step_size": 59.65582578807359, "window_size": 148.83105754774817}, "datetime": {"datetime": "2020-04-29 12:26:07", "elapsed": 66.546304, "delta": 3.678176}}
{"target": 0.0, "params": {"n_clusters": 12.353481551623855, "sim_thresh": 0.5123930738287346, "step_size": 59.933278645555326, "window_size": 20.744018074554212}, "datetime": {"datetime": "2020-04-29 12:26:11", "elapsed": 70.615392, "delta": 4.069088}}
{"target": 0.0, "params": {"n_clusters": 15.665205773631165, "sim_thresh": 0.5769465808854324, "step_size": 10.679703423167178, "window_size": 149.16468532099123}, "datetime": {"datetime": "2020-04-29 12:26:16", "elapsed": 75.204161, "delta": 4.588769}}
{"target": 0.0, "params": {"n_clusters": 17.25833491377623, "sim_thresh": 0.5683819990511542, "step_size": 14.252210568488895, "window_size": 25.077121820274705}, "datetime": {"datetime": "2020-04-29 12:26:18", "elapsed": 77.853044, "delta": 2.648883}}
{"target": 0.0, "params": {"n_clusters": 13.018982517387414, "sim_thresh": 0.5634427510288239, "step_size": 14.917341691652505, "window_size": 74.74399125065679}, "datetime": {"datetime": "2020-04-29 12:26:21", "elapsed": 80.379314, "delta": 2.52627}}
{"target": 0.0, "params": {"n_clusters": 16.822697614051403, "sim_thresh": 0.43608817558828905, "step_size": 59.466328724096016, "window_size": 149.3743424917006}, "datetime": {"datetime": "2020-04-29 12:26:24", "elapsed": 83.237649, "delta": 2.858335}}
{"target": 0.0, "params": {"n_clusters": 13.654931941846757, "sim_thresh": 0.5359098657353187, "step_size": 59.98784639282661, "window_size": 20.44104453259614}, "datetime": {"datetime": "2020-04-29 12:26:28", "elapsed": 87.208035, "delta": 3.970386}}
{"target": 0.0, "params": {"n_clusters": 16.721230148794838, "sim_thresh": 0.3296550092704166, "step_size": 10.21648020825884, "window_size": 149.41050816286565}, "datetime": {"datetime": "2020-04-29 12:26:33", "elapsed": 92.295435, "delta": 5.0874}}
{"target": 0.0, "params": {"n_clusters": 16.993324876735684, "sim_thresh": 0.43141609007269355, "step_size": 58.74035183016308, "window_size": 149.9769053890866}, "datetime": {"datetime": "2020-04-29 12:26:37", "elapsed": 96.232941, "delta": 3.937506}}
{"target": 0.0, "params": {"n_clusters": 17.817557674333095, "sim_thresh": 0.3203700687751764, "step_size": 10.284851673073488, "window_size": 21.060760274726285}, "datetime": {"datetime": "2020-04-29 12:26:40", "elapsed": 99.148139, "delta": 2.915198}}
{"target": 0.0, "params": {"n_clusters": 17.149995461363623, "sim_thresh": 0.4331657592144824, "step_size": 59.99644055229835, "window_size": 149.64784417248242}, "datetime": {"datetime": "2020-04-29 12:26:43", "elapsed": 102.192974, "delta": 3.044835}}
{"target": 0.0, "params": {"n_clusters": 17.74733718090301, "sim_thresh": 0.4599495854919051, "step_size": 44.593855697523665, "window_size": 61.01703203078819}, "datetime": {"datetime": "2020-04-29 12:26:44", "elapsed": 103.803668, "delta": 1.610694}}
{"target": 0.0, "params": {"n_clusters": 16.119005566089502, "sim_thresh": 0.5503877015692118, "step_size": 10.914413867209591, "window_size": 117.51876094284577}, "datetime": {"datetime": "2020-04-29 12:26:46", "elapsed": 105.66569, "delta": 1.862022}}
{"target": 0.0, "params": {"n_clusters": 14.75541984734505, "sim_thresh": 0.44184990391908635, "step_size": 59.50687404905703, "window_size": 21.14730819235988}, "datetime": {"datetime": "2020-04-29 12:26:48", "elapsed": 107.593562, "delta": 1.927872}}
{"target": 0.0, "params": {"n_clusters": 12.146521722197736, "sim_thresh": 0.34027629244129015, "step_size": 10.120960494638089, "window_size": 20.820395456187644}, "datetime": {"datetime": "2020-04-29 12:26:51", "elapsed": 109.956254, "delta": 2.362692}}
{"target": 0.0, "params": {"n_clusters": 17.047037637531687, "sim_thresh": 0.48161214261456076, "step_size": 10.573408717997992, "window_size": 149.50028160043675}, "datetime": {"datetime": "2020-04-29 12:26:53", "elapsed": 112.213187, "delta": 2.256933}}
{"target": 0.0, "params": {"n_clusters": 12.90463762725133, "sim_thresh": 0.589462772396502, "step_size": 59.95558305347146, "window_size": 149.8648873110885}, "datetime": {"datetime": "2020-04-29 12:26:55", "elapsed": 114.452231, "delta": 2.239044}}
{"target": 0.0, "params": {"n_clusters": 17.852417723776007, "sim_thresh": 0.5153640389572701, "step_size": 59.53203789386743, "window_size": 20.481618897883372}, "datetime": {"datetime": "2020-04-29 12:26:57", "elapsed": 116.806906, "delta": 2.354675}}
{"target": 0.0, "params": {"n_clusters": 13.116208668861772, "sim_thresh": 0.5983589609256548, "step_size": 10.162142347627798, "window_size": 149.72732485291885}, "datetime": {"datetime": "2020-04-29 12:27:00", "elapsed": 119.351105, "delta": 2.544199}}
{"target": 0.0, "params": {"n_clusters": 17.933166533438968, "sim_thresh": 0.5244496963139518, "step_size": 24.02219960322026, "window_size": 122.6063126986935}, "datetime": {"datetime": "2020-04-29 12:27:04", "elapsed": 122.937517, "delta": 3.586412}}
{"target": 0.0, "params": {"n_clusters": 12.619356039465853, "sim_thresh": 0.43436805785277155, "step_size": 55.42977515465478, "window_size": 58.16983928857834}, "datetime": {"datetime": "2020-04-29 12:27:07", "elapsed": 126.036234, "delta": 3.098717}}
{"target": 0.0, "params": {"n_clusters": 15.945943663086856, "sim_thresh": 0.5229886744632313, "step_size": 10.209426177254695, "window_size": 20.805300852867866}, "datetime": {"datetime": "2020-04-29 12:27:11", "elapsed": 130.221069, "delta": 4.184835}}
{"target": 0.0, "params": {"n_clusters": 12.925478911210325, "sim_thresh": 0.38778562815841733, "step_size": 59.08423100638642, "window_size": 149.11362524337912}, "datetime": {"datetime": "2020-04-29 12:27:15", "elapsed": 133.942131, "delta": 3.721062}}
{"target": 0.0, "params": {"n_clusters": 12.50134533389471, "sim_thresh": 0.4446247377466538, "step_size": 58.35155651674358, "window_size": 20.006112060494313}, "datetime": {"datetime": "2020-04-29 12:27:18", "elapsed": 137.318095, "delta": 3.375964}}
{"target": 0.0, "params": {"n_clusters": 12.659577834267589, "sim_thresh": 0.3520938682196968, "step_size": 10.032357898461232, "window_size": 20.536308424134802}, "datetime": {"datetime": "2020-04-29 12:27:22", "elapsed": 141.448033, "delta": 4.129938}}
{"target": 0.0, "params": {"n_clusters": 13.740226229209611, "sim_thresh": 0.5724463046553411, "step_size": 10.429182234752851, "window_size": 148.4375670502922}, "datetime": {"datetime": "2020-04-29 12:27:28", "elapsed": 147.475917, "delta": 6.027884}}
{"target": 0.0, "params": {"n_clusters": 17.766777622054796, "sim_thresh": 0.4629059310743812, "step_size": 59.62314385756397, "window_size": 147.75409896446132}, "datetime": {"datetime": "2020-04-29 12:27:32", "elapsed": 151.384468, "delta": 3.908551}}
