{"target": 0.0, "params": {"n_clusters": 14.502132028215444, "sim_thresh": 0.5160973480326474, "step_size": 10.005718740867245, "window_size": 59.30323444213917}, "datetime": {"datetime": "2020-04-29 12:27:34", "elapsed": 0.0, "delta": 0.0}}
{"target": 0.0, "params": {"n_clusters": 12.880535344902679, "sim_thresh": 0.32770157843063935, "step_size": 19.313010568883545, "window_size": 64.9228945155962}, "datetime": {"datetime": "2020-04-29 12:27:37", "elapsed": 2.172197, "delta": 2.172197}}
{"target": 0.0, "params": {"n_clusters": 15.53458736722668, "sim_thresh": 0.541401068802834, "step_size": 59.547153313617095, "window_size": 148.870250475911}, "datetime": {"datetime": "2020-04-29 12:27:39", "elapsed": 4.343389, "delta": 2.171192}}
{"target": 0.0, "params": {"n_clusters": 12.0719020860893, "sim_thresh": 0.47466965387534155, "step_size": 59.85126946516418, "window_size": 20.531232414512715}, "datetime": {"datetime": "2020-04-29 12:27:42", "elapsed": 7.270164, "delta": 2.926775}}
{"target": 0.0, "params": {"n_clusters": 12.43059287374236, "sim_thresh": 0.3046687265730148, "step_size": 10.212253360592651, "window_size": 149.33430123458936}, "datetime": {"datetime": "2020-04-29 12:27:45", "elapsed": 10.442647, "delta": 3.172483}}
{"target": 0.0, "params": {"n_clusters": 16.32650175407602, "sim_thresh": 0.5858291661740382, "step_size": 59.857277604852115, "window_size": 21.25788401100306}, "datetime": {"datetime": "2020-04-29 12:27:47", "elapsed": 12.860207, "delta": 2.41756}}
{"target": 0.0, "params": {"n_clusters": 12.503058759218488, "sim_thresh": 0.3680956660718575, "step_size": 59.13220095328758, "window_size": 149.5897104309692}, "datetime": {"datetime": "2020-04-29 12:27:50", "elapsed": 15.696625, "delta": 2.836418}}
{"target": 0.0, "params": {"n_clusters": 16.827419856672755, "sim_thresh": 0.5752697964566016, "step_size": 10.269338100825278, "window_size": 22.048900879524773}, "datetime": {"datetime": "2020-04-29 12:27:53", "elapsed": 18.505092, "delta": 2.808467}}
{"target": 0.0, "params": {"n_clusters": 14.38060484538402, "sim_thresh": 0.46164502020100706, "step_size": 30.95972572016474, "window_size": 109.07853505157874}, "datetime": {"datetime": "2020-04-29 12:27:56", "elapsed": 21.929939, "delta": 3.424847}}
{"target": 0.0, "params": {"n_clusters": 13.226713498389104, "sim_thresh": 0.5634352309172836, "step_size": 11.369379659896309, "window_size": 107.1607763231923}, "datetime": {"datetime": "2020-04-29 12:28:00", "elapsed": 25.937252, "delta": 4.007313}}
{"target": 0.0, "params": {"n_clusters": 13.055700103049094, "sim_thresh": 0.47240381140423937, "step_size": 59.36540859432826, "window_size": 149.93530526198418}, "datetime": {"datetime": "2020-04-29 12:28:04", "elapsed": 29.657278, "delta": 3.720026}}
{"target": 0.0, "params": {"n_clusters": 13.290992414246983, "sim_thresh": 0.5960225031611037, "step_size": 59.93086813454128, "window_size": 21.098547396069563}, "datetime": {"datetime": "2020-04-29 12:28:08", "elapsed": 33.544917, "delta": 3.887639}}
{"target": 0.0, "params": {"n_clusters": 17.52158506373965, "sim_thresh": 0.49959853598212944, "step_size": 10.964912003958268, "window_size": 149.9399618078952}, "datetime": {"datetime": "2020-04-29 12:28:12", "elapsed": 37.580124, "delta": 4.035207}}
{"target": 0.0, "params": {"n_clusters": 12.79898633952696, "sim_thresh": 0.5036603912416667, "step_size": 10.011399691937319, "window_size": 20.838344269076124}, "datetime": {"datetime": "2020-04-29 12:28:16", "elapsed": 41.274247, "delta": 3.694123}}
{"target": 0.0, "params": {"n_clusters": 17.95102252939298, "sim_thresh": 0.4123233533964975, "step_size": 59.91425741412014, "window_size": 20.391214967052075}, "datetime": {"datetime": "2020-04-29 12:28:18", "elapsed": 44.149562, "delta": 2.875315}}
{"target": 0.0, "params": {"n_clusters": 15.324820866481184, "sim_thresh": 0.4106452870913891, "step_size": 59.578670366828, "window_size": 149.8645809722042}, "datetime": {"datetime": "2020-04-29 12:28:21", "elapsed": 47.077709, "delta": 2.928147}}
{"target": 0.0, "params": {"n_clusters": 14.503828814202762, "sim_thresh": 0.4676069485337255, "step_size": 17.01934692976169, "window_size": 45.75319358103424}, "datetime": {"datetime": "2020-04-29 12:28:25", "elapsed": 50.637193, "delta": 3.559484}}
{"target": 0.0, "params": {"n_clusters": 16.80446741205322, "sim_thresh": 0.5904784727158192, "step_size": 25.671208907962143, "window_size": 110.00194003701083}, "datetime": {"datetime": "2020-04-29 12:28:30", "elapsed": 55.443344, "delta": 4.806151}}
{"target": 0.0, "params": {"n_clusters": 17.787077205301983, "sim_thresh": 0.594596781618334, "step_size": 10.737919627800853, "window_size": 149.56154844422235}, "datetime": {"datetime": "2020-04-29 12:28:35", "elapsed": 60.699292, "delta": 5.255948}}
{"target": 0.0, "params": {"n_clusters": 14.766501673111476, "sim_thresh": 0.40164163199163866, "step_size": 59.68211671611005, "window_size": 21.277282395097373}, "datetime": {"datetime": "2020-04-29 12:28:38", "elapsed": 64.096236, "delta": 3.396944}}
{"target": 0.0, "params": {"n_clusters": 12.192525565975899, "sim_thresh": 0.40208672972290416, "step_size": 10.186430928319764, "window_size": 20.49485373109044}, "datetime": {"datetime": "2020-04-29 12:28:42", "elapsed": 68.151395, "delta": 4.055159}}
{"target": 0.0, "params": {"n_clusters": 12.053986292874898, "sim_thresh": 0.5235618359850187, "step_size": 59.65582578807359, "window_size": 148.83105754774817}, "datetime": {"datetime": "2020-04-29 12:28:46", "elapsed": 71.512409, "delta": 3.361014}}
{"target": 0.0, "params": {"n_clusters": 12.353481551623855, "sim_thresh": 0.5123930738287346, "step_size": 59.933278645555326, "window_size": 20.744018074554212}, "datetime": {"datetime": "2020-04-29 12:28:49", "elapsed": 74.899354, "delta": 3.386945}}
{"target": 0.0, "params": {"n_clusters": 15.665205773631165, "sim_thresh": 0.5769465808854324, "step_size": 10.679703423167178, "window_size": 149.16468532099123}, "datetime": {"datetime": "2020-04-29 12:28:53", "elapsed": 79.050257, "delta": 4.150903}}
{"target": 0.0, "params": {"n_clusters": 17.25833491377623, "sim_thresh": 0.5683819990511542, "step_size": 14.252210568488895, "window_size": 25.077121820274705}, "datetime": {"datetime": "2020-04-29 12:28:56", "elapsed": 81.70015, "delta": 2.649893}}
{"target": 0.0, "params": {"n_clusters": 13.018982517387414, "sim_thresh": 0.5634427510288239, "step_size": 14.917341691652505, "window_size": 74.74399125065679}, "datetime": {"datetime": "2020-04-29 12:28:59", "elapsed": 84.199469, "delta": 2.499319}}
{"target": 0.0, "params": {"n_clusters": 16.822697614051403, "sim_thresh": 0.43608817558828905, "step_size": 59.466328724096016, "window_size": 149.3743424917006}, "datetime": {"datetime": "2020-04-29 12:29:01", "elapsed": 87.059822, "delta": 2.860353}}
{"target": 0.0, "params": {"n_clusters": 13.654931941846757, "sim_thresh": 0.5359098657353187, "step_size": 59.98784639282661, "window_size": 20.44104453259614}, "datetime": {"datetime": "2020-04-29 12:29:04", "elapsed": 89.568139, "delta": 2.508317}}
{"target": 0.0, "params": {"n_clusters": 16.721230148794838, "sim_thresh": 0.3296550092704166, "step_size": 10.21648020825884, "window_size": 149.41050816286565}, "datetime": {"datetime": "2020-04-29 12:29:07", "elapsed": 92.654888, "delta": 3.086749}}
{"target": 0.0, "params": {"n_clusters": 16.993324876735684, "sim_thresh": 0.43141609007269355, "step_size": 58.74035183016308, "window_size": 149.9769053890866}, "datetime": {"datetime": "2020-04-29 12:29:09", "elapsed": 95.064423, "delta": 2.409535}}
{"target": 0.0, "params": {"n_clusters": 17.817557674333095, "sim_thresh": 0.3203700687751764, "step_size": 10.284851673073488, "window_size": 21.060760274726285}, "datetime": {"datetime": "2020-04-29 12:29:12", "elapsed": 97.93076, "delta": 2.866337}}
{"target": 0.0, "params": {"n_clusters": 17.149995461363623, "sim_thresh": 0.4331657592144824, "step_size": 59.99644055229835, "window_size": 149.64784417248242}, "datetime": {"datetime": "2020-04-29 12:29:15", "elapsed": 100.588678, "delta": 2.657918}}
{"target": 0.0, "params": {"n_clusters": 17.74733718090301, "sim_thresh": 0.4599495854919051, "step_size": 44.593855697523665, "window_size": 61.01703203078819}, "datetime": {"datetime": "2020-04-29 12:29:16", "elapsed": 102.157458, "delta": 1.56878}}
{"target": 0.0, "params": {"n_clusters": 16.119005566089502, "sim_thresh": 0.5503877015692118, "step_size": 10.914413867209591, "window_size": 117.51876094284577}, "datetime": {"datetime": "2020-04-29 12:29:18", "elapsed": 103.815052, "delta": 1.657594}}
{"target": 0.2857142857142857, "params": {"n_clusters": 14.75541984734505, "sim_thresh": 0.44184990391908635, "step_size": 59.50687404905703, "window_size": 21.14730819235988}, "datetime": {"datetime": "2020-04-29 12:29:20", "elapsed": 105.881504, "delta": 2.066452}}
{"target": 0.5, "params": {"n_clusters": 15.031783042330163, "sim_thresh": 0.6, "step_size": 55.41086254118924, "window_size": 20.247463088966477}, "datetime": {"datetime": "2020-04-29 12:29:22", "elapsed": 107.605895, "delta": 1.724391}}
{"target": 0.0, "params": {"n_clusters": 12.011885917066074, "sim_thresh": 0.5797338403182959, "step_size": 54.886459691710826, "window_size": 25.18368580005851}, "datetime": {"datetime": "2020-04-29 12:29:24", "elapsed": 109.255483, "delta": 1.649588}}
{"target": 0.0, "params": {"n_clusters": 14.080358868545986, "sim_thresh": 0.30743201254808117, "step_size": 59.966166064472795, "window_size": 93.12244994222934}, "datetime": {"datetime": "2020-04-29 12:29:25", "elapsed": 110.910061, "delta": 1.654578}}
{"target": 0.0, "params": {"n_clusters": 17.92271889672352, "sim_thresh": 0.3942626640194725, "step_size": 57.96799399304202, "window_size": 121.5879318758518}, "datetime": {"datetime": "2020-04-29 12:29:27", "elapsed": 112.700275, "delta": 1.790214}}
{"target": 0.0, "params": {"n_clusters": 12.449332804276862, "sim_thresh": 0.35735970961717006, "step_size": 33.664568165762574, "window_size": 137.16380314666117}, "datetime": {"datetime": "2020-04-29 12:29:29", "elapsed": 114.344877, "delta": 1.644602}}
{"target": 0.0, "params": {"n_clusters": 17.933166533438968, "sim_thresh": 0.5244496963139518, "step_size": 24.02219960322026, "window_size": 122.6063126986935}, "datetime": {"datetime": "2020-04-29 12:29:32", "elapsed": 117.525399, "delta": 3.180522}}
{"target": 0.0, "params": {"n_clusters": 12.619356039465853, "sim_thresh": 0.43436805785277155, "step_size": 55.42977515465478, "window_size": 58.16983928857834}, "datetime": {"datetime": "2020-04-29 12:29:35", "elapsed": 120.52336, "delta": 2.997961}}
{"target": 0.0, "params": {"n_clusters": 17.713162973179276, "sim_thresh": 0.32227672325229284, "step_size": 36.90185859143489, "window_size": 85.24978856226389}, "datetime": {"datetime": "2020-04-29 12:29:38", "elapsed": 123.657987, "delta": 3.134627}}
{"target": 0.0, "params": {"n_clusters": 17.837830443177975, "sim_thresh": 0.3803691869878278, "step_size": 36.47722346602797, "window_size": 42.12897828192477}, "datetime": {"datetime": "2020-04-29 12:29:41", "elapsed": 126.802575, "delta": 3.144588}}
{"target": 0.0, "params": {"n_clusters": 17.44096176681931, "sim_thresh": 0.3896257434772238, "step_size": 58.15348102861787, "window_size": 75.03887338001327}, "datetime": {"datetime": "2020-04-29 12:29:44", "elapsed": 129.904282, "delta": 3.101707}}
{"target": 0.0, "params": {"n_clusters": 12.0, "sim_thresh": 0.3, "step_size": 30.09028387847442, "window_size": 20.0}, "datetime": {"datetime": "2020-04-29 12:29:48", "elapsed": 133.326158, "delta": 3.421876}}
{"target": 0.0, "params": {"n_clusters": 12.892220912245666, "sim_thresh": 0.5724125984991103, "step_size": 48.243809331376646, "window_size": 106.6186703049464}, "datetime": {"datetime": "2020-04-29 12:29:51", "elapsed": 136.549516, "delta": 3.223358}}
{"target": 0.0, "params": {"n_clusters": 17.16134263569176, "sim_thresh": 0.5061334113451504, "step_size": 19.103924520718042, "window_size": 90.68170350308321}, "datetime": {"datetime": "2020-04-29 12:29:54", "elapsed": 139.931475, "delta": 3.381959}}
