{"target": 0.0, "params": {"n_clusters": 14.502132028215444, "sim_thresh": 0.5160973480326474, "step_size": 10.005718740867245, "window_size": 59.30323444213917}, "datetime": {"datetime": "2020-04-29 12:29:57", "elapsed": 0.0, "delta": 0.0}}
{"target": 0.0, "params": {"n_clusters": 12.880535344902679, "sim_thresh": 0.32770157843063935, "step_size": 19.313010568883545, "window_size": 64.9228945155962}, "datetime": {"datetime": "2020-04-29 12:29:59", "elapsed": 2.172191, "delta": 2.172191}}
{"target": 0.0, "params": {"n_clusters": 15.53458736722668, "sim_thresh": 0.541401068802834, "step_size": 59.547153313617095, "window_size": 148.870250475911}, "datetime": {"datetime": "2020-04-29 12:30:01", "elapsed": 4.493984, "delta": 2.321793}}
{"target": 0.0, "params": {"n_clusters": 12.0719020860893, "sim_thresh": 0.47466965387534155, "step_size": 59.85126946516418, "window_size": 20.531232414512715}, "datetime": {"datetime": "2020-04-29 12:30:04", "elapsed": 7.035215, "delta": 2.541231}}
{"target": 0.0, "params": {"n_clusters": 12.43059287374236, "sim_thresh": 0.3046687265730148, "step_size": 10.212253360592651, "window_size": 149.33430123458936}, "datetime": {"datetime": "2020-04-29 12:30:07", "elapsed": 10.065116, "delta": 3.029901}}
{"target": 0.0, "params": {"n_clusters": 16.32650175407602, "sim_thresh": 0.5858291661740382, "step_size": 59.857277604852115, "window_size": 21.25788401100306}, "datetime": {"datetime": "2020-04-29 12:30:09", "elapsed": 12.396859, "delta": 2.331743}}
{"target": 0.0, "params": {"n_clusters": 12.503058759218488, "sim_thresh": 0.3680956660718575, "step_size": 59.13220095328758, "window_size": 149.5897104309692}, "datetime": {"datetime": "2020-04-29 12:30:12", "elapsed": 14.879221, "delta": 2.482362}}
{"target": 0.0, "params": {"n_clusters": 16.827419856672755, "sim_thresh": 0.5752697964566016, "step_size": 10.269338100825278, "window_size": 22.048900879524773}, "datetime": {"datetime": "2020-04-29 12:30:14", "elapsed": 17.514202, "delta": 2.634981}}
{"target": 0.0, "params": {"n_clusters": 14.38060484538402, "sim_thresh": 0.46164502020100706, "step_size": 30.95972572016474, "window_size": 109.07853505157874}, "datetime": {"datetime": "2020-04-29 12:30:17", "elapsed": 20.331646, "delta": 2.817444}}
{"target": 0.0, "params": {"n_clusters": 13.226713498389104, "sim_thresh": 0.5634352309172836, "step_size": 11.369379659896309, "window_size": 107.1607763231923}, "datetime": {"datetime": "2020-04-29 12:30:20", "elapsed": 23.464274, "delta": 3.132628}}
{"target": 0.0, "params": {"n_clusters": 13.055700103049094, "sim_thresh": 0.47240381140423937, "step_size": 59.36540859432826, "window_size": 149.93530526198418}, "datetime": {"datetime": "2020-04-29 12:30:23", "elapsed": 26.364517, "delta": 2.900243}}
{"target": 0.0, "params": {"n_clusters": 13.290992414246983, "sim_thresh": 0.5960225031611037, "step_size": 59.93086813454128, "window_size": 21.098547396069563}, "datetime": {"datetime": "2020-04-29 12:30:26", "elapsed": 29.371477, "delta": 3.00696}}
{"target": 0.0, "params": {"n_clusters": 17.52158506373965, "sim_thresh": 0.49959853598212944, "step_size": 10.964912003958268, "window_size": 149.9399618078952}, "datetime": {"datetime": "2020-04-29 12:30:30", "elapsed": 33.230162, "delta": 3.858685}}
{"target": 0.0, "params": {"n_clusters": 12.79898633952696, "sim_thresh": 0.5036603912416667, "step_size": 10.011399691937319, "window_size": 20.838344269076124}, "datetime": {"datetime": "2020-04-29 12:30:33", "elapsed": 36.606165, "delta": 3.376003}}
{"target": 0.0, "params": {"n_clusters": 17.95102252939298, "sim_thresh": 0.4123233533964975, "step_size": 59.91425741412014, "window_size": 20.391214967052075}, "datetime": {"datetime": "2020-04-29 12:30:36", "elapsed": 39.616092, "delta": 3.009927}}
{"target": 0.0, "params": {"n_clusters": 15.324820866481184, "sim_thresh": 0.4106452870913891, "step_size": 59.578670366828, "window_size": 149.8645809722042}, "datetime": {"datetime": "2020-04-29 12:30:39", "elapsed": 42.652995, "delta": 3.036903}}
{"target": 0.0, "params": {"n_clusters": 14.503828814202762, "sim_thresh": 0.4676069485337255, "step_size": 17.01934692976169, "window_size": 45.75319358103424}, "datetime": {"datetime": "2020-04-29 12:30:43", "elapsed": 45.975092, "delta": 3.322097}}
{"target": 0.0, "params": {"n_clusters": 16.80446741205322, "sim_thresh": 0.5904784727158192, "step_size": 25.671208907962143, "window_size": 110.00194003701083}, "datetime": {"datetime": "2020-04-29 12:30:46", "elapsed": 49.171571, "delta": 3.196479}}
{"target": 0.0, "params": {"n_clusters": 17.787077205301983, "sim_thresh": 0.594596781618334, "step_size": 10.737919627800853, "window_size": 149.56154844422235}, "datetime": {"datetime": "2020-04-29 12:30:50", "elapsed": 53.666528, "delta": 4.494957}}
{"target": 0.0, "params": {"n_clusters": 14.766501673111476, "sim_thresh": 0.40164163199163866, "step_size": 59.68211671611005, "window_size": 21.277282395097373}, "datetime": {"datetime": "2020-04-29 12:30:54", "elapsed": 57.043501, "delta": 3.376973}}
{"target": 0.0, "params": {"n_clusters": 12.192525565975899, "sim_thresh": 0.40208672972290416, "step_size": 10.186430928319764, "window_size": 20.49485373109044}, "datetime": {"datetime": "2020-04-29 12:30:58", "elapsed": 60.874284, "delta": 3.830783}}
{"target": 0.0, "params": {"n_clusters": 12.053986292874898, "sim_thresh": 0.5235618359850187, "step_size": 59.65582578807359, "window_size": 148.83105754774817}, "datetime": {"datetime": "2020-04-29 12:31:01", "elapsed": 64.366922, "delta": 3.492638}}
{"target": 0.0, "params": {"n_clusters": 12.353481551623855, "sim_thresh": 0.5123930738287346, "step_size": 59.933278645555326, "window_size": 20.744018074554212}, "datetime": {"datetime": "2020-04-29 12:31:05", "elapsed": 67.805728, "delta": 3.438806}}
{"target": 0.0, "params": {"n_clusters": 15.665205773631165, "sim_thresh": 0.5769465808854324, "step_size": 10.679703423167178, "window_size": 149.16468532099123}, "datetime": {"datetime": "2020-04-29 12:31:09", "elapsed": 72.029472, "delta": 4.223744}}
{"target": 0.0, "params": {"n_clusters": 17.25833491377623, "sim_thresh": 0.5683819990511542, "step_size": 14.252210568488895, "window_size": 25.077121820274705}, "datetime": {"datetime": "2020-04-29 12:31:11", "elapsed": 74.453956, "delta": 2.424484}}
{"target": 0.0, "params": {"n_clusters": 13.018982517387414, "sim_thresh": 0.5634427510288239, "step_size": 14.917341691652505, "window_size": 74.74399125065679}, "datetime": {"datetime": "2020-04-29 12:31:14", "elapsed": 77.038047, "delta": 2.584091}}
{"target": 0.0, "params": {"n_clusters": 16.822697614051403, "sim_thresh": 0.43608817558828905, "step_size": 59.466328724096016, "window_size": 149.3743424917006}, "datetime": {"datetime": "2020-04-29 12:31:16", "elapsed": 79.673027, "delta": 2.63498}}
{"target": 0.0, "params": {"n_clusters": 13.654931941846757, "sim_thresh": 0.5359098657353187, "step_size": 59.98784639282661, "window_size": 20.44104453259614}, "datetime": {"datetime": "2020-04-29 12:31:19", "elapsed": 82.112481, "delta": 2.439454}}
{"target": 0.0, "params": {"n_clusters": 16.721230148794838, "sim_thresh": 0.3296550092704166, "step_size": 10.21648020825884, "window_size": 149.41050816286565}, "datetime": {"datetime": "2020-04-29 12:31:22", "elapsed": 85.213216, "delta": 3.100735}}
{"target": 0.0, "params": {"n_clusters": 16.993324876735684, "sim_thresh": 0.43141609007269355, "step_size": 58.74035183016308, "window_size": 149.9769053890866}, "datetime": {"datetime": "2020-04-29 12:31:25", "elapsed": 87.786315, "delta": 2.573099}}
{"target": 0.0, "params": {"n_clusters": 17.817557674333095, "sim_thresh": 0.3203700687751764, "step_size": 10.284851673073488, "window_size": 21.060760274726285}, "datetime": {"datetime": "2020-04-29 12:31:27", "elapsed": 90.640682, "delta": 2.854367}}
{"target": 0.0, "params": {"n_clusters": 17.149995461363623, "sim_thresh": 0.4331657592144824, "step_size": 59.99644055229835, "window_size": 149.64784417248242}, "datetime": {"datetime": "2020-04-29 12:31:30", "elapsed": 93.232778, "delta": 2.592096}}
{"target": 0.0, "params": {"n_clusters": 17.74733718090301, "sim_thresh": 0.4599495854919051, "step_size": 44.593855697523665, "window_size": 61.01703203078819}, "datetime": {"datetime": "2020-04-29 12:31:32", "elapsed": 94.912264, "delta": 1.679486}}
{"target": 0.0, "params": {"n_clusters": 16.119005566089502, "sim_thresh": 0.5503877015692118, "step_size": 10.914413867209591, "window_size": 117.51876094284577}, "datetime": {"datetime": "2020-04-29 12:31:33", "elapsed": 96.608728, "delta": 1.696464}}
{"target": 0.2857142857142857, "params": {"n_clusters": 14.75541984734505, "sim_thresh": 0.44184990391908635, "step_size": 59.50687404905703, "window_size": 21.14730819235988}, "datetime": {"datetime": "2020-04-29 12:31:35", "elapsed": 98.552533, "delta": 1.943805}}
{"target": 0.0, "params": {"n_clusters": 15.031783042330163, "sim_thresh": 0.6, "step_size": 55.41086254118924, "window_size": 20.247463088966477}, "datetime": {"datetime": "2020-04-29 12:31:37", "elapsed": 100.246029, "delta": 1.693496}}
{"target": 0.0, "params": {"n_clusters": 13.54594785978837, "sim_thresh": 0.32856103820798777, "step_size": 59.88949613548092, "window_size": 92.15603801939551}, "datetime": {"datetime": "2020-04-29 12:31:39", "elapsed": 101.961418, "delta": 1.715389}}
{"target": 0.0, "params": {"n_clusters": 16.039917105054727, "sim_thresh": 0.43637504311777037, "step_size": 58.53942491078838, "window_size": 120.7715369151803}, "datetime": {"datetime": "2020-04-29 12:31:40", "elapsed": 103.603055, "delta": 1.641637}}
{"target": 0.0, "params": {"n_clusters": 12.965025343833673, "sim_thresh": 0.5315103855187532, "step_size": 35.17325089831138, "window_size": 135.9634788073575}, "datetime": {"datetime": "2020-04-29 12:31:42", "elapsed": 105.33839, "delta": 1.735335}}
{"target": 0.0, "params": {"n_clusters": 17.79609350363731, "sim_thresh": 0.5854618436251913, "step_size": 36.36530573434278, "window_size": 84.82508125688739}, "datetime": {"datetime": "2020-04-29 12:31:44", "elapsed": 107.103695, "delta": 1.765305}}
{"target": 0.0, "params": {"n_clusters": 17.933166533438968, "sim_thresh": 0.5244496963139518, "step_size": 24.02219960322026, "window_size": 122.6063126986935}, "datetime": {"datetime": "2020-04-29 12:31:47", "elapsed": 110.2812, "delta": 3.177505}}
{"target": 0.0, "params": {"n_clusters": 12.619356039465853, "sim_thresh": 0.43436805785277155, "step_size": 55.42977515465478, "window_size": 58.16983928857834}, "datetime": {"datetime": "2020-04-29 12:31:50", "elapsed": 113.270211, "delta": 2.989011}}
{"target": 0.0, "params": {"n_clusters": 17.25624012121387, "sim_thresh": 0.41384849221498227, "step_size": 36.77475252022944, "window_size": 41.583117780727626}, "datetime": {"datetime": "2020-04-29 12:31:53", "elapsed": 116.368925, "delta": 3.098714}}
{"target": 0.0, "params": {"n_clusters": 17.712861943892865, "sim_thresh": 0.4185926842607429, "step_size": 59.518195235385924, "window_size": 75.28902039159918}, "datetime": {"datetime": "2020-04-29 12:31:56", "elapsed": 119.572339, "delta": 3.203414}}
{"target": 0.0, "params": {"n_clusters": 16.325942204958686, "sim_thresh": 0.4639218565526766, "step_size": 47.67753932308827, "window_size": 105.29290576694684}, "datetime": {"datetime": "2020-04-29 12:31:59", "elapsed": 122.708976, "delta": 3.136637}}
{"target": 0.0, "params": {"n_clusters": 16.95185399820639, "sim_thresh": 0.3416984647988773, "step_size": 19.31278194595458, "window_size": 91.63948933880418}, "datetime": {"datetime": "2020-04-29 12:32:03", "elapsed": 126.369191, "delta": 3.660215}}
{"target": 0.0, "params": {"n_clusters": 12.020451837513559, "sim_thresh": 0.48233536486692075, "step_size": 30.16539230572793, "window_size": 21.218374379697813}, "datetime": {"datetime": "2020-04-29 12:32:06", "elapsed": 129.636457, "delta": 3.267266}}
{"target": 0.0, "params": {"n_clusters": 17.178003011396875, "sim_thresh": 0.5607012104234378, "step_size": 41.21877225907846, "window_size": 149.8439567780973}, "datetime": {"datetime": "2020-04-29 12:32:10", "elapsed": 132.952567, "delta": 3.31611}}
