{"target": 0.26666666666666666, "params": {"n_clusters": 13.336176037620593, "sim_thresh": 0.5160973480326474, "step_size": 10.005718740867245, "window_size": 74.41986307373116}, "datetime": {"datetime": "2020-04-29 10:58:31", "elapsed": 0.0, "delta": 0.0}}
{"target": 0.0, "params": {"n_clusters": 10.06175884787297, "sim_thresh": 0.34855828026380886, "step_size": 45.46845170849992, "window_size": 157.65263461848818}, "datetime": {"datetime": "2020-04-29 10:58:34", "elapsed": 2.588108, "delta": 2.588108}}
{"target": 0.0, "params": {"n_clusters": 18.0, "sim_thresh": 0.3, "step_size": 60.0, "window_size": 20.0}, "datetime": {"datetime": "2020-04-29 10:58:36", "elapsed": 4.85901, "delta": 2.270902}}
{"target": 0.26666666666666666, "params": {"n_clusters": 15.783445560353833, "sim_thresh": 0.41809582990182614, "step_size": 10.755820215830166, "window_size": 74.00146786592035}, "datetime": {"datetime": "2020-04-29 10:58:39", "elapsed": 7.207732, "delta": 2.348722}}
{"target": 0.0, "params": {"n_clusters": 18.0, "sim_thresh": 0.3000000000074872, "step_size": 10.0, "window_size": 200.0}, "datetime": {"datetime": "2020-04-29 10:58:41", "elapsed": 9.510632, "delta": 2.3029}}
{"target": 0.0, "params": {"n_clusters": 15.851495523568705, "sim_thresh": 0.4016569248017734, "step_size": 10.012073904655702, "window_size": 21.295995366067977}, "datetime": {"datetime": "2020-04-29 10:58:43", "elapsed": 12.098713, "delta": 2.588081}}
{"target": 0.0, "params": {"n_clusters": 17.57562768136993, "sim_thresh": 0.572923753003125, "step_size": 10.06263107237256, "window_size": 124.44661375895686}, "datetime": {"datetime": "2020-04-29 10:58:46", "elapsed": 14.63797, "delta": 2.539257}}
{"target": 0.0, "params": {"n_clusters": 10.0, "sim_thresh": 0.6, "step_size": 60.0, "window_size": 83.50366287224108}, "datetime": {"datetime": "2020-04-29 10:58:48", "elapsed": 16.994672, "delta": 2.356702}}
{"target": 0.0, "params": {"n_clusters": 11.174047126536905, "sim_thresh": 0.32770157843063935, "step_size": 19.313010568883545, "window_size": 82.2009308677486}, "datetime": {"datetime": "2020-04-29 10:58:51", "elapsed": 19.806155, "delta": 2.811483}}
{"target": 0.16666666666666666, "params": {"n_clusters": 18.0, "sim_thresh": 0.6, "step_size": 60.0, "window_size": 200.0}, "datetime": {"datetime": "2020-04-29 10:58:54", "elapsed": 22.707399, "delta": 2.901244}}
{"target": 0.1111111111111111, "params": {"n_clusters": 18.0, "sim_thresh": 0.6, "step_size": 60.0, "window_size": 129.47859869220818}, "datetime": {"datetime": "2020-04-29 10:58:57", "elapsed": 25.3623, "delta": 2.654901}}
{"target": 0.05555555555555555, "params": {"n_clusters": 10.0, "sim_thresh": 0.6, "step_size": 10.0, "window_size": 50.87099996837455}, "datetime": {"datetime": "2020-04-29 10:59:00", "elapsed": 28.397187, "delta": 3.034887}}
{"target": 0.05555555555555555, "params": {"n_clusters": 18.0, "sim_thresh": 0.6, "step_size": 60.0, "window_size": 170.4660439993603}, "datetime": {"datetime": "2020-04-29 10:59:03", "elapsed": 31.49892, "delta": 3.101733}}
{"target": 0.05555555555555555, "params": {"n_clusters": 10.0, "sim_thresh": 0.6, "step_size": 39.01424039556095, "window_size": 200.0}, "datetime": {"datetime": "2020-04-29 10:59:06", "elapsed": 34.719287, "delta": 3.220367}}
{"target": 0.1111111111111111, "params": {"n_clusters": 18.0, "sim_thresh": 0.6, "step_size": 10.0, "window_size": 165.69866935494213}, "datetime": {"datetime": "2020-04-29 10:59:09", "elapsed": 37.583629, "delta": 2.864342}}
{"target": 0.0, "params": {"n_clusters": 18.0, "sim_thresh": 0.6, "step_size": 60.0, "window_size": 53.58900312957687}, "datetime": {"datetime": "2020-04-29 10:59:12", "elapsed": 40.373171, "delta": 2.789542}}
{"target": 0.1111111111111111, "params": {"n_clusters": 13.17413979384536, "sim_thresh": 0.46164502020100706, "step_size": 30.95972572016474, "window_size": 143.33951007141673}, "datetime": {"datetime": "2020-04-29 10:59:15", "elapsed": 43.542723, "delta": 3.169552}}
{"target": 0.0, "params": {"n_clusters": 18.0, "sim_thresh": 0.3, "step_size": 33.03490389836302, "window_size": 179.24733692233667}, "datetime": {"datetime": "2020-04-29 10:59:18", "elapsed": 46.932636, "delta": 3.389913}}
{"target": 0.0, "params": {"n_clusters": 10.115798683625794, "sim_thresh": 0.504169023057675, "step_size": 10.20299863822672, "window_size": 147.55099574742323}, "datetime": {"datetime": "2020-04-29 10:59:22", "elapsed": 50.637731, "delta": 3.705095}}
{"target": 0.1111111111111111, "params": {"n_clusters": 17.985671309837212, "sim_thresh": 0.4366000585211367, "step_size": 10.44464355772491, "window_size": 82.26063383805277}, "datetime": {"datetime": "2020-04-29 10:59:26", "elapsed": 54.366762, "delta": 3.729031}}
{"target": 0.0, "params": {"n_clusters": 18.0, "sim_thresh": 0.6, "step_size": 34.76120473576881, "window_size": 20.0}, "datetime": {"datetime": "2020-04-29 10:59:30", "elapsed": 58.153637, "delta": 3.786875}}
{"target": 0.0, "params": {"n_clusters": 10.0, "sim_thresh": 0.3, "step_size": 60.0, "window_size": 200.0}, "datetime": {"datetime": "2020-04-29 10:59:33", "elapsed": 61.478749, "delta": 3.325112}}
{"target": 0.0, "params": {"n_clusters": 18.0, "sim_thresh": 0.3, "step_size": 10.0, "window_size": 61.880637149882894}, "datetime": {"datetime": "2020-04-29 10:59:36", "elapsed": 64.825801, "delta": 3.347052}}
{"target": 0.0, "params": {"n_clusters": 10.0, "sim_thresh": 0.6, "step_size": 38.649931209985624, "window_size": 47.03098725183124}, "datetime": {"datetime": "2020-04-29 10:59:40", "elapsed": 68.135952, "delta": 3.310151}}
{"target": 0.14285714285714285, "params": {"n_clusters": 11.63561799785214, "sim_thresh": 0.5634352309172836, "step_size": 11.369379659896309, "window_size": 140.6841518321124}, "datetime": {"datetime": "2020-04-29 10:59:42", "elapsed": 70.466719, "delta": 2.330767}}
{"target": 0.0, "params": {"n_clusters": 17.755322105533544, "sim_thresh": 0.321177912237145, "step_size": 59.707546269820035, "window_size": 105.71183935514169}, "datetime": {"datetime": "2020-04-29 10:59:44", "elapsed": 72.971025, "delta": 2.504306}}
{"target": 0.07142857142857142, "params": {"n_clusters": 10.0, "sim_thresh": 0.6, "step_size": 42.01305807607375, "window_size": 122.21026188257143}, "datetime": {"datetime": "2020-04-29 10:59:47", "elapsed": 75.421474, "delta": 2.450449}}
{"target": 0.0, "params": {"n_clusters": 10.0, "sim_thresh": 0.6, "step_size": 60.0, "window_size": 35.20461898983217}, "datetime": {"datetime": "2020-04-29 10:59:49", "elapsed": 77.968679, "delta": 2.547205}}
{"target": 0.07142857142857142, "params": {"n_clusters": 10.766224165000619, "sim_thresh": 0.5535594241702362, "step_size": 59.899242193648064, "window_size": 144.88889470827462}, "datetime": {"datetime": "2020-04-29 10:59:52", "elapsed": 80.693381, "delta": 2.724702}}
{"target": 0.0, "params": {"n_clusters": 10.0, "sim_thresh": 0.6, "step_size": 23.47546964426311, "window_size": 20.0}, "datetime": {"datetime": "2020-04-29 10:59:55", "elapsed": 83.366238, "delta": 2.672857}}
{"target": 0.21428571428571427, "params": {"n_clusters": 18.0, "sim_thresh": 0.6, "step_size": 42.30922143884365, "window_size": 73.45949883804855}, "datetime": {"datetime": "2020-04-29 10:59:57", "elapsed": 85.895504, "delta": 2.529266}}
{"target": 0.0, "params": {"n_clusters": 18.0, "sim_thresh": 0.6, "step_size": 10.0, "window_size": 143.3789617696352}, "datetime": {"datetime": "2020-04-29 11:00:00", "elapsed": 88.633184, "delta": 2.73768}}
{"target": 0.42857142857142855, "params": {"n_clusters": 13.338438418937017, "sim_thresh": 0.4676069485337255, "step_size": 17.01934692976169, "window_size": 55.658268035278184}, "datetime": {"datetime": "2020-04-29 11:00:02", "elapsed": 90.191988, "delta": 1.558804}}
{"target": 0.0, "params": {"n_clusters": 10.0, "sim_thresh": 0.3, "step_size": 26.398124162128468, "window_size": 63.15404453763151}, "datetime": {"datetime": "2020-04-29 11:00:03", "elapsed": 92.054008, "delta": 1.86202}}
{"target": 0.6428571428571429, "params": {"n_clusters": 18.0, "sim_thresh": 0.6, "step_size": 23.60673347025426, "window_size": 41.45236735680028}, "datetime": {"datetime": "2020-04-29 11:00:05", "elapsed": 93.889128, "delta": 1.83512}}
{"target": 0.0, "params": {"n_clusters": 10.0, "sim_thresh": 0.6, "step_size": 10.0, "window_size": 182.87438327625944}, "datetime": {"datetime": "2020-04-29 11:00:08", "elapsed": 96.18397, "delta": 2.294842}}
{"target": 0.42857142857142855, "params": {"n_clusters": 18.0, "sim_thresh": 0.6, "step_size": 26.624261895218982, "window_size": 51.052206059039776}, "datetime": {"datetime": "2020-04-29 11:00:10", "elapsed": 98.264407, "delta": 2.080437}}
{"target": 0.42857142857142855, "params": {"n_clusters": 18.0, "sim_thresh": 0.6, "step_size": 40.59674805456791, "window_size": 95.98676999174072}, "datetime": {"datetime": "2020-04-29 11:00:12", "elapsed": 100.380751, "delta": 2.116344}}
{"target": 0.0, "params": {"n_clusters": 10.0, "sim_thresh": 0.3, "step_size": 22.520959808697263, "window_size": 40.316332233393624}, "datetime": {"datetime": "2020-04-29 11:00:14", "elapsed": 102.239778, "delta": 1.859027}}
{"target": 0.0, "params": {"n_clusters": 18.0, "sim_thresh": 0.3, "step_size": 29.23471093350495, "window_size": 111.11422562826478}, "datetime": {"datetime": "2020-04-29 11:00:15", "elapsed": 104.000075, "delta": 1.760297}}
{"target": 0.07692307692307693, "params": {"n_clusters": 16.405956549404294, "sim_thresh": 0.5904784727158192, "step_size": 25.671208907962143, "window_size": 144.61807082047653}, "datetime": {"datetime": "2020-04-29 11:00:18", "elapsed": 106.986091, "delta": 2.986016}}
{"target": 0.0, "params": {"n_clusters": 18.0, "sim_thresh": 0.6, "step_size": 41.137965821013616, "window_size": 37.377650353841176}, "datetime": {"datetime": "2020-04-29 11:00:22", "elapsed": 110.215461, "delta": 3.22937}}
{"target": 0.15384615384615385, "params": {"n_clusters": 18.0, "sim_thresh": 0.6, "step_size": 15.303055467835781, "window_size": 42.832061056635936}, "datetime": {"datetime": "2020-04-29 11:00:25", "elapsed": 113.91258, "delta": 3.697119}}
{"target": 0.0, "params": {"n_clusters": 10.0, "sim_thresh": 0.6, "step_size": 44.32389654627703, "window_size": 97.42400638756274}, "datetime": {"datetime": "2020-04-29 11:00:28", "elapsed": 117.095066, "delta": 3.182486}}
{"target": 0.07692307692307693, "params": {"n_clusters": 18.0, "sim_thresh": 0.6, "step_size": 46.438233648906795, "window_size": 140.04634202086518}, "datetime": {"datetime": "2020-04-29 11:00:32", "elapsed": 120.272599, "delta": 3.177533}}
{"target": 0.0, "params": {"n_clusters": 18.0, "sim_thresh": 0.3, "step_size": 50.850266541108574, "window_size": 86.58751724734023}, "datetime": {"datetime": "2020-04-29 11:00:35", "elapsed": 123.585715, "delta": 3.313116}}
{"target": 0.0, "params": {"n_clusters": 10.26634179531031, "sim_thresh": 0.3539811919549523, "step_size": 59.411744283486385, "window_size": 66.3325778665876}, "datetime": {"datetime": "2020-04-29 11:00:38", "elapsed": 126.796137, "delta": 3.210422}}
{"target": 0.23076923076923078, "params": {"n_clusters": 18.0, "sim_thresh": 0.6, "step_size": 32.479191362684716, "window_size": 87.4753907898123}, "datetime": {"datetime": "2020-04-29 11:00:41", "elapsed": 129.948703, "delta": 3.152566}}
