{"target": 0.06666666666666667, "params": {"n_clusters": 13.336176037620593, "sim_thresh": 0.7042271454095106, "step_size": 10.005718740867245, "window_size": 74.41986307373116}, "datetime": {"datetime": "2020-04-28 18:16:41", "elapsed": 0.0, "delta": 0.0}}
{"target": 0.2, "params": {"n_clusters": 10.06175884787297, "sim_thresh": 0.31330265394888734, "step_size": 45.46845170849992, "window_size": 157.65263461848818}, "datetime": {"datetime": "2020-04-28 18:16:44", "elapsed": 2.428508, "delta": 2.428508}}
{"target": 0.4, "params": {"n_clusters": 18.0, "sim_thresh": 0.9, "step_size": 10.0, "window_size": 200.0}, "datetime": {"datetime": "2020-04-28 18:16:46", "elapsed": 4.777227, "delta": 2.348719}}
{"target": 0.0, "params": {"n_clusters": 17.91147393279263, "sim_thresh": 0.5820917114811512, "step_size": 12.357938974111956, "window_size": 199.5067932903798}, "datetime": {"datetime": "2020-04-28 18:16:48", "elapsed": 6.935458, "delta": 2.158231}}
{"target": 0.0, "params": {"n_clusters": 16.49750162404791, "sim_thresh": 0.804691496477089, "step_size": 51.75451041202181, "window_size": 134.23188920698522}, "datetime": {"datetime": "2020-04-28 18:16:51", "elapsed": 9.441758, "delta": 2.5063}}
{"target": 0.13333333333333333, "params": {"n_clusters": 10.43301355181873, "sim_thresh": 0.6281744123130023, "step_size": 57.542449669095404, "window_size": 176.27356649494277}, "datetime": {"datetime": "2020-04-28 18:16:53", "elapsed": 11.716676, "delta": 2.274918}}
{"target": 0.26666666666666666, "params": {"n_clusters": 10.55559877943671, "sim_thresh": 0.20156680866987745, "step_size": 23.06434490180456, "window_size": 156.80303634504057}, "datetime": {"datetime": "2020-04-28 18:16:55", "elapsed": 14.260876, "delta": 2.5442}}
{"target": 0.26666666666666666, "params": {"n_clusters": 13.90541443201871, "sim_thresh": 0.21655195435225613, "step_size": 10.047825638203658, "window_size": 141.832088572151}, "datetime": {"datetime": "2020-04-28 18:16:58", "elapsed": 16.658465, "delta": 2.397589}}
{"target": 0.0, "params": {"n_clusters": 11.174047126536905, "sim_thresh": 0.26463701633815845, "step_size": 19.313010568883545, "window_size": 82.2009308677486}, "datetime": {"datetime": "2020-04-28 18:17:01", "elapsed": 19.545746, "delta": 2.887281}}
{"target": 0.1111111111111111, "params": {"n_clusters": 18.0, "sim_thresh": 0.9, "step_size": 10.0, "window_size": 119.7507358248097}, "datetime": {"datetime": "2020-04-28 18:17:05", "elapsed": 23.580958, "delta": 4.035212}}
{"target": 0.0, "params": {"n_clusters": 12.80649213165201, "sim_thresh": 0.44181676883623144, "step_size": 59.46194466554659, "window_size": 20.098239850094608}, "datetime": {"datetime": "2020-04-28 18:17:07", "elapsed": 26.321633, "delta": 2.740675}}
{"target": 0.1111111111111111, "params": {"n_clusters": 17.725051682401254, "sim_thresh": 0.7851084296507984, "step_size": 10.141892153384116, "window_size": 170.65482625011094}, "datetime": {"datetime": "2020-04-28 18:17:11", "elapsed": 29.645745, "delta": 3.324112}}
{"target": 0.0, "params": {"n_clusters": 10.934299701894563, "sim_thresh": 0.7052664284646097, "step_size": 10.143911190313394, "window_size": 20.627883456814434}, "datetime": {"datetime": "2020-04-28 18:17:14", "elapsed": 32.588879, "delta": 2.943134}}
{"target": 0.1111111111111111, "params": {"n_clusters": 10.165681170937116, "sim_thresh": 0.8417701954527086, "step_size": 28.90693274653712, "window_size": 136.54117242419954}, "datetime": {"datetime": "2020-04-28 18:17:17", "elapsed": 35.649696, "delta": 3.060817}}
{"target": 0.0, "params": {"n_clusters": 18.0, "sim_thresh": 0.9, "step_size": 60.0, "window_size": 66.9564882317193}, "datetime": {"datetime": "2020-04-28 18:17:20", "elapsed": 38.542959, "delta": 2.893263}}
{"target": 0.0, "params": {"n_clusters": 10.0, "sim_thresh": 0.2, "step_size": 60.0, "window_size": 101.03990777795028}, "datetime": {"datetime": "2020-04-28 18:17:23", "elapsed": 42.180236, "delta": 3.637277}}
{"target": 0.05555555555555555, "params": {"n_clusters": 13.17413979384536, "sim_thresh": 0.5771717138023498, "step_size": 30.95972572016474, "window_size": 143.33951007141673}, "datetime": {"datetime": "2020-04-28 18:17:27", "elapsed": 46.007009, "delta": 3.826773}}
{"target": 0.0, "params": {"n_clusters": 18.0, "sim_thresh": 0.2, "step_size": 31.15803720255118, "window_size": 46.40629247061115}, "datetime": {"datetime": "2020-04-28 18:17:31", "elapsed": 49.461772, "delta": 3.454763}}
