{"target": 0.3333333333333333, "params": {"n_clusters": 15.08511002351287, "sim_thresh": 0.6881297973768632, "step_size": 10.005718740867245, "window_size": 88.37321162109436}, "datetime": {"datetime": "2020-04-28 17:05:37", "elapsed": 0.0, "delta": 0.0}}
{"target": 0.4, "params": {"n_clusters": 13.733779454085566, "sim_thresh": 0.43693543790751915, "step_size": 19.313010568883545, "window_size": 95.28971632688764}, "datetime": {"datetime": "2020-04-28 17:05:40", "elapsed": 2.954104, "delta": 2.954104}}
{"target": 0.0, "params": {"n_clusters": 14.98383737115335, "sim_thresh": 0.6155266936013428, "step_size": 30.95972572016474, "window_size": 149.6351200634815}, "datetime": {"datetime": "2020-04-28 17:05:43", "elapsed": 5.4335, "delta": 2.479396}}
{"target": 0.0, "params": {"n_clusters": 13.0, "sim_thresh": 0.4, "step_size": 60.0, "window_size": 40.0}, "datetime": {"datetime": "2020-04-28 17:05:45", "elapsed": 8.116306, "delta": 2.682806}}
{"target": 0.0, "params": {"n_clusters": 13.0, "sim_thresh": 0.4, "step_size": 60.0, "window_size": 200.0}, "datetime": {"datetime": "2020-04-28 17:05:48", "elapsed": 10.872933, "delta": 2.756627}}
{"target": 0.3333333333333333, "params": {"n_clusters": 13.661552437210915, "sim_thresh": 0.6281950316203926, "step_size": 17.095203776234122, "window_size": 95.61240242038599}, "datetime": {"datetime": "2020-04-28 17:05:50", "elapsed": 13.292464, "delta": 2.419531}}
{"target": 0.3333333333333333, "params": {"n_clusters": 18.0, "sim_thresh": 0.4, "step_size": 60.0, "window_size": 103.53251277867018}, "datetime": {"datetime": "2020-04-28 17:05:53", "elapsed": 15.65814, "delta": 2.365676}}
{"target": 0.0, "params": {"n_clusters": 18.0, "sim_thresh": 0.4, "step_size": 10.0, "window_size": 40.0}, "datetime": {"datetime": "2020-04-28 17:05:55", "elapsed": 18.046782, "delta": 2.388642}}
