{"target": 0.4, "params": {"n_clusters": 14.502132028215444, "sim_thresh": 0.5160973480326474, "step_size": 10.005718740867245, "window_size": 59.30323444213917}, "datetime": {"datetime": "2020-04-29 11:00:44", "elapsed": 0.0, "delta": 0.0}}
{"target": 0.0, "params": {"n_clusters": 12.046319135904726, "sim_thresh": 0.34855828026380886, "step_size": 45.46845170849992, "window_size": 119.41579166890813}, "datetime": {"datetime": "2020-04-29 11:00:46", "elapsed": 2.701776, "delta": 2.701776}}
{"target": 0.0, "params": {"n_clusters": 18.0, "sim_thresh": 0.3, "step_size": 60.0, "window_size": 20.0}, "datetime": {"datetime": "2020-04-29 11:00:49", "elapsed": 5.288988, "delta": 2.587212}}
{"target": 0.0, "params": {"n_clusters": 16.534372705306403, "sim_thresh": 0.30123841053591294, "step_size": 10.168757614138343, "window_size": 59.85407890362397}, "datetime": {"datetime": "2020-04-29 11:00:51", "elapsed": 7.624744, "delta": 2.335756}}
{"target": 0.4666666666666667, "params": {"n_clusters": 12.0, "sim_thresh": 0.6, "step_size": 10.0, "window_size": 48.84821763256624}, "datetime": {"datetime": "2020-04-29 11:00:54", "elapsed": 10.106152, "delta": 2.481408}}
{"target": 0.0, "params": {"n_clusters": 12.0, "sim_thresh": 0.6, "step_size": 24.28856286874147, "window_size": 53.9166653936054}, "datetime": {"datetime": "2020-04-29 11:00:56", "elapsed": 12.920987, "delta": 2.814835}}
{"target": 0.5333333333333333, "params": {"n_clusters": 12.0, "sim_thresh": 0.6, "step_size": 10.0, "window_size": 29.95907646768432}, "datetime": {"datetime": "2020-04-29 11:00:59", "elapsed": 15.219816, "delta": 2.298829}}
{"target": 0.0, "params": {"n_clusters": 18.0, "sim_thresh": 0.6, "step_size": 20.54866759096019, "window_size": 20.0}, "datetime": {"datetime": "2020-04-29 11:01:01", "elapsed": 17.927578, "delta": 2.707762}}
{"target": 0.0, "params": {"n_clusters": 12.880535344902679, "sim_thresh": 0.32770157843063935, "step_size": 19.313010568883545, "window_size": 64.9228945155962}, "datetime": {"datetime": "2020-04-29 11:01:05", "elapsed": 21.410267, "delta": 3.482689}}
{"target": 0.1111111111111111, "params": {"n_clusters": 18.0, "sim_thresh": 0.6, "step_size": 10.0, "window_size": 150.0}, "datetime": {"datetime": "2020-04-29 11:01:09", "elapsed": 25.099404, "delta": 3.689137}}
{"target": 0.0, "params": {"n_clusters": 18.0, "sim_thresh": 0.6, "step_size": 60.0, "window_size": 80.31382870438412}, "datetime": {"datetime": "2020-04-29 11:01:12", "elapsed": 28.136286, "delta": 3.036882}}
{"target": 0.16666666666666666, "params": {"n_clusters": 12.0, "sim_thresh": 0.6, "step_size": 10.0, "window_size": 109.61154788742152}, "datetime": {"datetime": "2020-04-29 11:01:16", "elapsed": 32.086545, "delta": 3.950259}}
{"target": 0.0, "params": {"n_clusters": 18.0, "sim_thresh": 0.6, "step_size": 60.0, "window_size": 150.0}, "datetime": {"datetime": "2020-04-29 11:01:19", "elapsed": 35.023693, "delta": 2.937148}}
{"target": 0.0, "params": {"n_clusters": 12.0, "sim_thresh": 0.6, "step_size": 60.0, "window_size": 49.96231242959209}, "datetime": {"datetime": "2020-04-29 11:01:23", "elapsed": 38.961166, "delta": 3.937473}}
{"target": 0.1111111111111111, "params": {"n_clusters": 12.0, "sim_thresh": 0.6, "step_size": 31.418392656042055, "window_size": 93.65938548586983}, "datetime": {"datetime": "2020-04-29 11:01:26", "elapsed": 42.553563, "delta": 3.592397}}
{"target": 0.0, "params": {"n_clusters": 12.0, "sim_thresh": 0.3, "step_size": 33.89012471477472, "window_size": 150.0}, "datetime": {"datetime": "2020-04-29 11:01:29", "elapsed": 45.745032, "delta": 3.191469}}
{"target": 0.1111111111111111, "params": {"n_clusters": 14.38060484538402, "sim_thresh": 0.46164502020100706, "step_size": 30.95972572016474, "window_size": 109.07853505157874}, "datetime": {"datetime": "2020-04-29 11:01:33", "elapsed": 49.015289, "delta": 3.270257}}
{"target": 0.1111111111111111, "params": {"n_clusters": 17.795366156311722, "sim_thresh": 0.3466635300817501, "step_size": 59.77150630757794, "window_size": 106.0209141991787}, "datetime": {"datetime": "2020-04-29 11:01:38", "elapsed": 54.305173, "delta": 5.289884}}
{"target": 0.0, "params": {"n_clusters": 18.0, "sim_thresh": 0.3, "step_size": 17.132762089896236, "window_size": 129.27354830441308}, "datetime": {"datetime": "2020-04-29 11:01:41", "elapsed": 57.480656, "delta": 3.175483}}
{"target": 0.16666666666666666, "params": {"n_clusters": 12.0, "sim_thresh": 0.6, "step_size": 10.0, "window_size": 86.2211154535778}, "datetime": {"datetime": "2020-04-29 11:01:44", "elapsed": 60.734956, "delta": 3.2543}}
{"target": 0.0, "params": {"n_clusters": 12.0, "sim_thresh": 0.6, "step_size": 40.3978523669741, "window_size": 31.90423366911537}, "datetime": {"datetime": "2020-04-29 11:01:47", "elapsed": 63.705018, "delta": 2.970062}}
{"target": 0.16666666666666666, "params": {"n_clusters": 18.0, "sim_thresh": 0.6, "step_size": 60.0, "window_size": 129.24377535020938}, "datetime": {"datetime": "2020-04-29 11:01:51", "elapsed": 66.977294, "delta": 3.272276}}
{"target": 0.0, "params": {"n_clusters": 12.0, "sim_thresh": 0.6, "step_size": 45.05426331982579, "window_size": 68.37002183081738}, "datetime": {"datetime": "2020-04-29 11:01:54", "elapsed": 70.148793, "delta": 3.171499}}
{"target": 0.0, "params": {"n_clusters": 12.0, "sim_thresh": 0.6, "step_size": 49.44424275786931, "window_size": 93.29060989461169}, "datetime": {"datetime": "2020-04-29 11:01:57", "elapsed": 73.274459, "delta": 3.125666}}
{"target": 0.14285714285714285, "params": {"n_clusters": 13.226713498389104, "sim_thresh": 0.5634352309172836, "step_size": 11.369379659896309, "window_size": 107.1607763231923}, "datetime": {"datetime": "2020-04-29 11:01:59", "elapsed": 75.576281, "delta": 2.301822}}
{"target": 0.21428571428571427, "params": {"n_clusters": 12.0, "sim_thresh": 0.6, "step_size": 10.0, "window_size": 68.09705443815228}, "datetime": {"datetime": "2020-04-29 11:02:02", "elapsed": 78.151397, "delta": 2.575116}}
{"target": 0.0, "params": {"n_clusters": 18.0, "sim_thresh": 0.6, "step_size": 10.0, "window_size": 20.0}, "datetime": {"datetime": "2020-04-29 11:02:04", "elapsed": 80.476183, "delta": 2.324786}}
{"target": 0.21428571428571427, "params": {"n_clusters": 17.87289360941197, "sim_thresh": 0.5897930753327378, "step_size": 42.358674819232135, "window_size": 135.58907189087464}, "datetime": {"datetime": "2020-04-29 11:02:06", "elapsed": 82.923664, "delta": 2.447481}}
{"target": 0.0, "params": {"n_clusters": 12.479189334374459, "sim_thresh": 0.3832811811672169, "step_size": 35.836107481201815, "window_size": 20.27195398561843}, "datetime": {"datetime": "2020-04-29 11:02:09", "elapsed": 85.209529, "delta": 2.285865}}
{"target": 0.0, "params": {"n_clusters": 12.0174838032735, "sim_thresh": 0.30645739375378267, "step_size": 59.631473089508056, "window_size": 34.7763771564569}, "datetime": {"datetime": "2020-04-29 11:02:11", "elapsed": 87.587197, "delta": 2.377668}}
{"target": 0.0, "params": {"n_clusters": 12.0, "sim_thresh": 0.6, "step_size": 21.653128288603497, "window_size": 32.51850560038611}, "datetime": {"datetime": "2020-04-29 11:02:13", "elapsed": 89.91894, "delta": 2.331743}}
{"target": 0.0, "params": {"n_clusters": 12.0, "sim_thresh": 0.3, "step_size": 10.0, "window_size": 137.8791707584389}, "datetime": {"datetime": "2020-04-29 11:02:16", "elapsed": 92.53794, "delta": 2.619}}
{"target": 0.2857142857142857, "params": {"n_clusters": 14.503828814202762, "sim_thresh": 0.4676069485337255, "step_size": 17.01934692976169, "window_size": 45.75319358103424}, "datetime": {"datetime": "2020-04-29 11:02:18", "elapsed": 94.45182, "delta": 1.91388}}
{"target": 0.0, "params": {"n_clusters": 18.0, "sim_thresh": 0.3, "step_size": 46.49933773695145, "window_size": 47.55839051886455}, "datetime": {"datetime": "2020-04-29 11:02:20", "elapsed": 96.435519, "delta": 1.983699}}
{"target": 0.21428571428571427, "params": {"n_clusters": 12.0, "sim_thresh": 0.3, "step_size": 52.89260511159297, "window_size": 139.82103927812693}, "datetime": {"datetime": "2020-04-29 11:02:22", "elapsed": 98.407276, "delta": 1.971757}}
{"target": 0.0, "params": {"n_clusters": 12.0, "sim_thresh": 0.3, "step_size": 30.212515177410587, "window_size": 129.97791359375393}, "datetime": {"datetime": "2020-04-29 11:02:24", "elapsed": 100.163552, "delta": 1.756276}}
{"target": 0.0, "params": {"n_clusters": 18.0, "sim_thresh": 0.6, "step_size": 60.0, "window_size": 63.679043259619505}, "datetime": {"datetime": "2020-04-29 11:02:26", "elapsed": 101.979697, "delta": 1.816145}}
{"target": 0.5, "params": {"n_clusters": 18.0, "sim_thresh": 0.6, "step_size": 10.0, "window_size": 34.75268587802399}, "datetime": {"datetime": "2020-04-29 11:02:27", "elapsed": 103.93048, "delta": 1.950783}}
{"target": 0.21428571428571427, "params": {"n_clusters": 12.0, "sim_thresh": 0.6, "step_size": 60.0, "window_size": 117.51489706252275}, "datetime": {"datetime": "2020-04-29 11:02:29", "elapsed": 105.870308, "delta": 1.939828}}
{"target": 0.0, "params": {"n_clusters": 17.978138665444245, "sim_thresh": 0.5683214272521742, "step_size": 45.172227259452214, "window_size": 149.56709419520396}, "datetime": {"datetime": "2020-04-29 11:02:31", "elapsed": 107.621613, "delta": 1.751305}}
{"target": 0.0, "params": {"n_clusters": 16.80446741205322, "sim_thresh": 0.5904784727158192, "step_size": 25.671208907962143, "window_size": 110.00194003701083}, "datetime": {"datetime": "2020-04-29 11:02:34", "elapsed": 110.836019, "delta": 3.214406}}
{"target": 0.0, "params": {"n_clusters": 18.0, "sim_thresh": 0.6, "step_size": 46.11412436310942, "window_size": 20.0}, "datetime": {"datetime": "2020-04-29 11:02:38", "elapsed": 114.205014, "delta": 3.368995}}
{"target": 0.07692307692307693, "params": {"n_clusters": 12.048340019536992, "sim_thresh": 0.4440384643454458, "step_size": 10.402152845936326, "window_size": 57.05510197346065}, "datetime": {"datetime": "2020-04-29 11:02:41", "elapsed": 117.662771, "delta": 3.457757}}
{"target": 0.38461538461538464, "params": {"n_clusters": 18.0, "sim_thresh": 0.6, "step_size": 31.132531278968287, "window_size": 78.33189016547878}, "datetime": {"datetime": "2020-04-29 11:02:44", "elapsed": 120.826313, "delta": 3.163542}}
{"target": 0.0, "params": {"n_clusters": 18.0, "sim_thresh": 0.6, "step_size": 34.86740364031151, "window_size": 61.424001522179246}, "datetime": {"datetime": "2020-04-29 11:02:48", "elapsed": 124.115542, "delta": 3.289229}}
{"target": 0.0, "params": {"n_clusters": 18.0, "sim_thresh": 0.3, "step_size": 20.772219139163862, "window_size": 88.92833255704228}, "datetime": {"datetime": "2020-04-29 11:02:51", "elapsed": 127.554324, "delta": 3.438782}}
{"target": 0.07692307692307693, "params": {"n_clusters": 17.42084685005456, "sim_thresh": 0.4610965086120006, "step_size": 42.62295266345296, "window_size": 83.29399379584069}, "datetime": {"datetime": "2020-04-29 11:02:55", "elapsed": 131.170656, "delta": 3.616332}}
{"target": 0.07692307692307693, "params": {"n_clusters": 17.539798833427188, "sim_thresh": 0.5732410831747361, "step_size": 43.897420935401925, "window_size": 105.89652325880003}, "datetime": {"datetime": "2020-04-29 11:02:58", "elapsed": 134.480809, "delta": 3.310153}}
