{"target": 0.0, "params": {"alpha": 0.005830196974978962, "n_clusters": 16.321946960652948, "sim_thresh": 0.30003431244520345, "step_size": 25.116628631591986, "window_size": 39.07826580622469}, "datetime": {"datetime": "2020-04-29 12:09:07", "elapsed": 0.0, "delta": 0.0}}
{"target": 0.0, "params": {"alpha": 0.009076706390906792, "n_clusters": 13.117561268266025, "sim_thresh": 0.4036682181129143, "step_size": 29.838373711533496, "window_size": 90.0461754204364}, "datetime": {"datetime": "2020-04-29 12:09:10", "elapsed": 2.159227, "delta": 2.159227}}
{"target": 0.0, "params": {"alpha": 0.01, "n_clusters": 16.933061952090835, "sim_thresh": 0.34507523984673943, "step_size": 59.55724498252233, "window_size": 149.9154093027044}, "datetime": {"datetime": "2020-04-29 12:09:12", "elapsed": 4.355333, "delta": 2.196106}}
{"target": 0.0, "params": {"alpha": 0.01, "n_clusters": 17.012960388431114, "sim_thresh": 0.32773544800626175, "step_size": 59.36127386683838, "window_size": 20.242727439645044}, "datetime": {"datetime": "2020-04-29 12:09:14", "elapsed": 6.453813, "delta": 2.09848}}
{"target": 0.0, "params": {"alpha": 0.01, "n_clusters": 14.652601366158514, "sim_thresh": 0.338937789876486, "step_size": 10.753983583774398, "window_size": 149.43769779137003}, "datetime": {"datetime": "2020-04-29 12:09:16", "elapsed": 8.864393, "delta": 2.41058}}
{"target": 0.0, "params": {"alpha": 0.01, "n_clusters": 16.63874350854773, "sim_thresh": 0.40558485529915594, "step_size": 10.354335147612156, "window_size": 20.45286390510527}, "datetime": {"datetime": "2020-04-29 12:09:19", "elapsed": 11.245005, "delta": 2.380612}}
{"target": 0.0, "params": {"alpha": 0.01, "n_clusters": 12.427169937427157, "sim_thresh": 0.4371654133790748, "step_size": 59.8942262562988, "window_size": 149.52343846315821}, "datetime": {"datetime": "2020-04-29 12:09:21", "elapsed": 13.318489, "delta": 2.073484}}
{"target": 0.0, "params": {"alpha": 0.01, "n_clusters": 12.482777514958103, "sim_thresh": 0.5886560259051188, "step_size": 59.493528797534566, "window_size": 20.2620289518962}, "datetime": {"datetime": "2020-04-29 12:09:23", "elapsed": 15.401915, "delta": 2.083426}}
{"target": 0.0, "params": {"alpha": 0.005808474050481455, "n_clusters": 16.111317002380556, "sim_thresh": 0.36133567491945523, "step_size": 53.90587181954727, "window_size": 23.5603871157304}, "datetime": {"datetime": "2020-04-29 12:09:25", "elapsed": 17.885252, "delta": 2.483337}}
{"target": 0.0, "params": {"alpha": 0.0032959953657261554, "n_clusters": 14.503828814202762, "sim_thresh": 0.4676069485337255, "step_size": 17.01934692976169, "window_size": 45.75319358103424}, "datetime": {"datetime": "2020-04-29 12:09:28", "elapsed": 20.816418, "delta": 2.931166}}
{"target": 0.0, "params": {"alpha": 0.01, "n_clusters": 15.483728018853265, "sim_thresh": 0.493575609405363, "step_size": 10.24171945377996, "window_size": 149.28817021920105}, "datetime": {"datetime": "2020-04-29 12:09:32", "elapsed": 24.195383, "delta": 3.378965}}
{"target": 0.0, "params": {"alpha": 0.01, "n_clusters": 14.951923782772084, "sim_thresh": 0.38158439446859316, "step_size": 59.49341594764735, "window_size": 149.67979194332207}, "datetime": {"datetime": "2020-04-29 12:09:34", "elapsed": 26.737612, "delta": 2.542229}}
{"target": 0.0, "params": {"alpha": 0.01, "n_clusters": 17.56673463378454, "sim_thresh": 0.31030263107136796, "step_size": 10.92727298467105, "window_size": 148.46499934639746}, "datetime": {"datetime": "2020-04-29 12:09:38", "elapsed": 30.322005, "delta": 3.584393}}
{"target": 0.0, "params": {"alpha": 0.01, "n_clusters": 17.089862906754135, "sim_thresh": 0.3858538616502002, "step_size": 10.58492463636023, "window_size": 21.573387660807395}, "datetime": {"datetime": "2020-04-29 12:09:41", "elapsed": 33.838603, "delta": 3.516598}}
{"target": 0.0, "params": {"alpha": 0.01, "n_clusters": 14.793037389037861, "sim_thresh": 0.488635325656845, "step_size": 59.85260630399508, "window_size": 149.93238806325385}, "datetime": {"datetime": "2020-04-29 12:09:44", "elapsed": 37.016862, "delta": 3.178259}}
{"target": 0.0, "params": {"alpha": 0.01, "n_clusters": 13.671460226999788, "sim_thresh": 0.37570315443223273, "step_size": 59.99317301944725, "window_size": 20.17339301081452}, "datetime": {"datetime": "2020-04-29 12:09:47", "elapsed": 39.97649, "delta": 2.959628}}
{"target": 0.0, "params": {"alpha": 0.0019933550578133084, "n_clusters": 17.809569454316385, "sim_thresh": 0.39402725344777284, "step_size": 44.61613078346571, "window_size": 133.93058979848496}, "datetime": {"datetime": "2020-04-29 12:09:51", "elapsed": 43.587398, "delta": 3.610908}}
{"target": 0.0, "params": {"alpha": 0.00105482797162503, "n_clusters": 12.510265268218667, "sim_thresh": 0.3117164349698647, "step_size": 18.491520978228444, "window_size": 134.15852544582373}, "datetime": {"datetime": "2020-04-29 12:09:55", "elapsed": 47.327032, "delta": 3.739634}}
{"target": 0.0, "params": {"alpha": 0.01, "n_clusters": 14.804749062769352, "sim_thresh": 0.534186223625196, "step_size": 10.483664530055544, "window_size": 20.68972526189133}, "datetime": {"datetime": "2020-04-29 12:09:58", "elapsed": 50.8177, "delta": 3.490668}}
{"target": 0.0, "params": {"alpha": 0.01, "n_clusters": 14.072255218131362, "sim_thresh": 0.58065387156059, "step_size": 59.90429981035073, "window_size": 20.346121092475002}, "datetime": {"datetime": "2020-04-29 12:10:01", "elapsed": 53.878541, "delta": 3.060841}}
{"target": 0.0, "params": {"alpha": 0.01, "n_clusters": 12.210756588596105, "sim_thresh": 0.5351267759670414, "step_size": 10.959908607785415, "window_size": 149.67704541958224}, "datetime": {"datetime": "2020-04-29 12:10:05", "elapsed": 57.914726, "delta": 4.036185}}
{"target": 0.0, "params": {"alpha": 0.01, "n_clusters": 12.833056225154015, "sim_thresh": 0.5065729429835083, "step_size": 10.47553400408183, "window_size": 20.190795688580483}, "datetime": {"datetime": "2020-04-29 12:10:09", "elapsed": 61.474234, "delta": 3.559508}}
{"target": 0.0, "params": {"alpha": 0.01, "n_clusters": 17.92931428644563, "sim_thresh": 0.4716503916359484, "step_size": 59.94426737284335, "window_size": 148.4472628501788}, "datetime": {"datetime": "2020-04-29 12:10:12", "elapsed": 64.579907, "delta": 3.105673}}
{"target": 0.0, "params": {"alpha": 0.01, "n_clusters": 16.302695616158537, "sim_thresh": 0.32287746540941215, "step_size": 59.821965923344145, "window_size": 20.288520320723645}, "datetime": {"datetime": "2020-04-29 12:10:15", "elapsed": 67.584899, "delta": 3.004992}}
{"target": 0.0, "params": {"alpha": 0.009016630008503333, "n_clusters": 14.526645750030312, "sim_thresh": 0.5873668590451506, "step_size": 36.65826424865085, "window_size": 109.94402481356154}, "datetime": {"datetime": "2020-04-29 12:10:17", "elapsed": 69.94459, "delta": 2.359691}}
{"target": 0.0, "params": {"alpha": 0.006845159205570377, "n_clusters": 16.119005566089502, "sim_thresh": 0.5503877015692118, "step_size": 10.914413867209591, "window_size": 117.51876094284577}, "datetime": {"datetime": "2020-04-29 12:10:20", "elapsed": 72.586504, "delta": 2.641914}}
{"target": 0.0, "params": {"alpha": 0.01, "n_clusters": 12.456474539158059, "sim_thresh": 0.3024096678401594, "step_size": 10.004093670992884, "window_size": 23.176520557777497}, "datetime": {"datetime": "2020-04-29 12:10:23", "elapsed": 75.134691, "delta": 2.548187}}
{"target": 0.0, "params": {"alpha": 0.01, "n_clusters": 13.038059934918595, "sim_thresh": 0.37481840867640087, "step_size": 59.72274963935539, "window_size": 149.4182180818332}, "datetime": {"datetime": "2020-04-29 12:10:25", "elapsed": 77.418584, "delta": 2.283893}}
{"target": 0.0, "params": {"alpha": 0.01, "n_clusters": 13.79807115944937, "sim_thresh": 0.5113346641508913, "step_size": 10.068834123013522, "window_size": 149.22260239386486}, "datetime": {"datetime": "2020-04-29 12:10:28", "elapsed": 80.410612, "delta": 2.992028}}
{"target": 0.0, "params": {"alpha": 0.01, "n_clusters": 12.254741361262065, "sim_thresh": 0.4456998950749002, "step_size": 59.726563225534704, "window_size": 21.027777211713516}, "datetime": {"datetime": "2020-04-29 12:10:30", "elapsed": 82.544904, "delta": 2.134292}}
{"target": 0.0, "params": {"alpha": 0.01, "n_clusters": 14.584192994011637, "sim_thresh": 0.5813114990089774, "step_size": 10.03950222889334, "window_size": 20.69682430049886}, "datetime": {"datetime": "2020-04-29 12:10:32", "elapsed": 85.009293, "delta": 2.464389}}
{"target": 0.0, "params": {"alpha": 0.01, "n_clusters": 13.321547363638775, "sim_thresh": 0.32050680652207514, "step_size": 59.93138090818182, "window_size": 149.74440200203253}, "datetime": {"datetime": "2020-04-29 12:10:35", "elapsed": 87.247334, "delta": 2.238041}}
{"target": 0.0, "params": {"alpha": 0.00011237797202395816, "n_clusters": 16.488993926279036, "sim_thresh": 0.3841331976193215, "step_size": 49.46396642257442, "window_size": 33.419380855093465}, "datetime": {"datetime": "2020-04-29 12:10:36", "elapsed": 88.816139, "delta": 1.568805}}
{"target": 0.0, "params": {"alpha": 0.005521512631767124, "n_clusters": 17.451573018558573, "sim_thresh": 0.3880842445121038, "step_size": 24.388766929317438, "window_size": 36.9037143753761}, "datetime": {"datetime": "2020-04-29 12:10:38", "elapsed": 90.356996, "delta": 1.540857}}
{"target": 0.0, "params": {"alpha": 0.01, "n_clusters": 12.50066102857422, "sim_thresh": 0.3534020079120114, "step_size": 10.624053051115093, "window_size": 149.9752997459548}, "datetime": {"datetime": "2020-04-29 12:10:40", "elapsed": 92.2629, "delta": 1.905904}}
{"target": 0.0, "params": {"alpha": 0.01, "n_clusters": 16.571885594609363, "sim_thresh": 0.5785396898711056, "step_size": 59.78449562600114, "window_size": 20.44084703328953}, "datetime": {"datetime": "2020-04-29 12:10:41", "elapsed": 93.819739, "delta": 1.556839}}
{"target": 0.0, "params": {"alpha": 0.01, "n_clusters": 17.528523852942506, "sim_thresh": 0.5407938666515313, "step_size": 59.31616623974568, "window_size": 148.97397010367402}, "datetime": {"datetime": "2020-04-29 12:10:43", "elapsed": 95.445417, "delta": 1.625678}}
{"target": 0.0, "params": {"alpha": 0.01, "n_clusters": 15.194456358429285, "sim_thresh": 0.4825180019676176, "step_size": 10.617668304468205, "window_size": 149.4482111957279}, "datetime": {"datetime": "2020-04-29 12:10:45", "elapsed": 97.190752, "delta": 1.745335}}
{"target": 0.0, "params": {"alpha": 0.01, "n_clusters": 17.51392589929097, "sim_thresh": 0.5206727727756861, "step_size": 10.801967960249339, "window_size": 20.70783361400972}, "datetime": {"datetime": "2020-04-29 12:10:46", "elapsed": 99.024848, "delta": 1.834096}}
{"target": 0.0, "params": {"alpha": 0.01, "n_clusters": 12.642684092513818, "sim_thresh": 0.5458515162629987, "step_size": 59.65494894897886, "window_size": 149.50033550330002}, "datetime": {"datetime": "2020-04-29 12:10:48", "elapsed": 100.61956, "delta": 1.594712}}
{"target": 0.0, "params": {"alpha": 0.0098063497882549, "n_clusters": 16.073013197639348, "sim_thresh": 0.3634884348000177, "step_size": 23.27733296861131, "window_size": 83.90451070644397}, "datetime": {"datetime": "2020-04-29 12:10:51", "elapsed": 103.924724, "delta": 3.305164}}
{"target": 0.0, "params": {"alpha": 0.009466427911374314, "n_clusters": 15.444705632952079, "sim_thresh": 0.34401857247174306, "step_size": 39.46527684516421, "window_size": 110.96858680272105}, "datetime": {"datetime": "2020-04-29 12:10:55", "elapsed": 107.162071, "delta": 3.237347}}
{"target": 0.0, "params": {"alpha": 0.01, "n_clusters": 12.146873601096907, "sim_thresh": 0.4038004694952393, "step_size": 59.70416010358663, "window_size": 20.562383415832773}, "datetime": {"datetime": "2020-04-29 12:10:58", "elapsed": 110.130136, "delta": 2.968065}}
{"target": 0.0, "params": {"alpha": 0.01, "n_clusters": 17.60068781579588, "sim_thresh": 0.4323826696999207, "step_size": 10.759574495654224, "window_size": 149.7662618443302}, "datetime": {"datetime": "2020-04-29 12:11:01", "elapsed": 114.100522, "delta": 3.970386}}
{"target": 0.0, "params": {"alpha": 0.01, "n_clusters": 16.582016903846934, "sim_thresh": 0.5347511754050978, "step_size": 10.02021063299838, "window_size": 21.4280865082678}, "datetime": {"datetime": "2020-04-29 12:11:05", "elapsed": 117.614152, "delta": 3.51363}}
{"target": 0.0, "params": {"alpha": 0.01, "n_clusters": 17.17325973331318, "sim_thresh": 0.5318512060627134, "step_size": 59.23084347554699, "window_size": 22.235663092132473}, "datetime": {"datetime": "2020-04-29 12:11:08", "elapsed": 120.883418, "delta": 3.269266}}
{"target": 0.0, "params": {"alpha": 0.01, "n_clusters": 17.80235896877117, "sim_thresh": 0.31052620282150284, "step_size": 59.306192726979035, "window_size": 148.94809367731935}, "datetime": {"datetime": "2020-04-29 12:11:12", "elapsed": 124.414946, "delta": 3.531528}}
{"target": 0.0, "params": {"alpha": 0.01, "n_clusters": 17.565287099735986, "sim_thresh": 0.5408290200183492, "step_size": 10.298377321089221, "window_size": 149.49541719026556}, "datetime": {"datetime": "2020-04-29 12:11:16", "elapsed": 128.706767, "delta": 4.291821}}
